[ns_server:error,2019-07-04T11:53:06.420Z,ns_1@127.0.0.1:query_stats_collector<0.387.0>:rest_utils:get_json_local:63]Request to (n1ql) /admin/stats failed: {error,
                                        {econnrefused,
                                         [{lhttpc_client,send_request,1,
                                           [{file,
                                             "/home/couchbase/jenkins/workspace/couchbase-server-unix/couchdb/src/lhttpc/lhttpc_client.erl"},
                                            {line,220}]},
                                          {lhttpc_client,execute,9,
                                           [{file,
                                             "/home/couchbase/jenkins/workspace/couchbase-server-unix/couchdb/src/lhttpc/lhttpc_client.erl"},
                                            {line,169}]},
                                          {lhttpc_client,request,9,
                                           [{file,
                                             "/home/couchbase/jenkins/workspace/couchbase-server-unix/couchdb/src/lhttpc/lhttpc_client.erl"},
                                            {line,92}]}]}}
[ns_server:error,2019-07-04T11:53:06.481Z,ns_1@127.0.0.1:<0.617.0>:menelaus_pluggable_ui:handle_resp:344]http client error {error,
                      {econnrefused,
                          [{lhttpc_client,send_request,1,
                               [{file,
                                    "/home/couchbase/jenkins/workspace/couchbase-server-unix/couchdb/src/lhttpc/lhttpc_client.erl"},
                                {line,220}]},
                           {lhttpc_client,execute,9,
                               [{file,
                                    "/home/couchbase/jenkins/workspace/couchbase-server-unix/couchdb/src/lhttpc/lhttpc_client.erl"},
                                {line,169}]},
                           {lhttpc_client,request,9,
                               [{file,
                                    "/home/couchbase/jenkins/workspace/couchbase-server-unix/couchdb/src/lhttpc/lhttpc_client.erl"},
                                {line,92}]}]}}

[ns_server:error,2019-07-04T11:53:07.455Z,ns_1@127.0.0.1:query_stats_collector<0.387.0>:rest_utils:get_json_local:63]Request to (n1ql) /admin/stats failed: {error,
                                        {econnrefused,
                                         [{lhttpc_client,send_request,1,
                                           [{file,
                                             "/home/couchbase/jenkins/workspace/couchbase-server-unix/couchdb/src/lhttpc/lhttpc_client.erl"},
                                            {line,220}]},
                                          {lhttpc_client,execute,9,
                                           [{file,
                                             "/home/couchbase/jenkins/workspace/couchbase-server-unix/couchdb/src/lhttpc/lhttpc_client.erl"},
                                            {line,169}]},
                                          {lhttpc_client,request,9,
                                           [{file,
                                             "/home/couchbase/jenkins/workspace/couchbase-server-unix/couchdb/src/lhttpc/lhttpc_client.erl"},
                                            {line,92}]}]}}
[ns_server:error,2019-07-04T11:53:07.557Z,ns_1@127.0.0.1:<0.762.0>:menelaus_pluggable_ui:handle_resp:344]http client error {error,
                      {econnrefused,
                          [{lhttpc_client,send_request,1,
                               [{file,
                                    "/home/couchbase/jenkins/workspace/couchbase-server-unix/couchdb/src/lhttpc/lhttpc_client.erl"},
                                {line,220}]},
                           {lhttpc_client,execute,9,
                               [{file,
                                    "/home/couchbase/jenkins/workspace/couchbase-server-unix/couchdb/src/lhttpc/lhttpc_client.erl"},
                                {line,169}]},
                           {lhttpc_client,request,9,
                               [{file,
                                    "/home/couchbase/jenkins/workspace/couchbase-server-unix/couchdb/src/lhttpc/lhttpc_client.erl"},
                                {line,92}]}]}}

[ns_server:error,2019-07-04T11:53:07.575Z,ns_1@127.0.0.1:<0.762.0>:menelaus_pluggable_ui:handle_resp:344]http client error {error,
                      {econnrefused,
                          [{lhttpc_client,send_request,1,
                               [{file,
                                    "/home/couchbase/jenkins/workspace/couchbase-server-unix/couchdb/src/lhttpc/lhttpc_client.erl"},
                                {line,220}]},
                           {lhttpc_client,execute,9,
                               [{file,
                                    "/home/couchbase/jenkins/workspace/couchbase-server-unix/couchdb/src/lhttpc/lhttpc_client.erl"},
                                {line,169}]},
                           {lhttpc_client,request,9,
                               [{file,
                                    "/home/couchbase/jenkins/workspace/couchbase-server-unix/couchdb/src/lhttpc/lhttpc_client.erl"},
                                {line,92}]}]}}

[ns_server:error,2019-07-04T11:53:07.836Z,ns_1@127.0.0.1:<0.617.0>:menelaus_pluggable_ui:handle_resp:344]http client error {error,
                      {econnrefused,
                          [{lhttpc_client,send_request,1,
                               [{file,
                                    "/home/couchbase/jenkins/workspace/couchbase-server-unix/couchdb/src/lhttpc/lhttpc_client.erl"},
                                {line,220}]},
                           {lhttpc_client,execute,9,
                               [{file,
                                    "/home/couchbase/jenkins/workspace/couchbase-server-unix/couchdb/src/lhttpc/lhttpc_client.erl"},
                                {line,169}]},
                           {lhttpc_client,request,9,
                               [{file,
                                    "/home/couchbase/jenkins/workspace/couchbase-server-unix/couchdb/src/lhttpc/lhttpc_client.erl"},
                                {line,92}]}]}}

[ns_server:error,2019-07-04T11:53:07.839Z,ns_1@127.0.0.1:<0.762.0>:menelaus_pluggable_ui:handle_resp:344]http client error {error,
                      {econnrefused,
                          [{lhttpc_client,send_request,1,
                               [{file,
                                    "/home/couchbase/jenkins/workspace/couchbase-server-unix/couchdb/src/lhttpc/lhttpc_client.erl"},
                                {line,220}]},
                           {lhttpc_client,execute,9,
                               [{file,
                                    "/home/couchbase/jenkins/workspace/couchbase-server-unix/couchdb/src/lhttpc/lhttpc_client.erl"},
                                {line,169}]},
                           {lhttpc_client,request,9,
                               [{file,
                                    "/home/couchbase/jenkins/workspace/couchbase-server-unix/couchdb/src/lhttpc/lhttpc_client.erl"},
                                {line,92}]}]}}

[stats:error,2019-07-04T11:53:25.871Z,ns_1@127.0.0.1:<0.1401.0>:stats_reader:log_bad_responses:233]Some nodes didn't respond: ['ns_1@127.0.0.1']
[stats:error,2019-07-04T11:53:26.104Z,ns_1@127.0.0.1:<0.2183.0>:stats_reader:log_bad_responses:233]Some nodes didn't respond: ['ns_1@127.0.0.1']
[stats:error,2019-07-04T11:53:26.119Z,ns_1@127.0.0.1:<0.2251.0>:stats_reader:log_bad_responses:233]Some nodes didn't respond: ['ns_1@127.0.0.1']
[stats:error,2019-07-04T11:53:26.121Z,ns_1@127.0.0.1:<0.2249.0>:stats_reader:log_bad_responses:233]Some nodes didn't respond: ['ns_1@127.0.0.1']
[ns_server:error,2019-07-04T11:55:59.116Z,ns_1@127.0.0.1:ns_heart<0.272.0>:ns_heart:grab_one_service_status:498]Failed to grab service fts status: {exit,
                                    {noproc,
                                     {gen_server,call,
                                      ['service_agent-fts',get_status,2000]}},
                                    [{gen_server,call,3,
                                      [{file,"gen_server.erl"},{line,188}]},
                                     {ns_heart,grab_one_service_status,1,
                                      [{file,"src/ns_heart.erl"},{line,495}]},
                                     {ns_heart,
                                      '-grab_service_statuses/0-lc$^1/1-1-',1,
                                      [{file,"src/ns_heart.erl"},{line,491}]},
                                     {ns_heart,current_status_slow_inner,0,
                                      [{file,"src/ns_heart.erl"},{line,354}]},
                                     {ns_heart,current_status_slow,1,
                                      [{file,"src/ns_heart.erl"},{line,250}]},
                                     {ns_heart,update_current_status,1,
                                      [{file,"src/ns_heart.erl"},{line,187}]},
                                     {ns_heart,handle_info,2,
                                      [{file,"src/ns_heart.erl"},{line,118}]},
                                     {gen_server,handle_msg,5,
                                      [{file,"gen_server.erl"},{line,604}]}]}
[ns_server:error,2019-07-04T11:55:59.117Z,ns_1@127.0.0.1:ns_heart<0.272.0>:ns_heart:grab_one_service_status:498]Failed to grab service index status: {exit,
                                      {noproc,
                                       {gen_server,call,
                                        ['service_agent-index',get_status,
                                         2000]}},
                                      [{gen_server,call,3,
                                        [{file,"gen_server.erl"},{line,188}]},
                                       {ns_heart,grab_one_service_status,1,
                                        [{file,"src/ns_heart.erl"},
                                         {line,495}]},
                                       {ns_heart,
                                        '-grab_service_statuses/0-lc$^1/1-1-',
                                        1,
                                        [{file,"src/ns_heart.erl"},
                                         {line,491}]},
                                       {ns_heart,
                                        '-grab_service_statuses/0-lc$^1/1-1-',
                                        1,
                                        [{file,"src/ns_heart.erl"},
                                         {line,491}]},
                                       {ns_heart,current_status_slow_inner,0,
                                        [{file,"src/ns_heart.erl"},
                                         {line,354}]},
                                       {ns_heart,current_status_slow,1,
                                        [{file,"src/ns_heart.erl"},
                                         {line,250}]},
                                       {ns_heart,update_current_status,1,
                                        [{file,"src/ns_heart.erl"},
                                         {line,187}]},
                                       {ns_heart,handle_info,2,
                                        [{file,"src/ns_heart.erl"},
                                         {line,118}]}]}
[ns_server:error,2019-07-04T11:55:59.665Z,ns_1@127.0.0.1:service_status_keeper_worker<0.416.0>:rest_utils:get_json_local:63]Request to (indexer) getIndexStatus failed: {error,
                                             {econnrefused,
                                              [{lhttpc_client,send_request,1,
                                                [{file,
                                                  "/home/couchbase/jenkins/workspace/couchbase-server-unix/couchdb/src/lhttpc/lhttpc_client.erl"},
                                                 {line,220}]},
                                               {lhttpc_client,execute,9,
                                                [{file,
                                                  "/home/couchbase/jenkins/workspace/couchbase-server-unix/couchdb/src/lhttpc/lhttpc_client.erl"},
                                                 {line,169}]},
                                               {lhttpc_client,request,9,
                                                [{file,
                                                  "/home/couchbase/jenkins/workspace/couchbase-server-unix/couchdb/src/lhttpc/lhttpc_client.erl"},
                                                 {line,92}]}]}}
[ns_server:error,2019-07-04T11:55:59.666Z,ns_1@127.0.0.1:service_status_keeper-index<0.417.0>:service_status_keeper:handle_cast:119]Service service_index returned incorrect status
[ns_server:error,2019-07-04T11:55:59.682Z,ns_1@127.0.0.1:service_status_keeper_worker<0.416.0>:rest_utils:get_json_local:63]Request to (fts) api/nsstatus failed: {error,
                                       {econnrefused,
                                        [{lhttpc_client,send_request,1,
                                          [{file,
                                            "/home/couchbase/jenkins/workspace/couchbase-server-unix/couchdb/src/lhttpc/lhttpc_client.erl"},
                                           {line,220}]},
                                         {lhttpc_client,execute,9,
                                          [{file,
                                            "/home/couchbase/jenkins/workspace/couchbase-server-unix/couchdb/src/lhttpc/lhttpc_client.erl"},
                                           {line,169}]},
                                         {lhttpc_client,request,9,
                                          [{file,
                                            "/home/couchbase/jenkins/workspace/couchbase-server-unix/couchdb/src/lhttpc/lhttpc_client.erl"},
                                           {line,92}]}]}}
[ns_server:error,2019-07-04T11:55:59.683Z,ns_1@127.0.0.1:service_status_keeper-fts<0.421.0>:service_status_keeper:handle_cast:119]Service service_fts returned incorrect status
[ns_server:error,2019-07-04T11:56:02.311Z,ns_1@127.0.0.1:query_stats_collector<0.402.0>:rest_utils:get_json_local:63]Request to (n1ql) /admin/stats failed: {error,
                                        {econnrefused,
                                         [{lhttpc_client,send_request,1,
                                           [{file,
                                             "/home/couchbase/jenkins/workspace/couchbase-server-unix/couchdb/src/lhttpc/lhttpc_client.erl"},
                                            {line,220}]},
                                          {lhttpc_client,execute,9,
                                           [{file,
                                             "/home/couchbase/jenkins/workspace/couchbase-server-unix/couchdb/src/lhttpc/lhttpc_client.erl"},
                                            {line,169}]},
                                          {lhttpc_client,request,9,
                                           [{file,
                                             "/home/couchbase/jenkins/workspace/couchbase-server-unix/couchdb/src/lhttpc/lhttpc_client.erl"},
                                            {line,92}]}]}}
[ns_server:error,2019-07-04T11:56:03.072Z,ns_1@127.0.0.1:query_stats_collector<0.402.0>:rest_utils:get_json_local:63]Request to (n1ql) /admin/stats failed: {error,
                                        {econnrefused,
                                         [{lhttpc_client,send_request,1,
                                           [{file,
                                             "/home/couchbase/jenkins/workspace/couchbase-server-unix/couchdb/src/lhttpc/lhttpc_client.erl"},
                                            {line,220}]},
                                          {lhttpc_client,execute,9,
                                           [{file,
                                             "/home/couchbase/jenkins/workspace/couchbase-server-unix/couchdb/src/lhttpc/lhttpc_client.erl"},
                                            {line,169}]},
                                          {lhttpc_client,request,9,
                                           [{file,
                                             "/home/couchbase/jenkins/workspace/couchbase-server-unix/couchdb/src/lhttpc/lhttpc_client.erl"},
                                            {line,92}]}]}}
[ns_server:error,2019-07-04T11:56:03.484Z,ns_1@127.0.0.1:<0.318.0>:menelaus_web:loop:143]Server error during processing: ["web request failed",
                                 {path,"/pools/default"},
                                 {method,'GET'},
                                 {type,exit},
                                 {what,
                                  {{{{badmatch,
                                      {error,couldnt_connect_to_memcached}},
                                     [{ns_audit_cfg,notify_memcached,1,
                                       [{file,"src/ns_audit_cfg.erl"},
                                        {line,171}]},
                                      {ns_audit_cfg,handle_info,2,
                                       [{file,"src/ns_audit_cfg.erl"},
                                        {line,145}]},
                                      {gen_server,handle_msg,5,
                                       [{file,"gen_server.erl"},{line,604}]},
                                      {proc_lib,init_p_do_apply,3,
                                       [{file,"proc_lib.erl"},{line,239}]}]},
                                    {gen_server,call,[ns_audit_cfg,get_uid]}},
                                   {gen_server,call,
                                    [<0.303.0>,
                                     #Fun<menelaus_web_cache.2.13672906>,
                                     infinity]}}},
                                 {trace,
                                  [{gen_server,call,3,
                                    [{file,"gen_server.erl"},{line,188}]},
                                   {menelaus_web_pools,handle_pool_info,2,
                                    [{file,"src/menelaus_web_pools.erl"},
                                     {line,92}]},
                                   {request_throttler,do_request,3,
                                    [{file,"src/request_throttler.erl"},
                                     {line,59}]},
                                   {menelaus_web,loop,2,
                                    [{file,"src/menelaus_web.erl"},
                                     {line,121}]},
                                   {mochiweb_http,headers,5,
                                    [{file,
                                      "/home/couchbase/jenkins/workspace/couchbase-server-unix/couchdb/src/mochiweb/mochiweb_http.erl"},
                                     {line,94}]},
                                   {proc_lib,init_p_do_apply,3,
                                    [{file,"proc_lib.erl"},{line,239}]}]}]
[stats:error,2019-07-04T11:56:03.988Z,ns_1@127.0.0.1:<0.475.0>:base_stats_collector:handle_info:109](Collector: stats_collector) Exception in stats collector: {exit,
                                                            {{bad_return_value,
                                                              {stop,
                                                               {error,
                                                                couldnt_connect_to_memcached}}},
                                                             {gen_server,
                                                              call,
                                                              ['ns_memcached-app',
                                                               {stats,<<>>},
                                                               180000]}},
                                                            [{gen_server,
                                                              call,3,
                                                              [{file,
                                                                "gen_server.erl"},
                                                               {line,188}]},
                                                             {ns_memcached,
                                                              do_call,3,
                                                              [{file,
                                                                "src/ns_memcached.erl"},
                                                               {line,1325}]},
                                                             {stats_collector,
                                                              grab_stats,1,
                                                              [{file,
                                                                "src/stats_collector.erl"},
                                                               {line,68}]},
                                                             {base_stats_collector,
                                                              handle_info,2,
                                                              [{file,
                                                                "src/base_stats_collector.erl"},
                                                               {line,89}]},
                                                             {gen_server,
                                                              handle_msg,5,
                                                              [{file,
                                                                "gen_server.erl"},
                                                               {line,604}]},
                                                             {proc_lib,
                                                              init_p_do_apply,
                                                              3,
                                                              [{file,
                                                                "proc_lib.erl"},
                                                               {line,239}]}]}

[stats:error,2019-07-04T11:56:03.990Z,ns_1@127.0.0.1:<0.475.0>:base_stats_collector:handle_info:109](Collector: stats_collector) Exception in stats collector: {exit,
                                                            {noproc,
                                                             {gen_server,
                                                              call,
                                                              ['ns_memcached-app',
                                                               {stats,<<>>},
                                                               180000]}},
                                                            [{gen_server,
                                                              call,3,
                                                              [{file,
                                                                "gen_server.erl"},
                                                               {line,188}]},
                                                             {ns_memcached,
                                                              do_call,3,
                                                              [{file,
                                                                "src/ns_memcached.erl"},
                                                               {line,1325}]},
                                                             {stats_collector,
                                                              grab_stats,1,
                                                              [{file,
                                                                "src/stats_collector.erl"},
                                                               {line,68}]},
                                                             {base_stats_collector,
                                                              handle_info,2,
                                                              [{file,
                                                                "src/base_stats_collector.erl"},
                                                               {line,89}]},
                                                             {gen_server,
                                                              handle_msg,5,
                                                              [{file,
                                                                "gen_server.erl"},
                                                               {line,604}]},
                                                             {proc_lib,
                                                              init_p_do_apply,
                                                              3,
                                                              [{file,
                                                                "proc_lib.erl"},
                                                               {line,239}]}]}

[ns_server:error,2019-07-04T11:56:04.000Z,ns_1@127.0.0.1:compaction_new_daemon<0.446.0>:compaction_new_daemon:log_compactors_exit:1326]Compactor <0.457.0> exited unexpectedly: {{bad_return_value,
                                           {stop,
                                            {error,
                                             couldnt_connect_to_memcached}}},
                                          {gen_server,call,
                                           [{'ns_memcached-app',
                                             'ns_1@127.0.0.1'},
                                            {raw_stats,<<"diskinfo">>,
                                             #Fun<compaction_new_daemon.18.106246998>,
                                             {<<"0">>,<<"0">>}},
                                            180000]}}. Moving to the next bucket.
[ns_server:error,2019-07-04T11:56:04.042Z,ns_1@127.0.0.1:query_stats_collector<0.402.0>:rest_utils:get_json_local:63]Request to (n1ql) /admin/stats failed: {error,
                                        {econnrefused,
                                         [{lhttpc_client,send_request,1,
                                           [{file,
                                             "/home/couchbase/jenkins/workspace/couchbase-server-unix/couchdb/src/lhttpc/lhttpc_client.erl"},
                                            {line,220}]},
                                          {lhttpc_client,execute,9,
                                           [{file,
                                             "/home/couchbase/jenkins/workspace/couchbase-server-unix/couchdb/src/lhttpc/lhttpc_client.erl"},
                                            {line,169}]},
                                          {lhttpc_client,request,9,
                                           [{file,
                                             "/home/couchbase/jenkins/workspace/couchbase-server-unix/couchdb/src/lhttpc/lhttpc_client.erl"},
                                            {line,92}]}]}}
[ns_server:error,2019-07-04T11:56:04.677Z,ns_1@127.0.0.1:service_status_keeper_worker<0.416.0>:rest_utils:get_json_local:63]Request to (indexer) getIndexStatus failed: {error,
                                             {econnrefused,
                                              [{lhttpc_client,send_request,1,
                                                [{file,
                                                  "/home/couchbase/jenkins/workspace/couchbase-server-unix/couchdb/src/lhttpc/lhttpc_client.erl"},
                                                 {line,220}]},
                                               {lhttpc_client,execute,9,
                                                [{file,
                                                  "/home/couchbase/jenkins/workspace/couchbase-server-unix/couchdb/src/lhttpc/lhttpc_client.erl"},
                                                 {line,169}]},
                                               {lhttpc_client,request,9,
                                                [{file,
                                                  "/home/couchbase/jenkins/workspace/couchbase-server-unix/couchdb/src/lhttpc/lhttpc_client.erl"},
                                                 {line,92}]}]}}
[ns_server:error,2019-07-04T11:56:04.677Z,ns_1@127.0.0.1:service_status_keeper-index<0.417.0>:service_status_keeper:handle_cast:119]Service service_index returned incorrect status
[ns_server:error,2019-07-04T11:56:04.697Z,ns_1@127.0.0.1:service_status_keeper_worker<0.416.0>:rest_utils:get_json_local:63]Request to (fts) api/nsstatus failed: {error,
                                       {econnrefused,
                                        [{lhttpc_client,send_request,1,
                                          [{file,
                                            "/home/couchbase/jenkins/workspace/couchbase-server-unix/couchdb/src/lhttpc/lhttpc_client.erl"},
                                           {line,220}]},
                                         {lhttpc_client,execute,9,
                                          [{file,
                                            "/home/couchbase/jenkins/workspace/couchbase-server-unix/couchdb/src/lhttpc/lhttpc_client.erl"},
                                           {line,169}]},
                                         {lhttpc_client,request,9,
                                          [{file,
                                            "/home/couchbase/jenkins/workspace/couchbase-server-unix/couchdb/src/lhttpc/lhttpc_client.erl"},
                                           {line,92}]}]}}
[ns_server:error,2019-07-04T11:56:04.697Z,ns_1@127.0.0.1:service_status_keeper-fts<0.421.0>:service_status_keeper:handle_cast:119]Service service_fts returned incorrect status
[ns_server:error,2019-07-04T11:56:05.044Z,ns_1@127.0.0.1:query_stats_collector<0.402.0>:rest_utils:get_json_local:63]Request to (n1ql) /admin/stats failed: {error,
                                        {econnrefused,
                                         [{lhttpc_client,send_request,1,
                                           [{file,
                                             "/home/couchbase/jenkins/workspace/couchbase-server-unix/couchdb/src/lhttpc/lhttpc_client.erl"},
                                            {line,220}]},
                                          {lhttpc_client,execute,9,
                                           [{file,
                                             "/home/couchbase/jenkins/workspace/couchbase-server-unix/couchdb/src/lhttpc/lhttpc_client.erl"},
                                            {line,169}]},
                                          {lhttpc_client,request,9,
                                           [{file,
                                             "/home/couchbase/jenkins/workspace/couchbase-server-unix/couchdb/src/lhttpc/lhttpc_client.erl"},
                                            {line,92}]}]}}
[ns_server:error,2019-07-04T11:56:06.069Z,ns_1@127.0.0.1:query_stats_collector<0.402.0>:rest_utils:get_json_local:63]Request to (n1ql) /admin/stats failed: {error,
                                        {econnrefused,
                                         [{lhttpc_client,send_request,1,
                                           [{file,
                                             "/home/couchbase/jenkins/workspace/couchbase-server-unix/couchdb/src/lhttpc/lhttpc_client.erl"},
                                            {line,220}]},
                                          {lhttpc_client,execute,9,
                                           [{file,
                                             "/home/couchbase/jenkins/workspace/couchbase-server-unix/couchdb/src/lhttpc/lhttpc_client.erl"},
                                            {line,169}]},
                                          {lhttpc_client,request,9,
                                           [{file,
                                             "/home/couchbase/jenkins/workspace/couchbase-server-unix/couchdb/src/lhttpc/lhttpc_client.erl"},
                                            {line,92}]}]}}
[ns_server:error,2019-07-04T11:56:20.703Z,ns_1@127.0.0.1:<0.1399.0>:janitor_agent:query_states_details:200]Failed to query vbucket states from some nodes:
[{'ns_1@127.0.0.1',timeout}]
[ns_server:error,2019-07-04T11:56:26.145Z,ns_1@127.0.0.1:<0.1668.0>:janitor_agent:query_states_details:200]Failed to query vbucket states from some nodes:
[{'ns_1@127.0.0.1',timeout}]
[ns_server:error,2019-07-04T11:56:36.186Z,ns_1@127.0.0.1:<0.2143.0>:janitor_agent:query_states_details:200]Failed to query vbucket states from some nodes:
[{'ns_1@127.0.0.1',timeout}]
[ns_server:error,2019-07-04T11:56:46.147Z,ns_1@127.0.0.1:<0.2617.0>:janitor_agent:query_states_details:200]Failed to query vbucket states from some nodes:
[{'ns_1@127.0.0.1',timeout}]
[ns_server:error,2019-07-04T11:56:56.155Z,ns_1@127.0.0.1:<0.3100.0>:janitor_agent:query_states_details:200]Failed to query vbucket states from some nodes:
[{'ns_1@127.0.0.1',timeout}]
[ns_server:error,2019-07-04T11:56:59.251Z,ns_1@127.0.0.1:<0.347.0>:service_agent:wait_for_connection_loop:299]No connection with label "index-service_api" after 60000ms. Exiting.
[ns_server:error,2019-07-04T11:56:59.252Z,ns_1@127.0.0.1:service_agent-index<0.346.0>:service_agent:handle_info:231]Linked process <0.347.0> died with reason {no_connection,"index-service_api"}. Terminating
[ns_server:error,2019-07-04T11:56:59.252Z,ns_1@127.0.0.1:service_agent-index<0.346.0>:service_agent:terminate:260]Terminating abnormally
[ns_server:error,2019-07-04T11:57:06.161Z,ns_1@127.0.0.1:<0.3599.0>:janitor_agent:query_states_details:200]Failed to query vbucket states from some nodes:
[{'ns_1@127.0.0.1',warming_up}]
