2019-07-04T11:52:35.378Z INFO GOXDCR.ReplMgr: GOMAXPROCS=2
2019-07-04T11:52:35.426Z INFO GOXDCR.AuditSvc: Created audit service.
2019-07-04T11:52:35.426Z INFO GOXDCR.UILogSvc: Created ui log service.
2019-07-04T11:52:35.429Z INFO GOXDCR.ReplSpecSvc: Cache has been initialized for ReplicationSpecService
2019-07-04T11:52:35.451Z INFO GOXDCR.IntSettSvc: Internal settings not found. Using default values
2019-07-04T11:52:35.456Z INFO GOXDCR.ReplMgr: pollEOF: About to start stdin polling
2019-07-04T11:52:35.466Z INFO GOXDCR.ReplMgr: XDCR internal settings: map[XmemMaxRetryInterval:300 XmemDefaultRespTimeout:1000 ThresholdForThroughSeqnoComputation:100 MaxRetryForLiveUpdatePipeline:5 CapiRetryInterval:500 XmemSelfMonitorInterval:6 BypassSanInCertificateCheck:0 RetryIntervalTargetStats:1000 TimeoutCheckpointBeforeStop:180 TimeoutPartsStop:10 XmemMaxBatchSize:50 KeepAlivePeriod:30 XmemBackoffTimeNewConn:1000 TimeoutPartsStart:30 MaxRetryTargetStats:6 UprFeedBufferSize:1048576 HELOTimeout:120 MaxNumberOfAsyncListeners:4 XmemMaxReadDownTime:60 MaxTopologyStableCountBeforeRestart:30 MaxCheckpointRecordsToRead:5 ReplSpecCheckInterval:15 XmemWriteTimeout:120 AuditWriteTimeout:1 CapiBatchTimeout:180 ThresholdPercentageForEventChanSizeLogging:90 XmemMaxDataChanSize:10485760 TimeoutRuntimeContextStop:5 PercentageOfBytesToSendAsMin:30 XmemMaxRetry:5 MaxWorkersForCheckpointing:5 CapiReadTimeout:60 TimeoutDcpCloseUprStreams:3 CapiDataChanSizeMultiplier:1 RefreshRemoteClusterRefInterval:15 DefaultHttpTimeout:180 ReplicationSpecGCCnt:4 WaitTimeForLiveUpdatePipeline:2000 XmemReadTimeout:120 MemStatsLogInterval:120 StatsLogInterval:30 NumberOfSlotsForBandwidthThrottling:10 MaxCheckpointRecordsToKeep:5 XmemBackoffWaitTime:10 RetryIntervalMetakv:500 TimeoutDcpCloseUprFeed:3 MaxNumOfMetakvRetries:4 ShortHttpTimeout:20 XmemMaxIdleCount:60 WaitTimeBetweenMetadataChangeListeners:1000 CapiWriteTimeout:10 MaxRetryCapiService:5 AuditReadTimeout:1 UprFeedDataChanLength:20000 TimeoutRuntimeContextStart:30 MaxTopologyChangeCountBeforeRestart:30 TopologyChangeCheckInterval:10 CapiMaxRetryBatchUpdateDocs:6 MaxLengthSnapshotHistory:200 XmemMaxRetryNewConn:10]
2019-07-04T11:52:35.466Z INFO GOXDCR.GenericSupervisor: Adding child PipelineMasterSupervisor to supervisor ReplicationManagerSupervisor
2019-07-04T11:52:35.466Z INFO GOXDCR.PipelineMgr: Pipeline Manager is constucted
2019-07-04T11:52:35.466Z INFO GOXDCR.ReplMgr: Replication manager is initialized
2019-07-04T11:52:35.466Z INFO GOXDCR.GenericSupervisor: Starting supervisor PipelineMasterSupervisor.
2019-07-04T11:52:35.466Z INFO GOXDCR.GenericSupervisor: Started supervisor PipelineMasterSupervisor.
2019-07-04T11:52:35.466Z INFO GOXDCR.ReplMgr: Master supervisor has started
2019-07-04T11:52:35.466Z INFO GOXDCR.GenericSupervisor: Starting supervisor ReplicationManagerSupervisor.
2019-07-04T11:52:35.466Z INFO GOXDCR.GenericSupervisor: Started supervisor ReplicationManagerSupervisor.
2019-07-04T11:52:35.466Z INFO GOXDCR.ReplMgr: initReplications succeeded
2019-07-04T11:52:35.466Z INFO GOXDCR.ReplMgr: upgradeRemoteClusterRefs started.
2019-07-04T11:52:35.466Z INFO GOXDCR.ReplMgr: upgradeRemoteClusterRefs exited
2019-07-04T11:52:35.467Z INFO GOXDCR.GlobalSettingChangeListener: Started MetakvChangeListener GlobalSettingChangeListener
2019-07-04T11:52:35.467Z INFO GOXDCR.ReplMgr: checkReplicationStatus started.
2019-07-04T11:52:35.468Z INFO GOXDCR.ReplMgr: logMemStats started.
2019-07-04T11:52:36.467Z INFO GOXDCR.InternalSettingChangeListener: Started MetakvChangeListener InternalSettingsChangeListener
2019-07-04T11:52:37.468Z INFO GOXDCR.RemoteClusterChangeListener: Started MetakvChangeListener RemoteClusterChangeListener
2019-07-04T11:52:38.469Z INFO GOXDCR.ReplicationSpecChangeListener: Started MetakvChangeListener ReplicationSpecChangeListener
2019-07-04T11:52:39.470Z INFO GOXDCR.AdminPort: Constructed adminport
2019-07-04T11:52:39.470Z INFO GOXDCR.ReplMgr: Admin port has been launched
2019-07-04T11:52:39.470Z INFO GOXDCR.GenericSupervisor: Adding child AdminportSupervisor to supervisor ReplicationManagerSupervisor
2019-07-04T11:52:39.470Z INFO GOXDCR.ReplMgr: ReplicationManager is running
2019-07-04T11:52:39.470Z INFO GOXDCR.HttpServer: [xdcr:127.0.0.1:9998] new http server xdcr 127.0.0.1:9998 /
2019-07-04T11:52:39.470Z INFO GOXDCR.AdminPort: http server started 127.0.0.1:9998 !
2019-07-04T11:52:39.470Z INFO GOXDCR.HttpServer: [xdcr:127.0.0.1:9998] starting ...
2019-07-04T11:54:35.331Z INFO GOXDCR.ReplMgr: Mem stats = {"Alloc":2244160,"TotalAlloc":2244160,"Sys":6686968,"Lookups":20,"Mallocs":27844,"Frees":1661,"HeapAlloc":2244160,"HeapSys":3538944,"HeapIdle":778240,"HeapInuse":2760704,"HeapReleased":0,"HeapObjects":26183,"StackInuse":655360,"StackSys":655360,"MSpanInuse":48336,"MSpanSys":49152,"MCacheInuse":2400,"MCacheSys":16384,"BuckHashSys":1443477,"GCSys":202752,"OtherSys":780899,"NextGC":4473924,"LastGC":0,"PauseTotalNs":0,"PauseNs":[0,0,0,0,0,0,0,0,0,0,0,0,0,0,0,0,0,0,0,0,0,0,0,0,0,0,0,0,0,0,0,0,0,0,0,0,0,0,0,0,0,0,0,0,0,0,0,0,0,0,0,0,0,0,0,0,0,0,0,0,0,0,0,0,0,0,0,0,0,0,0,0,0,0,0,0,0,0,0,0,0,0,0,0,0,0,0,0,0,0,0,0,0,0,0,0,0,0,0,0,0,0,0,0,0,0,0,0,0,0,0,0,0,0,0,0,0,0,0,0,0,0,0,0,0,0,0,0,0,0,0,0,0,0,0,0,0,0,0,0,0,0,0,0,0,0,0,0,0,0,0,0,0,0,0,0,0,0,0,0,0,0,0,0,0,0,0,0,0,0,0,0,0,0,0,0,0,0,0,0,0,0,0,0,0,0,0,0,0,0,0,0,0,0,0,0,0,0,0,0,0,0,0,0,0,0,0,0,0,0,0,0,0,0,0,0,0,0,0,0,0,0,0,0,0,0,0,0,0,0,0,0,0,0,0,0,0,0,0,0,0,0,0,0,0,0,0,0,0,0,0,0,0,0,0,0],"PauseEnd":[0,0,0,0,0,0,0,0,0,0,0,0,0,0,0,0,0,0,0,0,0,0,0,0,0,0,0,0,0,0,0,0,0,0,0,0,0,0,0,0,0,0,0,0,0,0,0,0,0,0,0,0,0,0,0,0,0,0,0,0,0,0,0,0,0,0,0,0,0,0,0,0,0,0,0,0,0,0,0,0,0,0,0,0,0,0,0,0,0,0,0,0,0,0,0,0,0,0,0,0,0,0,0,0,0,0,0,0,0,0,0,0,0,0,0,0,0,0,0,0,0,0,0,0,0,0,0,0,0,0,0,0,0,0,0,0,0,0,0,0,0,0,0,0,0,0,0,0,0,0,0,0,0,0,0,0,0,0,0,0,0,0,0,0,0,0,0,0,0,0,0,0,0,0,0,0,0,0,0,0,0,0,0,0,0,0,0,0,0,0,0,0,0,0,0,0,0,0,0,0,0,0,0,0,0,0,0,0,0,0,0,0,0,0,0,0,0,0,0,0,0,0,0,0,0,0,0,0,0,0,0,0,0,0,0,0,0,0,0,0,0,0,0,0,0,0,0,0,0,0,0,0,0,0,0,0],"NumGC":0,"NumForcedGC":0,"GCCPUFraction":0,"EnableGC":true,"DebugGC":false,"BySize":[{"Size":0,"Mallocs":0,"Frees":0},{"Size":8,"Mallocs":598,"Frees":0},{"Size":16,"Mallocs":7075,"Frees":0},{"Size":32,"Mallocs":7178,"Frees":0},{"Size":48,"Mallocs":4454,"Frees":0},{"Size":64,"Mallocs":1301,"Frees":0},{"Size":80,"Mallocs":631,"Frees":0},{"Size":96,"Mallocs":1019,"Frees":0},{"Size":112,"Mallocs":775,"Frees":0},{"Size":128,"Mallocs":466,"Frees":0},{"Size":144,"Mallocs":130,"Frees":0},{"Size":160,"Mallocs":78,"Frees":0},{"Size":176,"Mallocs":259,"Frees":0},{"Size":192,"Mallocs":7,"Frees":0},{"Size":208,"Mallocs":137,"Frees":0},{"Size":224,"Mallocs":226,"Frees":0},{"Size":240,"Mallocs":2,"Frees":0},{"Size":256,"Mallocs":376,"Frees":0},{"Size":288,"Mallocs":113,"Frees":0},{"Size":320,"Mallocs":23,"Frees":0},{"Size":352,"Mallocs":850,"Frees":0},{"Size":384,"Mallocs":3,"Frees":0},{"Size":416,"Mallocs":87,"Frees":0},{"Size":448,"Mallocs":9,"Frees":0},{"Size":480,"Mallocs":4,"Frees":0},{"Size":512,"Mallocs":66,"Frees":0},{"Size":576,"Mallocs":17,"Frees":0},{"Size":640,"Mallocs":26,"Frees":0},{"Size":704,"Mallocs":73,"Frees":0},{"Size":768,"Mallocs":2,"Frees":0},{"Size":896,"Mallocs":12,"Frees":0},{"Size":1024,"Mallocs":14,"Frees":0},{"Size":1152,"Mallocs":15,"Frees":0},{"Size":1280,"Mallocs":12,"Frees":0},{"Size":1408,"Mallocs":52,"Frees":0},{"Size":1536,"Mallocs":2,"Frees":0},{"Size":1792,"Mallocs":7,"Frees":0},{"Size":2048,"Mallocs":20,"Frees":0},{"Size":2304,"Mallocs":9,"Frees":0},{"Size":2688,"Mallocs":7,"Frees":0},{"Size":3072,"Mallocs":0,"Frees":0},{"Size":3200,"Mallocs":1,"Frees":0},{"Size":3456,"Mallocs":5,"Frees":0},{"Size":4096,"Mallocs":24,"Frees":0},{"Size":4864,"Mallocs":6,"Frees":0},{"Size":5376,"Mallocs":1,"Frees":0},{"Size":6144,"Mallocs":4,"Frees":0},{"Size":6528,"Mallocs":0,"Frees":0},{"Size":6784,"Mallocs":1,"Frees":0},{"Size":6912,"Mallocs":0,"Frees":0},{"Size":8192,"Mallocs":4,"Frees":0},{"Size":9472,"Mallocs":0,"Frees":0},{"Size":9728,"Mallocs":0,"Frees":0},{"Size":10240,"Mallocs":0,"Frees":0},{"Size":10880,"Mallocs":0,"Frees":0},{"Size":12288,"Mallocs":0,"Frees":0},{"Size":13568,"Mallocs":0,"Frees":0},{"Size":14336,"Mallocs":0,"Frees":0},{"Size":16384,"Mallocs":0,"Frees":0},{"Size":18432,"Mallocs":0,"Frees":0},{"Size":19072,"Mallocs":0,"Frees":0}]}
2019-07-04T11:56:04.597Z INFO GOXDCR.ReplMgr: GOMAXPROCS=2
2019-07-04T11:56:04.642Z INFO GOXDCR.AuditSvc: Created audit service.
2019-07-04T11:56:04.642Z INFO GOXDCR.UILogSvc: Created ui log service.
2019-07-04T11:56:04.666Z INFO GOXDCR.ReplSpecSvc: Cache has been initialized for ReplicationSpecService
2019-07-04T11:56:04.697Z INFO GOXDCR.IntSettSvc: Internal settings not found. Using default values
2019-07-04T11:56:04.697Z INFO GOXDCR.ReplMgr: pollEOF: About to start stdin polling
2019-07-04T11:56:04.756Z INFO GOXDCR.ReplMgr: XDCR internal settings: map[MaxRetryCapiService:5 CapiWriteTimeout:10 XmemReadTimeout:120 CapiMaxRetryBatchUpdateDocs:6 MaxWorkersForCheckpointing:5 XmemMaxRetry:5 XmemMaxIdleCount:60 StatsLogInterval:30 XmemSelfMonitorInterval:6 ReplSpecCheckInterval:15 AuditWriteTimeout:1 RetryIntervalTargetStats:1000 NumberOfSlotsForBandwidthThrottling:10 MaxNumOfMetakvRetries:4 TimeoutDcpCloseUprFeed:3 ThresholdForThroughSeqnoComputation:100 PercentageOfBytesToSendAsMin:30 XmemMaxReadDownTime:60 MaxRetryTargetStats:6 CapiRetryInterval:500 XmemMaxBatchSize:50 UprFeedBufferSize:1048576 CapiReadTimeout:60 XmemMaxRetryNewConn:10 ShortHttpTimeout:20 TimeoutPartsStart:30 CapiDataChanSizeMultiplier:1 MaxLengthSnapshotHistory:200 XmemDefaultRespTimeout:1000 MaxTopologyStableCountBeforeRestart:30 XmemBackoffTimeNewConn:1000 TimeoutRuntimeContextStop:5 MaxTopologyChangeCountBeforeRestart:30 TopologyChangeCheckInterval:10 DefaultHttpTimeout:180 XmemMaxRetryInterval:300 ThresholdPercentageForEventChanSizeLogging:90 MaxRetryForLiveUpdatePipeline:5 AuditReadTimeout:1 KeepAlivePeriod:30 ReplicationSpecGCCnt:4 TimeoutRuntimeContextStart:30 RetryIntervalMetakv:500 XmemBackoffWaitTime:10 XmemWriteTimeout:120 MaxCheckpointRecordsToKeep:5 XmemMaxDataChanSize:10485760 CapiBatchTimeout:180 HELOTimeout:120 WaitTimeBetweenMetadataChangeListeners:1000 MemStatsLogInterval:120 RefreshRemoteClusterRefInterval:15 TimeoutDcpCloseUprStreams:3 TimeoutPartsStop:10 TimeoutCheckpointBeforeStop:180 MaxCheckpointRecordsToRead:5 WaitTimeForLiveUpdatePipeline:2000 UprFeedDataChanLength:20000 MaxNumberOfAsyncListeners:4 BypassSanInCertificateCheck:0]
2019-07-04T11:56:04.757Z INFO GOXDCR.GenericSupervisor: Adding child PipelineMasterSupervisor to supervisor ReplicationManagerSupervisor
2019-07-04T11:56:04.757Z INFO GOXDCR.PipelineMgr: Pipeline Manager is constucted
2019-07-04T11:56:04.757Z INFO GOXDCR.ReplMgr: Replication manager is initialized
2019-07-04T11:56:04.757Z INFO GOXDCR.GenericSupervisor: Starting supervisor PipelineMasterSupervisor.
2019-07-04T11:56:04.757Z INFO GOXDCR.GenericSupervisor: Started supervisor PipelineMasterSupervisor.
2019-07-04T11:56:04.757Z INFO GOXDCR.ReplMgr: Master supervisor has started
2019-07-04T11:56:04.757Z INFO GOXDCR.GenericSupervisor: Starting supervisor ReplicationManagerSupervisor.
2019-07-04T11:56:04.757Z INFO GOXDCR.GenericSupervisor: Started supervisor ReplicationManagerSupervisor.
2019-07-04T11:56:04.757Z INFO GOXDCR.ReplMgr: initReplications succeeded
2019-07-04T11:56:04.757Z INFO GOXDCR.ReplMgr: upgradeRemoteClusterRefs started.
2019-07-04T11:56:04.757Z INFO GOXDCR.ReplMgr: upgradeRemoteClusterRefs exited
2019-07-04T11:56:04.758Z INFO GOXDCR.GlobalSettingChangeListener: Started MetakvChangeListener GlobalSettingChangeListener
2019-07-04T11:56:04.758Z INFO GOXDCR.ReplMgr: checkReplicationStatus started.
2019-07-04T11:56:04.759Z INFO GOXDCR.ReplMgr: logMemStats started.
2019-07-04T11:56:05.758Z INFO GOXDCR.InternalSettingChangeListener: Started MetakvChangeListener InternalSettingsChangeListener
2019-07-04T11:56:06.760Z INFO GOXDCR.RemoteClusterChangeListener: Started MetakvChangeListener RemoteClusterChangeListener
2019-07-04T11:56:07.761Z INFO GOXDCR.ReplicationSpecChangeListener: Started MetakvChangeListener ReplicationSpecChangeListener
2019-07-04T11:56:08.762Z INFO GOXDCR.AdminPort: Constructed adminport
2019-07-04T11:56:08.762Z INFO GOXDCR.ReplMgr: Admin port has been launched
2019-07-04T11:56:08.762Z INFO GOXDCR.GenericSupervisor: Adding child AdminportSupervisor to supervisor ReplicationManagerSupervisor
2019-07-04T11:56:08.762Z INFO GOXDCR.ReplMgr: ReplicationManager is running
2019-07-04T11:56:08.762Z INFO GOXDCR.HttpServer: [xdcr:127.0.0.1:9998] new http server xdcr 127.0.0.1:9998 /
2019-07-04T11:56:08.762Z INFO GOXDCR.AdminPort: http server started 127.0.0.1:9998 !
2019-07-04T11:56:08.762Z INFO GOXDCR.HttpServer: [xdcr:127.0.0.1:9998] starting ...
2019-07-04T11:58:04.622Z INFO GOXDCR.ReplMgr: Mem stats = {"Alloc":2511936,"TotalAlloc":2511936,"Sys":6686968,"Lookups":20,"Mallocs":31742,"Frees":1892,"HeapAlloc":2511936,"HeapSys":3604480,"HeapIdle":548864,"HeapInuse":3055616,"HeapReleased":0,"HeapObjects":29850,"StackInuse":589824,"StackSys":589824,"MSpanInuse":53352,"MSpanSys":65536,"MCacheInuse":2400,"MCacheSys":16384,"BuckHashSys":1443589,"GCSys":202752,"OtherSys":764403,"NextGC":4473924,"LastGC":0,"PauseTotalNs":0,"PauseNs":[0,0,0,0,0,0,0,0,0,0,0,0,0,0,0,0,0,0,0,0,0,0,0,0,0,0,0,0,0,0,0,0,0,0,0,0,0,0,0,0,0,0,0,0,0,0,0,0,0,0,0,0,0,0,0,0,0,0,0,0,0,0,0,0,0,0,0,0,0,0,0,0,0,0,0,0,0,0,0,0,0,0,0,0,0,0,0,0,0,0,0,0,0,0,0,0,0,0,0,0,0,0,0,0,0,0,0,0,0,0,0,0,0,0,0,0,0,0,0,0,0,0,0,0,0,0,0,0,0,0,0,0,0,0,0,0,0,0,0,0,0,0,0,0,0,0,0,0,0,0,0,0,0,0,0,0,0,0,0,0,0,0,0,0,0,0,0,0,0,0,0,0,0,0,0,0,0,0,0,0,0,0,0,0,0,0,0,0,0,0,0,0,0,0,0,0,0,0,0,0,0,0,0,0,0,0,0,0,0,0,0,0,0,0,0,0,0,0,0,0,0,0,0,0,0,0,0,0,0,0,0,0,0,0,0,0,0,0,0,0,0,0,0,0,0,0,0,0,0,0,0,0,0,0,0,0],"PauseEnd":[0,0,0,0,0,0,0,0,0,0,0,0,0,0,0,0,0,0,0,0,0,0,0,0,0,0,0,0,0,0,0,0,0,0,0,0,0,0,0,0,0,0,0,0,0,0,0,0,0,0,0,0,0,0,0,0,0,0,0,0,0,0,0,0,0,0,0,0,0,0,0,0,0,0,0,0,0,0,0,0,0,0,0,0,0,0,0,0,0,0,0,0,0,0,0,0,0,0,0,0,0,0,0,0,0,0,0,0,0,0,0,0,0,0,0,0,0,0,0,0,0,0,0,0,0,0,0,0,0,0,0,0,0,0,0,0,0,0,0,0,0,0,0,0,0,0,0,0,0,0,0,0,0,0,0,0,0,0,0,0,0,0,0,0,0,0,0,0,0,0,0,0,0,0,0,0,0,0,0,0,0,0,0,0,0,0,0,0,0,0,0,0,0,0,0,0,0,0,0,0,0,0,0,0,0,0,0,0,0,0,0,0,0,0,0,0,0,0,0,0,0,0,0,0,0,0,0,0,0,0,0,0,0,0,0,0,0,0,0,0,0,0,0,0,0,0,0,0,0,0,0,0,0,0,0,0],"NumGC":0,"NumForcedGC":0,"GCCPUFraction":0,"EnableGC":true,"DebugGC":false,"BySize":[{"Size":0,"Mallocs":0,"Frees":0},{"Size":8,"Mallocs":640,"Frees":0},{"Size":16,"Mallocs":8230,"Frees":0},{"Size":32,"Mallocs":7643,"Frees":0},{"Size":48,"Mallocs":5445,"Frees":0},{"Size":64,"Mallocs":1542,"Frees":0},{"Size":80,"Mallocs":687,"Frees":0},{"Size":96,"Mallocs":1163,"Frees":0},{"Size":112,"Mallocs":892,"Frees":0},{"Size":128,"Mallocs":553,"Frees":0},{"Size":144,"Mallocs":134,"Frees":0},{"Size":160,"Mallocs":74,"Frees":0},{"Size":176,"Mallocs":277,"Frees":0},{"Size":192,"Mallocs":7,"Frees":0},{"Size":208,"Mallocs":133,"Frees":0},{"Size":224,"Mallocs":286,"Frees":0},{"Size":240,"Mallocs":2,"Frees":0},{"Size":256,"Mallocs":453,"Frees":0},{"Size":288,"Mallocs":116,"Frees":0},{"Size":320,"Mallocs":18,"Frees":0},{"Size":352,"Mallocs":1043,"Frees":0},{"Size":384,"Mallocs":3,"Frees":0},{"Size":416,"Mallocs":89,"Frees":0},{"Size":448,"Mallocs":9,"Frees":0},{"Size":480,"Mallocs":4,"Frees":0},{"Size":512,"Mallocs":77,"Frees":0},{"Size":576,"Mallocs":17,"Frees":0},{"Size":640,"Mallocs":21,"Frees":0},{"Size":704,"Mallocs":81,"Frees":0},{"Size":768,"Mallocs":2,"Frees":0},{"Size":896,"Mallocs":12,"Frees":0},{"Size":1024,"Mallocs":12,"Frees":0},{"Size":1152,"Mallocs":15,"Frees":0},{"Size":1280,"Mallocs":12,"Frees":0},{"Size":1408,"Mallocs":63,"Frees":0},{"Size":1536,"Mallocs":3,"Frees":0},{"Size":1792,"Mallocs":7,"Frees":0},{"Size":2048,"Mallocs":21,"Frees":0},{"Size":2304,"Mallocs":9,"Frees":0},{"Size":2688,"Mallocs":7,"Frees":0},{"Size":3072,"Mallocs":0,"Frees":0},{"Size":3200,"Mallocs":1,"Frees":0},{"Size":3456,"Mallocs":5,"Frees":0},{"Size":4096,"Mallocs":24,"Frees":0},{"Size":4864,"Mallocs":6,"Frees":0},{"Size":5376,"Mallocs":1,"Frees":0},{"Size":6144,"Mallocs":4,"Frees":0},{"Size":6528,"Mallocs":0,"Frees":0},{"Size":6784,"Mallocs":1,"Frees":0},{"Size":6912,"Mallocs":0,"Frees":0},{"Size":8192,"Mallocs":4,"Frees":0},{"Size":9472,"Mallocs":0,"Frees":0},{"Size":9728,"Mallocs":0,"Frees":0},{"Size":10240,"Mallocs":0,"Frees":0},{"Size":10880,"Mallocs":0,"Frees":0},{"Size":12288,"Mallocs":0,"Frees":0},{"Size":13568,"Mallocs":0,"Frees":0},{"Size":14336,"Mallocs":0,"Frees":0},{"Size":16384,"Mallocs":0,"Frees":0},{"Size":18432,"Mallocs":0,"Frees":0},{"Size":19072,"Mallocs":0,"Frees":0}]}
