_time=2019-07-04T11:53:08.313+00:00 _level=INFO _msg= Initialization of cbauth succeeded  
_time=2019-07-04T11:53:08.317+00:00 _level=INFO _msg=New store created with url http://127.0.0.1:8091 
_time=2019-07-04T11:53:08.318+00:00 _level=INFO _msg=pollEOF: About to start stdin polling 
_time=2019-07-04T11:53:08.321+00:00 _level=INFO _msg=cbq-engine started max-concurrency=2 pipeline-cap=512 request-size-cap=67108864 version=2.0.0-N1QL loglevel=INFO scan-cap=512 timeout=0s datastore=http://127.0.0.1:8091 plus-servicers=32 pipeline-batch=16 request-cap=256 max-index-api=3 servicers=8 n1ql_feat_cntrl=3 
_time=2019-07-04T11:53:08.323+00:00 _level=INFO _msg= Certificates have been refreshed by ns server  
_time=2019-07-04T11:53:08.326+00:00 _level=ERROR _msg=No certificate passed. Secure listener not brought up. 
_time=2019-07-04T11:53:08.326+00:00 _level=INFO _msg=New settings received: {"query.settings.curl_whitelist":{"all_access":false,"allowed_urls":[],"disallowed_urls":[]},"query.settings.tmp_space_dir":"/opt/couchbase/var/lib/couchbase/tmp","query.settings.tmp_space_size":5120}
 
_time=2019-07-04T11:53:08.331+00:00 _level=INFO _msg=Settings notifier from metakv
 
_time=2019-07-04T11:53:08.332+00:00 _level=INFO _msg=New Value for curl whitelist <ud>map[disallowed_urls:[] all_access:false allowed_urls:[]]</ud> 
_time=2019-07-04T11:53:08.350+00:00 _level=INFO _msg=HttpEndpoint: Listen Address=[::]:8093 
2019-07-04T11:53:08.354+00:00 [Info] GSIC - Setting config map[query_tmpspace_dir:/opt/couchbase/var/lib/couchbase/tmp query_tmpspace_limit:5120]
_time=2019-07-04T11:53:08.354+00:00 _level=INFO _msg= Indexer settings have been updated map[query_tmpspace_dir:/opt/couchbase/var/lib/couchbase/tmp query_tmpspace_limit:5120] 
_time=2019-07-04T11:53:45.140+00:00 _level=INFO _msg= keyspace app not found No bucket named app 
_time=2019-07-04T11:53:45.162+00:00 _level=INFO _msg= Retrying bucket app 
_time=2019-07-04T11:53:45.174+00:00 _level=INFO _msg=Created New Bucket app 
2019-07-04T11:53:45.201+00:00 [Info] New settings received: 
{"indexer.settings.compaction.days_of_week":"Sunday,Monday,Tuesday,Wednesday,Thursday,Friday,Saturday","indexer.settings.compaction.interval":"00:00,00:00","indexer.settings.compaction.compaction_mode":"circular","indexer.settings.persisted_snapshot.interval":5000,"indexer.settings.log_level":"info","indexer.settings.compaction.min_frag":30,"indexer.settings.inmemory_snapshot.interval":200,"indexer.settings.max_cpu_percent":0,"indexer.settings.storage_mode":"forestdb","indexer.settings.recovery.max_rollbacks":5,"indexer.settings.memory_quota":365953024,"indexer.settings.compaction.abort_exceed_interval":false}
2019-07-04T11:53:45.242+00:00 [Info] MetadataProvider.SetClusterStatus(): healthy nodes 1 failed node 0 unhealthy node 0 add node 0
2019-07-04T11:53:45.243+00:00 [Info] Refreshing indexer list due to cluster changes or auto-refresh.
2019-07-04T11:53:45.243+00:00 [Info] Refreshed Indexer List: [127.0.0.1:9100]
2019-07-04T11:53:45.243+00:00 [Info] MetadataProvider.WatchMetadata(): indexer 127.0.0.1:9100
2019-07-04T11:53:45.289+00:00 [Info] WatchMetadata(): successfully reach indexer at 127.0.0.1:9100.
2019-07-04T11:53:45.294+00:00 [Info] MetadataProvider: Updating indexer version to 3
2019-07-04T11:53:45.294+00:00 [Info] initialized currmeta 1 force true 
2019-07-04T11:53:45.295+00:00 [Info] [Queryport-connpool:127.0.0.1:9101] started poolsize 5000 overflow 30 low WM 1000 relConn batch size 100 ...
2019-07-04T11:53:45.295+00:00 [Info] [GsiScanClient:"127.0.0.1:9101"] started ...
2019-07-04T11:53:45.299+00:00 [Info] [Queryport-connpool:127.0.0.1:9101] open new connection ...
2019-07-04T11:53:45.312+00:00 [INFO]  Trying with http://127.0.0.1:8091/pools/default/bucketsStreaming/app 
2019-07-04T11:53:45.311+00:00 [Info] GSIC[default/app-1562241225179734300] started ...
2019-07-04T11:53:45.334+00:00 [Info] servicesChangeNotifier: Creating new notifier instance for http://%40cbq-engine-cbauth@127.0.0.1:8091, default
2019-07-04T11:53:45.341+00:00 [Info] send prepare create request to watcher 127.0.0.1:9100
2019-07-04T11:53:45.342+00:00 [Info] serviceChangeNotifier: received ServiceChangeNotification
2019-07-04T11:53:45.343+00:00 [Info] Indexer 127.0.0.1:9100 accept prepare create request. Index (app, users)
2019-07-04T11:53:45.355+00:00 [INFO] Got new configuration for bucket app 
2019-07-04T11:53:45.355+00:00 [Info] serviceChangeNotifier: received PoolChangeNotification
2019-07-04T11:53:45.385+00:00 [Info] Refreshing indexer list due to cluster changes or auto-refresh.
2019-07-04T11:53:45.385+00:00 [Info] Refreshed Indexer List: [127.0.0.1:9100]
2019-07-04T11:53:45.388+00:00 [Info] switched currmeta from 1 -> 1 force true 
2019-07-04T11:53:45.413+00:00 [Info] Refreshing indexer list due to cluster changes or auto-refresh.
2019-07-04T11:53:45.413+00:00 [Info] Refreshed Indexer List: [127.0.0.1:9100]
2019-07-04T11:53:45.429+00:00 [Info] switched currmeta from 1 -> 1 force true 
2019-07-04T11:53:45.440+00:00 [Info] Planner::processCreateToken: There is no create token to process for node 127.0.0.1:8091
2019-07-04T11:53:45.501+00:00 [Info] ************ Indexer Layout *************
2019-07-04T11:53:45.501+00:00 [Info] Score: 0
2019-07-04T11:53:45.501+00:00 [Info] variation: 0
2019-07-04T11:53:45.501+00:00 [Info] ElapsedTime: 2ms
2019-07-04T11:53:45.502+00:00 [Info] ConvergenceTime: 10us
2019-07-04T11:53:45.502+00:00 [Info] Iteration: 0
2019-07-04T11:53:45.502+00:00 [Info] Move: 0
2019-07-04T11:53:45.502+00:00 [Info] ----------------------------------------
2019-07-04T11:53:45.502+00:00 [Info] Indexer Memory Mean 292762419 (279.2M)
2019-07-04T11:53:45.502+00:00 [Info] Indexer Memory Deviation 0 (0) (0.00%)
2019-07-04T11:53:45.502+00:00 [Info] Indexer Memory Utilization 0.8000
2019-07-04T11:53:45.502+00:00 [Info] Indexer CPU Mean 0.0000
2019-07-04T11:53:45.502+00:00 [Info] Indexer CPU Deviation 0.00 (0.00%)
2019-07-04T11:53:45.502+00:00 [Info] Indexer CPU Utilization 0.0000
2019-07-04T11:53:45.502+00:00 [Info] Indexer IO Mean 0.0000
2019-07-04T11:53:45.502+00:00 [Info] Indexer IO Deviation 0.00 (0.00%)
2019-07-04T11:53:45.502+00:00 [Info] Indexer Drain Rate Mean 0.0000
2019-07-04T11:53:45.502+00:00 [Info] Indexer Drain Rate Deviation 0.00 (0.00%)
2019-07-04T11:53:45.502+00:00 [Info] Indexer Scan Rate Mean 0.0000
2019-07-04T11:53:45.502+00:00 [Info] Indexer Scan Rate Deviation 0.00 (0.00%)
2019-07-04T11:53:45.502+00:00 [Info] Indexer Data Size Mean 292762419 (279.2M)
2019-07-04T11:53:45.502+00:00 [Info] Indexer Data Size Deviation 0 (0) (0.00%)
2019-07-04T11:53:45.502+00:00 [Info] Total Index Data (from non-deleted node) 0
2019-07-04T11:53:45.502+00:00 [Info] Index Data Moved (exclude new node) 0 (0.00%)
2019-07-04T11:53:45.502+00:00 [Info] No. Index (from non-deleted node) 0
2019-07-04T11:53:45.502+00:00 [Info] No. Index Moved (exclude new node) 0 (0.00%)
2019-07-04T11:53:45.502+00:00 [Info] ----------------------------------------
2019-07-04T11:53:45.502+00:00 [Info] Number of indexes: 1
2019-07-04T11:53:45.502+00:00 [Info] Number of indexers: 1
2019-07-04T11:53:45.502+00:00 [Info] Avg Index Size: 292762419 (279.2M)
2019-07-04T11:53:45.502+00:00 [Info] Max Index Size: 292762419 (279.2M)
2019-07-04T11:53:45.502+00:00 [Info] Max Indexer Overhead: 0 (0)
2019-07-04T11:53:45.502+00:00 [Info] Avg Index Cpu: 0.0000
2019-07-04T11:53:45.502+00:00 [Info] Max Index Cpu: 0.0000
2019-07-04T11:53:45.502+00:00 [Info] Num Estimation Run: 1
2019-07-04T11:53:45.502+00:00 [Info] ----------------------------------------
2019-07-04T11:53:45.502+00:00 [Info] Memory Quota 365953024 (349M)
2019-07-04T11:53:45.502+00:00 [Info] CPU Quota 2
2019-07-04T11:53:45.502+00:00 [Info] Max Cpu Utilization -1
2019-07-04T11:53:45.502+00:00 [Info] Max Memory Utilization -1
2019-07-04T11:53:45.502+00:00 [Info] ----------------------------------------
2019-07-04T11:53:45.502+00:00 [Info] Total iteration: 0
2019-07-04T11:53:45.502+00:00 [Info] RandomSwap time: 0ns
2019-07-04T11:53:45.503+00:00 [Info] RandomSwap call: 0
2019-07-04T11:53:45.503+00:00 [Info] RandomSwap iteration: 0
2019-07-04T11:53:45.503+00:00 [Info] RandomMove time: 0ns
2019-07-04T11:53:45.503+00:00 [Info] RandomMove call: 0 (empty index 0)
2019-07-04T11:53:45.503+00:00 [Info] ExhaustMove time: 0ns
2019-07-04T11:53:45.503+00:00 [Info] ExhaustMove call: 0
2019-07-04T11:53:45.503+00:00 [Info] ExhaustSwap time: 0ns
2019-07-04T11:53:45.503+00:00 [Info] ExhaustSwap call: 0
2019-07-04T11:53:45.503+00:00 [Info] ----------------------------------------
2019-07-04T11:53:45.503+00:00 [Info] 
2019-07-04T11:53:45.503+00:00 [Info] Indexer serverGroup:Group 1, nodeId:127.0.0.1:8091, nodeUUID:2a8ae539a5cab1af4159b9b57e0098ee, useLiveData:true
2019-07-04T11:53:45.503+00:00 [Info] Indexer total memory:292762419 (279.2M), mem:292762419 (279.2M), overhead:0 (0), data:292762419 (279.2M) cpu:0.0000, io:0 (0), scan:0 drain:0 numIndexes:1
2019-07-04T11:53:45.503+00:00 [Info] Indexer isDeleted:false isNew:false exclude: meetConstraint:true
2019-07-04T11:53:45.503+00:00 [Info] 		------------------------------------------------------------------------------------------------------------------
2019-07-04T11:53:45.503+00:00 [Info] 		Index name:users 0, bucket:app, defnId:8479338376212444691, instId:9980977087141764476, Partition: 0, new/moved:true
2019-07-04T11:53:45.503+00:00 [Info] 		Index total memory:292762419 (279.2M), mem:292762419 (279.2M), overhead:0 (0), data:292762419 (279.2M) cpu:0.0000 io:0 (0) scan:0 drain:0
2019-07-04T11:53:45.503+00:00 [Info] 		Index resident:100% build:0% estimated:true equivCheck:true pendingCreate:false pendingDelete:false
2019-07-04T11:53:45.503+00:00 [Info] ****************************************
2019-07-04T11:53:45.504+00:00 [Info] send commit create request to watcher 127.0.0.1:9100
2019-07-04T11:53:45.630+00:00 [Info] Refreshing indexer list due to cluster changes or auto-refresh.
2019-07-04T11:53:45.630+00:00 [Info] Refreshed Indexer List: [127.0.0.1:9100]
2019-07-04T11:53:45.644+00:00 [Info] switched currmeta from 1 -> 3 force true 
2019-07-04T11:53:45.785+00:00 [Info] Refreshing indexer list due to cluster changes or auto-refresh.
2019-07-04T11:53:45.785+00:00 [Info] Refreshed Indexer List: [127.0.0.1:9100]
2019-07-04T11:53:45.794+00:00 [Info] switched currmeta from 3 -> 5 force true 
2019-07-04T11:53:45.827+00:00 [Info] Refreshing indexer list due to cluster changes or auto-refresh.
2019-07-04T11:53:45.827+00:00 [Info] Refreshed Indexer List: [127.0.0.1:9100]
2019-07-04T11:53:45.830+00:00 [Info] switched currmeta from 5 -> 5 force true 
2019-07-04T11:53:45.927+00:00 [Info] Refreshing indexer list due to cluster changes or auto-refresh.
2019-07-04T11:53:45.927+00:00 [Info] Refreshed Indexer List: [127.0.0.1:9100]
2019-07-04T11:53:45.938+00:00 [Info] switched currmeta from 5 -> 6 force true 
2019-07-04T11:53:49.445+00:00 [Info] serviceChangeNotifier: received PoolChangeNotification
2019-07-04T11:53:49.592+00:00 [Info] Refreshing indexer list due to cluster changes or auto-refresh.
2019-07-04T11:53:49.592+00:00 [Info] Refreshed Indexer List: [127.0.0.1:9100]
2019-07-04T11:53:49.678+00:00 [Info] switched currmeta from 6 -> 6 force true 
2019-07-04T11:53:50.262+00:00 [WARN] Finalizing a bucket with active connections. 
2019-07-04T11:53:50.262+00:00 [WARN] Finalizing a bucket with active connections. 
2019-07-04T11:53:50.263+00:00 [WARN] Finalizing a bucket with active connections. 
2019-07-04T11:53:50.335+00:00 [Info] CreateIndex 8479338376212444691 app/users using:GSI exprType:N1QL whereExpr:<ud>()</ud> secExprs:<ud>([])</ud> desc:[] isPrimary:true scheme:SINGLE  partitionKeys:<ud>([])</ud> with: - elapsed(4.9940243s) err(<nil>)
2019-07-04T11:53:50.335+00:00 [Info] metadata provider version changed 6 -> 7
2019-07-04T11:53:50.335+00:00 [Info] switched currmeta from 6 -> 7 force false 
2019-07-04T11:53:50.504+00:00 [WARN] Finalizing a bucket with active connections. 
2019-07-04T11:53:50.506+00:00 [WARN] Finalizing a bucket with active connections. 
2019-07-04T11:53:50.571+00:00 [Info] Refreshing indexer list due to cluster changes or auto-refresh.
2019-07-04T11:53:50.572+00:00 [Info] Refreshed Indexer List: [127.0.0.1:9100]
2019-07-04T11:53:50.575+00:00 [Info] switched currmeta from 7 -> 7 force true 
2019-07-04T11:53:50.867+00:00 [INFO] Using plain authentication for user <ud>@cbq-engine</ud> 
2019-07-04T11:53:50.876+00:00 [INFO] Using plain authentication for user <ud>@cbq-engine</ud> 
2019-07-04T11:53:51.434+00:00 [Info] Rollback time has changed for index inst 11114069127010685716. New rollback time 1562241225738794100
2019-07-04T11:53:54.419+00:00 [Info] serviceChangeNotifier: received PoolChangeNotification
2019-07-04T11:53:54.536+00:00 [Info] Refreshing indexer list due to cluster changes or auto-refresh.
2019-07-04T11:53:54.536+00:00 [Info] Refreshed Indexer List: [127.0.0.1:9100]
2019-07-04T11:53:54.552+00:00 [Info] switched currmeta from 7 -> 7 force true 
2019-07-04T11:53:54.836+00:00 [WARN] Finalizing a bucket with active connections. 
2019-07-04T11:53:54.854+00:00 [WARN] Finalizing a bucket with active connections. 
2019-07-04T11:53:54.858+00:00 [WARN] Finalizing a bucket with active connections. 
2019-07-04T11:53:54.858+00:00 [WARN] Finalizing a bucket with active connections. 
2019-07-04T11:53:54.858+00:00 [WARN] Finalizing a bucket with active connections. 
2019-07-04T11:53:54.860+00:00 [WARN] Finalizing a bucket with active connections. 
2019-07-04T11:53:54.860+00:00 [WARN] Finalizing a bucket with active connections. 
2019-07-04T11:53:54.860+00:00 [WARN] Finalizing a bucket with active connections. 
2019-07-04T11:53:54.860+00:00 [WARN] Finalizing a bucket with active connections. 
2019-07-04T11:53:54.860+00:00 [WARN] Finalizing a bucket with active connections. 
2019-07-04T11:53:54.861+00:00 [WARN] Finalizing a bucket with active connections. 
2019-07-04T11:53:54.861+00:00 [WARN] Finalizing a bucket with active connections. 
2019-07-04T11:53:54.861+00:00 [WARN] Finalizing a bucket with active connections. 
2019-07-04T11:53:54.861+00:00 [WARN] Finalizing a bucket with active connections. 
2019-07-04T11:53:54.861+00:00 [WARN] Finalizing a bucket with active connections. 
2019-07-04T11:53:54.986+00:00 [WARN] Finalizing a bucket with active connections. 
2019-07-04T11:54:45.228+00:00 [Info] connected with 1 indexers
2019-07-04T11:54:45.229+00:00 [Info] index 8479338376212444691 has replicas [11114069127010685716]: 
2019-07-04T11:54:45.229+00:00 [Info] index 8479338376212444691 has equivalents [8479338376212444691]: 
2019-07-04T11:54:45.229+00:00 [Info] client load stats {"11114069127010685716": 0}
2019-07-04T11:54:45.229+00:00 [Info] client hit stats {"11114069127010685716": 0}
2019-07-04T11:54:45.229+00:00 [Info] client pending item stats {"11114069127010685716": 9223372036854775807}
2019-07-04T11:54:45.229+00:00 [Info] client stats current {"11114069127010685716": true}
2019-07-04T11:54:45.244+00:00 [Info] num concurrent scans {0}
2019-07-04T11:54:45.244+00:00 [Info] average scan response {0 ms}
2019-07-04T11:54:45.368+00:00 [Info] [Queryport-connpool:127.0.0.1:9101] active conns 0, free conns 1
2019-07-04T11:55:11.475+00:00 [WARN] Finalizing a bucket with active connections. 
2019-07-04T11:55:11.475+00:00 [WARN] Finalizing a bucket with active connections. 
2019-07-04T11:55:11.475+00:00 [WARN] Finalizing a bucket with active connections. 
2019-07-04T11:55:11.475+00:00 [WARN] Finalizing a bucket with active connections. 
2019-07-04T11:55:11.475+00:00 [WARN] Finalizing a bucket with active connections. 
2019-07-04T11:55:11.475+00:00 [WARN] Finalizing a bucket with active connections. 
2019-07-04T11:55:11.475+00:00 [WARN] Finalizing a bucket with active connections. 
2019-07-04T11:55:11.478+00:00 [WARN] Finalizing a bucket with active connections. 
2019-07-04T11:55:11.478+00:00 [WARN] Finalizing a bucket with active connections. 
2019-07-04T11:55:11.478+00:00 [WARN] Finalizing a bucket with active connections. 
2019-07-04T11:55:11.478+00:00 [WARN] Finalizing a bucket with active connections. 
2019-07-04T11:55:11.480+00:00 [WARN] Finalizing a bucket with active connections. 
2019-07-04T11:55:11.481+00:00 [WARN] Finalizing a bucket with active connections. 
2019-07-04T11:55:11.481+00:00 [WARN] Finalizing a bucket with active connections. 
2019-07-04T11:55:11.481+00:00 [WARN] Finalizing a bucket with active connections. 
_time=2019-07-04T11:56:03.995+00:00 _level=INFO _msg= Initialization of cbauth succeeded  
_time=2019-07-04T11:56:06.673+00:00 _level=INFO _msg=New store created with url http://127.0.0.1:8091 
_time=2019-07-04T11:56:06.673+00:00 _level=INFO _msg=pollEOF: About to start stdin polling 
_time=2019-07-04T11:56:06.696+00:00 _level=INFO _msg=cbq-engine started plus-servicers=32 scan-cap=512 request-size-cap=67108864 timeout=0s version=2.0.0-N1QL servicers=8 pipeline-batch=16 max-index-api=3 loglevel=INFO pipeline-cap=512 request-cap=256 n1ql_feat_cntrl=3 datastore=http://127.0.0.1:8091 max-concurrency=2 
_time=2019-07-04T11:56:06.700+00:00 _level=INFO _msg=HttpEndpoint: Listen Address=[::]:8093 
_time=2019-07-04T11:56:06.739+00:00 _level=INFO _msg=New settings received: {"query.settings.curl_whitelist":{"all_access":false,"allowed_urls":[],"disallowed_urls":[]},"query.settings.tmp_space_dir":"/opt/couchbase/var/lib/couchbase/tmp","query.settings.tmp_space_size":5120}
 
_time=2019-07-04T11:56:06.748+00:00 _level=INFO _msg= Certificates have been refreshed by ns server  
_time=2019-07-04T11:56:06.759+00:00 _level=ERROR _msg=No certificate passed. Secure listener not brought up. 
_time=2019-07-04T11:56:06.759+00:00 _level=INFO _msg=Settings notifier from metakv
 
_time=2019-07-04T11:56:06.759+00:00 _level=INFO _msg=New Value for curl whitelist <ud>map[all_access:false allowed_urls:[] disallowed_urls:[]]</ud> 
2019-07-04T11:56:06.801+00:00 [Info] GSIC - Setting config map[query_tmpspace_limit:5120 query_tmpspace_dir:/opt/couchbase/var/lib/couchbase/tmp]
_time=2019-07-04T11:56:06.801+00:00 _level=INFO _msg= Indexer settings have been updated map[query_tmpspace_limit:5120 query_tmpspace_dir:/opt/couchbase/var/lib/couchbase/tmp] 
_time=2019-07-04T11:56:11.856+00:00 _level=INFO _msg=Created New Bucket app 
_time=2019-07-04T11:56:11.856+00:00 _level=WARN _msg=Error loading indexes for keyspace app, Error Failed to load indexes Keyspace app - cause: All nodes failed to respond or no healthy nodes for bucket found 
2019-07-04T11:56:11.902+00:00 [Info] New settings received: 
{"indexer.settings.compaction.days_of_week":"Sunday,Monday,Tuesday,Wednesday,Thursday,Friday,Saturday","indexer.settings.compaction.interval":"00:00,00:00","indexer.settings.compaction.compaction_mode":"circular","indexer.settings.persisted_snapshot.interval":5000,"indexer.settings.log_level":"info","indexer.settings.compaction.min_frag":30,"indexer.settings.inmemory_snapshot.interval":200,"indexer.settings.max_cpu_percent":0,"indexer.settings.storage_mode":"forestdb","indexer.settings.recovery.max_rollbacks":5,"indexer.settings.memory_quota":365953024,"indexer.settings.compaction.abort_exceed_interval":false}
2019-07-04T11:56:12.167+00:00 [Info] MetadataProvider.SetClusterStatus(): healthy nodes 1 failed node 0 unhealthy node 0 add node 0
2019-07-04T11:56:12.167+00:00 [Info] Refreshing indexer list due to cluster changes or auto-refresh.
2019-07-04T11:56:12.167+00:00 [Info] Refreshed Indexer List: [127.0.0.1:9100]
2019-07-04T11:56:12.167+00:00 [Info] MetadataProvider.WatchMetadata(): indexer 127.0.0.1:9100
2019-07-04T11:56:12.240+00:00 [Info] WatchMetadata(): successfully reach indexer at 127.0.0.1:9100.
2019-07-04T11:56:12.257+00:00 [Info] MetadataProvider: Updating indexer version to 3
2019-07-04T11:56:12.258+00:00 [Info] initialized currmeta 3 force true 
2019-07-04T11:56:12.258+00:00 [Info] [Queryport-connpool:127.0.0.1:9101] started poolsize 5000 overflow 30 low WM 1000 relConn batch size 100 ...
2019-07-04T11:56:12.258+00:00 [Info] [GsiScanClient:"127.0.0.1:9101"] started ...
2019-07-04T11:56:12.260+00:00 [Info] [Queryport-connpool:127.0.0.1:9101] open new connection ...
2019-07-04T11:56:12.302+00:00 [Info] GSIC[default/app-1562241371856408000] started ...
2019-07-04T11:56:12.304+00:00 [INFO]  Trying with http://127.0.0.1:8091/pools/default/bucketsStreaming/app 
2019-07-04T11:56:12.308+00:00 [Info] servicesChangeNotifier: Creating new notifier instance for http://%40cbq-engine-cbauth@127.0.0.1:8091, default
2019-07-04T11:56:12.326+00:00 [Info] serviceChangeNotifier: received ServiceChangeNotification
2019-07-04T11:56:12.329+00:00 [Info] serviceChangeNotifier: received PoolChangeNotification
2019-07-04T11:56:12.423+00:00 [INFO] Got new configuration for bucket app 
2019-07-04T11:56:12.618+00:00 [Info] Refreshing indexer list due to cluster changes or auto-refresh.
2019-07-04T11:56:12.629+00:00 [Info] Refreshed Indexer List: [127.0.0.1:9100]
2019-07-04T11:56:12.707+00:00 [Info] switched currmeta from 3 -> 3 force true 
_time=2019-07-04T11:56:12.896+00:00 _level=ERROR _msg=Refreshing indexes failed Failed to load indexes for keyspace app - cause: Failed to load indexes Keyspace app - cause: All nodes failed to respond or no healthy nodes for bucket found 
2019-07-04T11:56:12.904+00:00 [Info] Refreshing indexer list due to cluster changes or auto-refresh.
2019-07-04T11:56:12.904+00:00 [Info] Refreshed Indexer List: [127.0.0.1:9100]
_time=2019-07-04T11:56:12.960+00:00 _level=ERROR _msg=Refreshing indexes failed Failed to load indexes for keyspace app - cause: Failed to load indexes Keyspace app - cause: All nodes failed to respond or no healthy nodes for bucket found 
2019-07-04T11:56:12.967+00:00 [Info] switched currmeta from 3 -> 3 force true 
_time=2019-07-04T11:56:13.221+00:00 _level=ERROR _msg=Refreshing indexes failed Failed to load indexes for keyspace app - cause: Failed to load indexes Keyspace app - cause: All nodes failed to respond or no healthy nodes for bucket found 
_time=2019-07-04T11:56:13.249+00:00 _level=ERROR _msg=Refreshing indexes failed Failed to load indexes for keyspace app - cause: Failed to load indexes Keyspace app - cause: All nodes failed to respond or no healthy nodes for bucket found 
_time=2019-07-04T11:56:13.298+00:00 _level=ERROR _msg=Refreshing indexes failed Failed to load indexes for keyspace app - cause: Failed to load indexes Keyspace app - cause: All nodes failed to respond or no healthy nodes for bucket found 
_time=2019-07-04T11:56:13.382+00:00 _level=ERROR _msg=Refreshing indexes failed Failed to load indexes for keyspace app - cause: Failed to load indexes Keyspace app - cause: All nodes failed to respond or no healthy nodes for bucket found 
2019-07-04T11:56:13.635+00:00 [INFO] Using plain authentication for user <ud>@cbq-engine</ud> 
2019-07-04T11:56:13.678+00:00 [INFO] Using plain authentication for user <ud>@cbq-engine</ud> 
_time=2019-07-04T11:56:13.756+00:00 _level=ERROR _msg=Refreshing indexes failed Failed to load indexes for keyspace app - cause: Failed to load indexes Keyspace app - cause: All nodes failed to respond or no healthy nodes for bucket found 
2019-07-04T11:56:13.866+00:00 [WARN] Finalizing a bucket with active connections. 
2019-07-04T11:56:13.872+00:00 [WARN] Finalizing a bucket with active connections. 
2019-07-04T11:56:13.916+00:00 [WARN] Finalizing a bucket with active connections. 
2019-07-04T11:56:13.916+00:00 [WARN] Finalizing a bucket with active connections. 
2019-07-04T11:56:13.916+00:00 [WARN] Finalizing a bucket with active connections. 
2019-07-04T11:56:13.916+00:00 [WARN] Finalizing a bucket with active connections. 
2019-07-04T11:56:13.916+00:00 [WARN] Finalizing a bucket with active connections. 
2019-07-04T11:56:13.920+00:00 [WARN] Finalizing a bucket with active connections. 
2019-07-04T11:56:13.921+00:00 [WARN] Finalizing a bucket with active connections. 
2019-07-04T11:56:13.923+00:00 [WARN] Finalizing a bucket with active connections. 
2019-07-04T11:56:13.925+00:00 [WARN] Finalizing a bucket with active connections. 
_time=2019-07-04T11:56:13.957+00:00 _level=ERROR _msg=Refreshing indexes failed Failed to load indexes for keyspace app - cause: Failed to load indexes Keyspace app - cause: All nodes failed to respond or no healthy nodes for bucket found 
_time=2019-07-04T11:56:14.022+00:00 _level=ERROR _msg=Refreshing indexes failed Failed to load indexes for keyspace app - cause: Failed to load indexes Keyspace app - cause: All nodes failed to respond or no healthy nodes for bucket found 
_time=2019-07-04T11:56:14.230+00:00 _level=ERROR _msg=Refreshing indexes failed Failed to load indexes for keyspace app - cause: Failed to load indexes Keyspace app - cause: All nodes failed to respond or no healthy nodes for bucket found 
_time=2019-07-04T11:56:14.260+00:00 _level=ERROR _msg=Refreshing indexes failed Failed to load indexes for keyspace app - cause: Failed to load indexes Keyspace app - cause: All nodes failed to respond or no healthy nodes for bucket found 
_time=2019-07-04T11:56:14.296+00:00 _level=ERROR _msg=Refreshing indexes failed Failed to load indexes for keyspace app - cause: Failed to load indexes Keyspace app - cause: All nodes failed to respond or no healthy nodes for bucket found 
_time=2019-07-04T11:56:14.348+00:00 _level=ERROR _msg=Refreshing indexes failed Failed to load indexes for keyspace app - cause: Failed to load indexes Keyspace app - cause: All nodes failed to respond or no healthy nodes for bucket found 
_time=2019-07-04T11:56:14.388+00:00 _level=ERROR _msg=Refreshing indexes failed Failed to load indexes for keyspace app - cause: Failed to load indexes Keyspace app - cause: All nodes failed to respond or no healthy nodes for bucket found 
2019-07-04T11:56:14.499+00:00 [INFO] Using plain authentication for user <ud>@cbq-engine</ud> 
_time=2019-07-04T11:56:14.565+00:00 _level=ERROR _msg=Refreshing indexes failed Failed to load indexes for keyspace app - cause: Failed to load indexes Keyspace app - cause: All nodes failed to respond or no healthy nodes for bucket found 
_time=2019-07-04T11:56:14.601+00:00 _level=ERROR _msg=Refreshing indexes failed Failed to load indexes for keyspace app - cause: Failed to load indexes Keyspace app - cause: All nodes failed to respond or no healthy nodes for bucket found 
_time=2019-07-04T11:56:14.674+00:00 _level=ERROR _msg=Refreshing indexes failed Failed to load indexes for keyspace app - cause: Failed to load indexes Keyspace app - cause: All nodes failed to respond or no healthy nodes for bucket found 
2019-07-04T11:56:14.677+00:00 [INFO] Using plain authentication for user <ud>@cbq-engine</ud> 
_time=2019-07-04T11:56:14.713+00:00 _level=ERROR _msg=Refreshing indexes failed Failed to load indexes for keyspace app - cause: Failed to load indexes Keyspace app - cause: All nodes failed to respond or no healthy nodes for bucket found 
_time=2019-07-04T11:56:14.723+00:00 _level=ERROR _msg=Refreshing indexes failed Failed to load indexes for keyspace app - cause: Failed to load indexes Keyspace app - cause: All nodes failed to respond or no healthy nodes for bucket found 
2019-07-04T11:56:14.863+00:00 [WARN] Finalizing a bucket with active connections. 
2019-07-04T11:56:14.863+00:00 [WARN] Finalizing a bucket with active connections. 
2019-07-04T11:56:14.870+00:00 [WARN] Finalizing a bucket with active connections. 
2019-07-04T11:56:14.870+00:00 [WARN] Finalizing a bucket with active connections. 
2019-07-04T11:56:14.871+00:00 [WARN] Finalizing a bucket with active connections. 
2019-07-04T11:56:14.871+00:00 [WARN] Finalizing a bucket with active connections. 
2019-07-04T11:56:14.874+00:00 [WARN] Finalizing a bucket with active connections. 
2019-07-04T11:56:14.887+00:00 [WARN] Finalizing a bucket with active connections. 
2019-07-04T11:56:14.890+00:00 [WARN] Finalizing a bucket with active connections. 
2019-07-04T11:56:14.892+00:00 [WARN] Finalizing a bucket with active connections. 
2019-07-04T11:56:14.892+00:00 [WARN] Finalizing a bucket with active connections. 
2019-07-04T11:56:14.893+00:00 [WARN] Finalizing a bucket with active connections. 
2019-07-04T11:56:14.893+00:00 [WARN] Finalizing a bucket with active connections. 
2019-07-04T11:56:14.893+00:00 [WARN] Finalizing a bucket with active connections. 
2019-07-04T11:56:14.893+00:00 [WARN] Finalizing a bucket with active connections. 
2019-07-04T11:56:14.893+00:00 [WARN] Finalizing a bucket with active connections. 
2019-07-04T11:56:14.895+00:00 [WARN] Finalizing a bucket with active connections. 
2019-07-04T11:56:14.895+00:00 [INFO] Using plain authentication for user <ud>@cbq-engine</ud> 
_time=2019-07-04T11:56:14.944+00:00 _level=ERROR _msg=Refreshing indexes failed Failed to load indexes for keyspace app - cause: Failed to load indexes Keyspace app - cause: All nodes failed to respond or no healthy nodes for bucket found 
2019-07-04T11:56:15.023+00:00 [Error] [GsiScanClient:"127.0.0.1:9101"] Scans(fcca6d1e-e9d2-4295-bb88-c82574d0931a) response failed `Indexer In Warmup State. Please retry the request later.`
2019-07-04T11:56:15.023+00:00 [Warn] scan failed: requestId fcca6d1e-e9d2-4295-bb88-c82574d0931a queryport 127.0.0.1:9101 inst 11114069127010685716 partition [0]
2019-07-04T11:56:15.023+00:00 [Warn] Scan failed with error for index 8479338376212444691.  Trying scan again with replica, reqId:fcca6d1e-e9d2-4295-bb88-c82574d0931a :  Indexer In Warmup State. Please retry the request later. from [127.0.0.1:9101] ...
2019-07-04T11:56:15.023+00:00 [Error] PickRandom: Fail to find indexer for all index partitions. Num partition 1.  Partition with instances 0 
2019-07-04T11:56:15.023+00:00 [Warn] Fail to find indexers to satisfy query request.  Trying scan again for index 8479338376212444691, reqId:fcca6d1e-e9d2-4295-bb88-c82574d0931a :  Indexer In Warmup State. Please retry the request later. from [127.0.0.1:9101] ...
2019-07-04T11:56:15.038+00:00 [Error] [GsiScanClient:"127.0.0.1:9101"] Scans(fcca6d1e-e9d2-4295-bb88-c82574d0931a) response failed `Indexer In Warmup State. Please retry the request later.`
2019-07-04T11:56:15.038+00:00 [Warn] scan failed: requestId fcca6d1e-e9d2-4295-bb88-c82574d0931a queryport 127.0.0.1:9101 inst 11114069127010685716 partition [0]
2019-07-04T11:56:15.038+00:00 [Warn] Scan failed with error for index 8479338376212444691.  Trying scan again with replica, reqId:fcca6d1e-e9d2-4295-bb88-c82574d0931a :  Indexer In Warmup State. Please retry the request later. from [127.0.0.1:9101] ...
2019-07-04T11:56:15.038+00:00 [Error] PickRandom: Fail to find indexer for all index partitions. Num partition 1.  Partition with instances 0 
2019-07-04T11:56:15.038+00:00 [Warn] Fail to find indexers to satisfy query request.  Terminate scan for index 8479338376212444691,  reqId:fcca6d1e-e9d2-4295-bb88-c82574d0931a :  Indexer In Warmup State. Please retry the request later. from [127.0.0.1:9101]
_time=2019-07-04T11:56:15.052+00:00 _level=ERROR _msg=Refreshing indexes failed Failed to load indexes for keyspace app - cause: Failed to load indexes Keyspace app - cause: All nodes failed to respond or no healthy nodes for bucket found 
_time=2019-07-04T11:56:15.155+00:00 _level=ERROR _msg=Refreshing indexes failed Failed to load indexes for keyspace app - cause: Failed to load indexes Keyspace app - cause: All nodes failed to respond or no healthy nodes for bucket found 
_time=2019-07-04T11:56:15.195+00:00 _level=ERROR _msg=Refreshing indexes failed Failed to load indexes for keyspace app - cause: Failed to load indexes Keyspace app - cause: All nodes failed to respond or no healthy nodes for bucket found 
2019-07-04T11:56:15.272+00:00 [INFO] Using plain authentication for user <ud>@cbq-engine</ud> 
_time=2019-07-04T11:56:15.308+00:00 _level=ERROR _msg=Refreshing indexes failed Failed to load indexes for keyspace app - cause: Failed to load indexes Keyspace app - cause: All nodes failed to respond or no healthy nodes for bucket found 
2019-07-04T11:57:03.988+00:00 [Info] serviceChangeNotifier: received PoolChangeNotification
2019-07-04T11:57:04.202+00:00 [Info] Refreshing indexer list due to cluster changes or auto-refresh.
2019-07-04T11:57:04.202+00:00 [Info] Refreshed Indexer List: [127.0.0.1:9100]
2019-07-04T11:57:04.291+00:00 [Info] switched currmeta from 3 -> 3 force true 
2019-07-04T11:57:04.766+00:00 [Info] Rollback time has changed for index inst 11114069127010685716. New rollback time 1562241424419983100
2019-07-04T11:57:04.844+00:00 [Info] Received new service map.  StorageMode=3
2019-07-04T11:57:04.911+00:00 [Info] Refreshing indexer list due to cluster changes or auto-refresh.
2019-07-04T11:57:04.911+00:00 [Info] Refreshed Indexer List: [127.0.0.1:9100]
2019-07-04T11:57:04.926+00:00 [Info] switched currmeta from 3 -> 3 force true 
2019-07-04T11:57:04.938+00:00 [WARN] Finalizing a bucket with active connections. 
2019-07-04T11:57:04.938+00:00 [WARN] Finalizing a bucket with active connections. 
2019-07-04T11:57:04.938+00:00 [WARN] Finalizing a bucket with active connections. 
2019-07-04T11:57:04.938+00:00 [WARN] Finalizing a bucket with active connections. 
2019-07-04T11:57:04.939+00:00 [WARN] Finalizing a bucket with active connections. 
2019-07-04T11:57:04.941+00:00 [WARN] Finalizing a bucket with active connections. 
2019-07-04T11:57:04.941+00:00 [WARN] Finalizing a bucket with active connections. 
2019-07-04T11:57:05.026+00:00 [Info] serviceChangeNotifier: received PoolChangeNotification
2019-07-04T11:57:05.223+00:00 [Info] Refreshing indexer list due to cluster changes or auto-refresh.
2019-07-04T11:57:05.223+00:00 [Info] Refreshed Indexer List: [127.0.0.1:9100]
2019-07-04T11:57:05.256+00:00 [Info] switched currmeta from 3 -> 3 force true 
_time=2019-07-04T11:57:05.571+00:00 _level=ERROR _msg=Refreshing indexes failed Failed to load indexes for keyspace app - cause: Failed to load indexes Keyspace app - cause: All nodes failed to respond or no healthy nodes for bucket found 
2019-07-04T11:57:05.612+00:00 [WARN] Finalizing a bucket with active connections. 
2019-07-04T11:57:05.634+00:00 [WARN] Finalizing a bucket with active connections. 
2019-07-04T11:57:05.634+00:00 [WARN] Finalizing a bucket with active connections. 
2019-07-04T11:57:05.686+00:00 [WARN] Finalizing a bucket with active connections. 
_time=2019-07-04T11:57:05.784+00:00 _level=ERROR _msg=Refreshing indexes failed Failed to load indexes for keyspace app - cause: Failed to load indexes Keyspace app - cause: All nodes failed to respond or no healthy nodes for bucket found 
_time=2019-07-04T11:57:05.862+00:00 _level=ERROR _msg=Refreshing indexes failed Failed to load indexes for keyspace app - cause: Failed to load indexes Keyspace app - cause: All nodes failed to respond or no healthy nodes for bucket found 
_time=2019-07-04T11:57:05.934+00:00 _level=ERROR _msg=Refreshing indexes failed Failed to load indexes for keyspace app - cause: Failed to load indexes Keyspace app - cause: All nodes failed to respond or no healthy nodes for bucket found 
_time=2019-07-04T11:57:05.951+00:00 _level=ERROR _msg=Refreshing indexes failed Failed to load indexes for keyspace app - cause: Failed to load indexes Keyspace app - cause: All nodes failed to respond or no healthy nodes for bucket found 
_time=2019-07-04T11:57:05.971+00:00 _level=ERROR _msg=Refreshing indexes failed Failed to load indexes for keyspace app - cause: Failed to load indexes Keyspace app - cause: All nodes failed to respond or no healthy nodes for bucket found 
_time=2019-07-04T11:57:06.038+00:00 _level=ERROR _msg=Refreshing indexes failed Failed to load indexes for keyspace app - cause: Failed to load indexes Keyspace app - cause: All nodes failed to respond or no healthy nodes for bucket found 
2019-07-04T11:57:06.104+00:00 [INFO] Using plain authentication for user <ud>@cbq-engine</ud> 
_time=2019-07-04T11:57:06.116+00:00 _level=ERROR _msg=Refreshing indexes failed Failed to load indexes for keyspace app - cause: Failed to load indexes Keyspace app - cause: All nodes failed to respond or no healthy nodes for bucket found 
_time=2019-07-04T11:57:06.141+00:00 _level=ERROR _msg=Refreshing indexes failed Failed to load indexes for keyspace app - cause: Failed to load indexes Keyspace app - cause: All nodes failed to respond or no healthy nodes for bucket found 
2019-07-04T11:57:06.156+00:00 [WARN] Finalizing a bucket with active connections. 
2019-07-04T11:57:06.156+00:00 [WARN] Finalizing a bucket with active connections. 
2019-07-04T11:57:06.161+00:00 [WARN] Finalizing a bucket with active connections. 
2019-07-04T11:57:06.162+00:00 [WARN] Finalizing a bucket with active connections. 
2019-07-04T11:57:06.163+00:00 [WARN] Finalizing a bucket with active connections. 
2019-07-04T11:57:06.163+00:00 [WARN] Finalizing a bucket with active connections. 
2019-07-04T11:57:06.163+00:00 [WARN] Finalizing a bucket with active connections. 
2019-07-04T11:57:06.163+00:00 [WARN] Finalizing a bucket with active connections. 
2019-07-04T11:57:06.163+00:00 [WARN] Finalizing a bucket with active connections. 
2019-07-04T11:57:06.163+00:00 [WARN] Finalizing a bucket with active connections. 
2019-07-04T11:57:06.163+00:00 [WARN] Finalizing a bucket with active connections. 
_time=2019-07-04T11:57:06.234+00:00 _level=ERROR _msg=Refreshing indexes failed Failed to load indexes for keyspace app - cause: Failed to load indexes Keyspace app - cause: All nodes failed to respond or no healthy nodes for bucket found 
_time=2019-07-04T11:57:06.250+00:00 _level=ERROR _msg=Refreshing indexes failed Failed to load indexes for keyspace app - cause: Failed to load indexes Keyspace app - cause: All nodes failed to respond or no healthy nodes for bucket found 
_time=2019-07-04T11:57:06.306+00:00 _level=ERROR _msg=Refreshing indexes failed Failed to load indexes for keyspace app - cause: Failed to load indexes Keyspace app - cause: All nodes failed to respond or no healthy nodes for bucket found 
2019-07-04T11:57:12.194+00:00 [Info] connected with 1 indexers
2019-07-04T11:57:12.194+00:00 [Info] index 8479338376212444691 has replicas [11114069127010685716]: 
2019-07-04T11:57:12.194+00:00 [Info] index 8479338376212444691 has equivalents [8479338376212444691]: 
2019-07-04T11:57:12.194+00:00 [Info] client load stats {"11114069127010685716": 0}
2019-07-04T11:57:12.194+00:00 [Info] client hit stats {"11114069127010685716": 0}
2019-07-04T11:57:12.194+00:00 [Info] client pending item stats {"11114069127010685716": 9223372036854775807}
2019-07-04T11:57:12.194+00:00 [Info] client stats current {"11114069127010685716": true}
2019-07-04T11:57:12.230+00:00 [Info] num concurrent scans {0}
2019-07-04T11:57:12.231+00:00 [Info] average scan response {0 ms}
2019-07-04T11:57:12.235+00:00 [Info] GSIC[default/app-1562241371856408000] logstats "app" {"gsi_scan_count":1,"gsi_scan_duration":17762300,"gsi_throttle_duration":0,"gsi_prime_duration":0,"gsi_blocked_duration":0,"gsi_totalbackfills":0}
2019-07-04T11:57:12.528+00:00 [Info] serviceChangeNotifier: received PoolChangeNotification
2019-07-04T11:57:12.944+00:00 [Info] Refreshing indexer list due to cluster changes or auto-refresh.
2019-07-04T11:57:12.944+00:00 [Info] Refreshed Indexer List: [127.0.0.1:9100]
2019-07-04T11:57:12.965+00:00 [Info] switched currmeta from 3 -> 3 force true 
2019-07-04T11:57:13.065+00:00 [Info] [Queryport-connpool:127.0.0.1:9101] active conns 0, free conns 1
2019-07-04T11:57:13.871+00:00 [INFO] Got new configuration for bucket app 
2019-07-04T11:57:14.007+00:00 [Info] serviceChangeNotifier: received PoolChangeNotification
2019-07-04T11:57:14.715+00:00 [Info] Refreshing indexer list due to cluster changes or auto-refresh.
2019-07-04T11:57:14.715+00:00 [Info] Refreshed Indexer List: [127.0.0.1:9100]
2019-07-04T11:57:14.743+00:00 [Info] switched currmeta from 3 -> 3 force true 
2019-07-04T11:58:12.122+00:00 [Info] connected with 1 indexers
2019-07-04T11:58:12.122+00:00 [Info] index 8479338376212444691 has replicas [11114069127010685716]: 
2019-07-04T11:58:12.122+00:00 [Info] index 8479338376212444691 has equivalents [8479338376212444691]: 
2019-07-04T11:58:12.122+00:00 [Info] client load stats {"11114069127010685716": 0}
2019-07-04T11:58:12.122+00:00 [Info] client hit stats {"11114069127010685716": 0}
2019-07-04T11:58:12.122+00:00 [Info] client pending item stats {"11114069127010685716": 9223372036854775807}
2019-07-04T11:58:12.122+00:00 [Info] client stats current {"11114069127010685716": true}
2019-07-04T11:58:12.159+00:00 [Info] num concurrent scans {0}
2019-07-04T11:58:12.159+00:00 [Info] average scan response {0 ms}
2019-07-04T11:58:13.064+00:00 [Info] [Queryport-connpool:127.0.0.1:9101] active conns 0, free conns 1
2019-07-04T11:59:06.178+00:00 [WARN] Finalizing a bucket with active connections. 
2019-07-04T11:59:06.178+00:00 [WARN] Finalizing a bucket with active connections. 
2019-07-04T11:59:06.178+00:00 [WARN] Finalizing a bucket with active connections. 
2019-07-04T11:59:12.053+00:00 [Info] connected with 1 indexers
2019-07-04T11:59:12.053+00:00 [Info] index 8479338376212444691 has replicas [11114069127010685716]: 
2019-07-04T11:59:12.053+00:00 [Info] index 8479338376212444691 has equivalents [8479338376212444691]: 
2019-07-04T11:59:12.053+00:00 [Info] client load stats {"11114069127010685716": 0}
2019-07-04T11:59:12.053+00:00 [Info] client hit stats {"11114069127010685716": 0}
2019-07-04T11:59:12.053+00:00 [Info] client pending item stats {"11114069127010685716": 9223372036854775807}
2019-07-04T11:59:12.053+00:00 [Info] client stats current {"11114069127010685716": true}
2019-07-04T11:59:12.089+00:00 [Info] num concurrent scans {0}
2019-07-04T11:59:12.089+00:00 [Info] average scan response {0 ms}
2019-07-04T11:59:13.081+00:00 [Info] [Queryport-connpool:127.0.0.1:9101] active conns 0, free conns 1
2019-07-04T12:00:11.985+00:00 [Info] connected with 1 indexers
2019-07-04T12:00:11.985+00:00 [Info] index 8479338376212444691 has replicas [11114069127010685716]: 
2019-07-04T12:00:11.985+00:00 [Info] index 8479338376212444691 has equivalents [8479338376212444691]: 
2019-07-04T12:00:11.985+00:00 [Info] client load stats {"11114069127010685716": 0}
2019-07-04T12:00:11.985+00:00 [Info] client hit stats {"11114069127010685716": 0}
2019-07-04T12:00:11.985+00:00 [Info] client pending item stats {"11114069127010685716": 9223372036854775807}
2019-07-04T12:00:11.985+00:00 [Info] client stats current {"11114069127010685716": true}
2019-07-04T12:00:12.021+00:00 [Info] num concurrent scans {0}
2019-07-04T12:00:12.021+00:00 [Info] average scan response {0 ms}
2019-07-04T12:00:13.074+00:00 [Info] [Queryport-connpool:127.0.0.1:9101] active conns 0, free conns 1
