[ns_doctor:debug,2019-07-04T11:52:33.847Z,ns_1@127.0.0.1:ns_doctor<0.287.0>:ns_doctor:handle_info:182]Got initial status:
[{'ns_1@127.0.0.1',
     [{last_heard,1562241153847450},
      {now,1562241153795497},
      {active_buckets,[]},
      {ready_buckets,[]},
      {status_latency,51704},
      {outgoing_replications_safeness_level,[]},
      {incoming_replications_conf_hashes,[]},
      {local_tasks,[]},
      {memory,
          [{total,119427544},
           {processes,12909392},
           {processes_used,12900856},
           {system,106518152},
           {atom,504409},
           {atom_used,493552},
           {binary,343232},
           {code,12198841},
           {ets,2507864}]},
      {cpu_count,2},
      {system_memory_data,
          [{system_total_memory,2096164864},
           {free_swap,996478976},
           {total_swap,1073737728},
           {cached_memory,292343808},
           {buffered_memory,40157184},
           {free_memory,1126703104},
           {total_memory,2096164864}]},
      {node_storage_conf,
          [{db_path,"/opt/couchbase/var/lib/couchbase/data"},
           {index_path,"/opt/couchbase/var/lib/couchbase/data"}]},
      {statistics,
          [{wall_clock,{9034,39}},
           {context_switches,{31620,0}},
           {garbage_collection,{7144,36419964,0}},
           {io,{{input,6718688},{output,618085}}},
           {reductions,{23354626,74696}},
           {run_queue,0},
           {runtime,{2150,40}},
           {run_queues,{0,0}}]},
      {system_stats,
          [{cpu_utilization_rate,0},
           {swap_total,0},
           {swap_used,0},
           {mem_total,0},
           {mem_free,0}]},
      {interesting_stats,[]},
      {per_bucket_interesting_stats,[]},
      {processes_stats,[]},
      {cluster_compatibility_version,1},
      {version,
          [{lhttpc,"1.3.0"},
           {os_mon,"2.2.14"},
           {public_key,"0.21"},
           {asn1,"2.0.4"},
           {kernel,"2.16.4"},
           {ale,"6.0.0-1693-community"},
           {inets,"5.9.8"},
           {ns_server,"6.0.0-1693-community"},
           {crypto,"3.2"},
           {ssl,"5.3.3"},
           {sasl,"2.3.4"},
           {stdlib,"1.19.4"}]},
      {supported_compat_version,[6,0]},
      {advertised_version,[6,0,0]},
      {system_arch,"x86_64-unknown-linux-gnu"},
      {wall_clock,9},
      {memory_data,{2096164864,860069888,{<0.125.0>,2917776}}},
      {disk_data,
          [{"/",61255492,64},
           {"/dev",65536,0},
           {"/sys/fs/cgroup",1023516,0},
           {"/etc/resolv.conf",61255492,64},
           {"/etc/hostname",61255492,64},
           {"/etc/hosts",61255492,64},
           {"/dev/shm",65536,0},
           {"/opt/couchbase/var",249854256,69},
           {"/proc/acpi",1023516,0},
           {"/proc/kcore",65536,0},
           {"/proc/keys",65536,0},
           {"/proc/timer_list",65536,0},
           {"/proc/sched_debug",65536,0},
           {"/sys/firmware",1023516,0}]},
      {meminfo,
          <<"MemTotal:        2047036 kB\nMemFree:         1100296 kB\nMemAvailable:    1315744 kB\nBuffers:           39216 kB\nCached:           285492 kB\nSwapCached:         1108 kB\nActive:           586112 kB\nInactive:         237912 kB\nActive(anon):     402316 kB\nInactive(anon):    97428 kB\nActive(file):     183796 kB\nInactive(file):   140484 kB\nUnevictable:           0 kB\nMlocked:               0 kB\nSwapTotal:       1048572 kB\nSwapFree:         973124 kB\nDirty:               656 kB\nWriteback:             0 kB\nAnonPages:        498516 kB\nMapped:            66964 kB\nShmem:               420 kB\nSlab:              85652 kB\nSReclaimable:      45940 kB\nSUnreclaim:        39712 kB\nKernelStack:       10048 kB\nPageTables:         4856 kB\nNFS_Unstable:          0 kB\nBounce:                0 kB\nWritebackTmp:          0 kB\nCommitLimit:     2072088 kB\nCommitted_AS:    1617440 kB\nVmallocTotal:   34359738367 kB\nVmallocUsed:           0 kB\nVmallocChunk:          0 kB\nAnonHugePages:         0 kB\nShmemHugePages:        0 kB\nShmemPmdMapped:        0 kB\nHugePages_Total:       0\nHugePages_Free:        0\nHugePages_Rsvd:        0\nHugePages_Surp:        0\nHugepagesize:       2048 kB\nDirectMap4k:      103852 kB\nDirectMap2M:     1992704 kB\n">>}]}]
[stats:warn,2019-07-04T11:52:36.427Z,ns_1@127.0.0.1:<0.392.0>:base_stats_collector:latest_tick:69](Collector: global_stats_collector) Dropped 1 ticks
[stats:error,2019-07-04T11:53:25.871Z,ns_1@127.0.0.1:<0.1401.0>:stats_reader:log_bad_responses:233]Some nodes didn't respond: ['ns_1@127.0.0.1']
[stats:error,2019-07-04T11:53:26.104Z,ns_1@127.0.0.1:<0.2183.0>:stats_reader:log_bad_responses:233]Some nodes didn't respond: ['ns_1@127.0.0.1']
[stats:error,2019-07-04T11:53:26.119Z,ns_1@127.0.0.1:<0.2251.0>:stats_reader:log_bad_responses:233]Some nodes didn't respond: ['ns_1@127.0.0.1']
[stats:error,2019-07-04T11:53:26.121Z,ns_1@127.0.0.1:<0.2249.0>:stats_reader:log_bad_responses:233]Some nodes didn't respond: ['ns_1@127.0.0.1']
[stats:debug,2019-07-04T11:53:26.463Z,ns_1@127.0.0.1:<0.2431.0>:stats_collector:log_stats:111](at {{2019,7,4},{11,53,26}} (1562241206418)) Stats for bucket "app":
ep_dcp_2i_backoff             0
ep_dcp_2i_count               0
ep_dcp_2i_items_remaining     0
ep_dcp_2i_items_sent          0
ep_dcp_2i_producer_count      0
ep_dcp_2i_total_backlog_size  0
ep_dcp_2i_total_bytes         0
ep_dcp_cbas_backoff           0
ep_dcp_cbas_count             0
ep_dcp_cbas_items_remaining   0
ep_dcp_cbas_items_sent        0
ep_dcp_cbas_producer_count    0
ep_dcp_cbas_total_backlog_size 0
ep_dcp_cbas_total_bytes       0
ep_dcp_fts_backoff            0
ep_dcp_fts_count              0
ep_dcp_fts_items_remaining    0
ep_dcp_fts_items_sent         0
ep_dcp_fts_producer_count     0
ep_dcp_fts_total_backlog_size 0
ep_dcp_fts_total_bytes        0
ep_dcp_other_backoff          0
ep_dcp_other_count            0
ep_dcp_other_items_remaining  0
ep_dcp_other_items_sent       0
ep_dcp_other_producer_count   0
ep_dcp_other_total_backlog_size 0
ep_dcp_other_total_bytes      0
ep_dcp_replica_backoff        0
ep_dcp_replica_count          0
ep_dcp_replica_items_remaining 0
ep_dcp_replica_items_sent     0
ep_dcp_replica_producer_count 0
ep_dcp_replica_total_backlog_size 0
ep_dcp_replica_total_bytes    0
ep_dcp_views_backoff          0
ep_dcp_views_count            0
ep_dcp_views_items_remaining  0
ep_dcp_views_items_sent       0
ep_dcp_views_producer_count   0
ep_dcp_views_total_backlog_size 0
ep_dcp_views_total_bytes      0
ep_dcp_xdcr_backoff           0
ep_dcp_xdcr_count             0
ep_dcp_xdcr_items_remaining   0
ep_dcp_xdcr_items_sent        0
ep_dcp_xdcr_producer_count    0
ep_dcp_xdcr_total_backlog_size 0
ep_dcp_xdcr_total_bytes       0
accepting_conns               1
auth_cmds                     0
auth_errors                   0
bytes                         1346392
bytes_read                    1037
bytes_subdoc_lookup_extracted 0
bytes_subdoc_lookup_total     0
bytes_subdoc_mutation_inserted 0
bytes_subdoc_mutation_total   0
bytes_written                 705
cas_badval                    0
cas_hits                      0
cas_misses                    0
cmd_flush                     0
cmd_get                       0
cmd_lock                      0
cmd_lookup_10s_count          0
cmd_lookup_10s_duration_us    0
cmd_mutation_10s_count        0
cmd_mutation_10s_duration_us  0
cmd_set                       0
cmd_subdoc_lookup             0
cmd_subdoc_mutation           0
cmd_total_gets                0
cmd_total_ops                 0
cmd_total_sets                0
conn_yields                   0
connection_structures         6
curr_connections              10
curr_conns_on_port_11209      8
curr_conns_on_port_11210      2
curr_items                    0
curr_items_tot                0
curr_temp_items               0
daemon_connections            4
decr_hits                     0
decr_misses                   0
delete_hits                   0
delete_misses                 0
ep_access_scanner_enabled     true
ep_access_scanner_last_runtime 0
ep_access_scanner_num_items   0
ep_access_scanner_task_time   2019-07-05 02:00:01
ep_active_ahead_exceptions    0
ep_active_behind_exceptions   0
ep_active_datatype_json       0
ep_active_datatype_json,xattr 0
ep_active_datatype_raw        0
ep_active_datatype_snappy     0
ep_active_datatype_snappy,json 0
ep_active_datatype_snappy,json,xattr 0
ep_active_datatype_snappy,xattr 0
ep_active_datatype_xattr      0
ep_active_hlc_drift           0
ep_active_hlc_drift_count     0
ep_alog_block_size            4096
ep_alog_max_stored_items      1024
ep_alog_path                  /opt/couchbase/var/lib/couchbase/data/app/access.log
ep_alog_resident_ratio_threshold 95
ep_alog_sleep_time            1440
ep_alog_task_time             2
ep_backend                    couchdb
ep_backfill_mem_threshold     96
ep_bfilter_enabled            true
ep_bfilter_fp_prob            0.01
ep_bfilter_key_count          10000
ep_bfilter_residency_threshold 0.1
ep_bg_fetch_avg_read_amplification 0
ep_bg_fetch_delay             0
ep_bg_fetched                 0
ep_bg_meta_fetched            0
ep_bg_remaining_items         0
ep_bg_remaining_jobs          0
ep_blob_num                   0
ep_blob_overhead              0
ep_bucket_priority            LOW
ep_bucket_type                persistent
ep_cache_size                 1042284544
ep_checkpoint_memory          0
ep_checkpoint_memory_overhead 0
ep_checkpoint_memory_unreferenced 0
ep_chk_max_items              10000
ep_chk_period                 5
ep_chk_persistence_remains    0
ep_chk_persistence_timeout    10
ep_chk_remover_stime          5
ep_clock_cas_drift_threshold_exceeded 0
ep_collections_max_size       1000
ep_collections_prototype_enabled false
ep_commit_num                 0
ep_commit_time                0
ep_commit_time_total          0
ep_compaction_exp_mem_threshold 85
ep_compaction_write_queue_cap 10000
ep_compression_mode           off
ep_config_file                
ep_conflict_resolution_type   seqno
ep_connection_manager_interval 1
ep_couch_bucket               app
ep_cursor_dropping_checkpoint_mem_lower_mark 30
ep_cursor_dropping_checkpoint_mem_upper_mark 50
ep_cursor_dropping_lower_mark 80
ep_cursor_dropping_lower_threshold 833827635
ep_cursor_dropping_upper_mark 95
ep_cursor_dropping_upper_threshold 990170316
ep_cursor_memory_freed        0
ep_cursors_dropped            0
ep_data_read_failed           0
ep_data_traffic_enabled       false
ep_data_write_failed          0
ep_db_data_size               0
ep_db_file_size               0
ep_dbname                     /opt/couchbase/var/lib/couchbase/data/app
ep_dcp_backfill_byte_limit    20972856
ep_dcp_conn_buffer_size       10485760
ep_dcp_conn_buffer_size_aggr_mem_threshold 10
ep_dcp_conn_buffer_size_aggressive_perc 5
ep_dcp_conn_buffer_size_max   52428800
ep_dcp_conn_buffer_size_perc  1
ep_dcp_consumer_process_buffered_messages_batch_size 10
ep_dcp_consumer_process_buffered_messages_yield_limit 10
ep_dcp_enable_noop            true
ep_dcp_ephemeral_backfill_type buffered
ep_dcp_flow_control_policy    aggressive
ep_dcp_idle_timeout           360
ep_dcp_max_unacked_bytes      524288
ep_dcp_min_compression_ratio  0.85
ep_dcp_noop_mandatory_for_v5_features true
ep_dcp_noop_tx_interval       1
ep_dcp_producer_snapshot_marker_yield_limit 10
ep_dcp_scan_byte_limit        4194304
ep_dcp_scan_item_limit        4096
ep_dcp_takeover_max_time      60
ep_defragmenter_age_threshold 10
ep_defragmenter_chunk_duration 20
ep_defragmenter_enabled       true
ep_defragmenter_interval      10
ep_defragmenter_num_moved     0
ep_defragmenter_num_visited   0
ep_degraded_mode              true
ep_diskqueue_drain            0
ep_diskqueue_fill             0
ep_diskqueue_items            0
ep_diskqueue_memory           0
ep_diskqueue_pending          0
ep_enable_chk_merge           false
ep_exp_pager_enabled          true
ep_exp_pager_initial_run_time -1
ep_exp_pager_stime            3600
ep_expired_access             0
ep_expired_compactor          0
ep_expired_pager              0
ep_expiry_pager_task_time     2019-07-04 12:53:26
ep_failpartialwarmup          false
ep_flush_all                  false
ep_flush_duration_total       0
ep_flusher_batch_split_trigger 1000000
ep_flusher_state              running
ep_flusher_todo               0
ep_fsync_after_every_n_bytes_written 16777216
ep_getl_default_timeout       15
ep_getl_max_timeout           30
ep_hlc_drift_ahead_threshold_us 5000000
ep_hlc_drift_behind_threshold_us 5000000
ep_ht_eviction_policy         hifi_mfu
ep_ht_locks                   47
ep_ht_resize_interval         1
ep_ht_size                    47
ep_initfile                   
ep_io_bg_fetch_read_count     0
ep_io_compaction_read_bytes   0
ep_io_compaction_write_bytes  0
ep_io_total_read_bytes        0
ep_io_total_write_bytes       0
ep_item_begin_failed          0
ep_item_commit_failed         0
ep_item_compressor_chunk_duration 20
ep_item_compressor_interval   250
ep_item_compressor_num_compressed 0
ep_item_compressor_num_visited 0
ep_item_eviction_age_percentage 30
ep_item_eviction_freq_counter_age_threshold 1
ep_item_eviction_policy       value_only
ep_item_flush_expired         0
ep_item_flush_failed          0
ep_item_freq_decayer_chunk_duration 20
ep_item_freq_decayer_percent  50
ep_item_num                   0
ep_item_num_based_new_chk     true
ep_items_rm_from_checkpoints  0
ep_keep_closed_chks           false
ep_kv_size                    0
ep_max_bg_remaining_jobs      0
ep_max_checkpoints            2
ep_max_failover_entries       25
ep_max_item_privileged_bytes  1048576
ep_max_item_size              20971520
ep_max_num_shards             4
ep_max_num_workers            3
ep_max_size                   1042284544
ep_max_threads                0
ep_max_ttl                    0
ep_max_vbuckets               1024
ep_mem_high_wat               885941862
ep_mem_high_wat_percent       0.85
ep_mem_low_wat                781713408
ep_mem_low_wat_percent        0.75
ep_mem_tracker_enabled        true
ep_mem_used_merge_threshold_percent 0.5
ep_meta_data_disk             0
ep_meta_data_memory           0
ep_min_compression_ratio      1.2
ep_mutation_mem_threshold     93
ep_num_access_scanner_runs    0
ep_num_access_scanner_skips   0
ep_num_auxio_threads          0
ep_num_eject_failures         0
ep_num_expiry_pager_runs      0
ep_num_freq_decayer_runs      1
ep_num_non_resident           0
ep_num_nonio_threads          0
ep_num_not_my_vbuckets        0
ep_num_ops_del_meta           0
ep_num_ops_del_meta_res_fail  0
ep_num_ops_del_ret_meta       0
ep_num_ops_get_meta           0
ep_num_ops_get_meta_on_set_meta 0
ep_num_ops_set_meta           0
ep_num_ops_set_meta_res_fail  0
ep_num_ops_set_ret_meta       0
ep_num_pager_runs             0
ep_num_reader_threads         0
ep_num_value_ejects           0
ep_num_workers                12
ep_num_writer_threads         0
ep_oom_errors                 0
ep_overhead                   664
ep_pager_active_vb_pcnt       40
ep_pager_sleep_time_ms        5000
ep_pending_compactions        0
ep_pending_ops                0
ep_pending_ops_max            0
ep_pending_ops_max_duration   0
ep_pending_ops_total          0
ep_persist_vbstate_total      0
ep_postInitfile               
ep_queue_size                 0
ep_replica_ahead_exceptions   0
ep_replica_behind_exceptions  0
ep_replica_datatype_json      0
ep_replica_datatype_json,xattr 0
ep_replica_datatype_raw       0
ep_replica_datatype_snappy    0
ep_replica_datatype_snappy,json 0
ep_replica_datatype_snappy,json,xattr 0
ep_replica_datatype_snappy,xattr 0
ep_replica_datatype_xattr     0
ep_replica_hlc_drift          0
ep_replica_hlc_drift_count    0
ep_replication_throttle_cap_pcnt 10
ep_replication_throttle_queue_cap -1
ep_replication_throttle_threshold 99
ep_rocksdb_bbt_options        block_size=16384,cache_index_and_filter_blocks=true,pin_l0_filter_and_index_blocks_in_cache=true,cache_index_and_filter_blocks_with_high_priority=true,index_type=kTwoLevelIndexSearch,partition_filters=true
ep_rocksdb_block_cache_high_pri_pool_ratio 0.9
ep_rocksdb_block_cache_ratio  0.1
ep_rocksdb_cf_options         
ep_rocksdb_default_cf_optimize_compaction none
ep_rocksdb_high_pri_background_threads 0
ep_rocksdb_low_pri_background_threads 0
ep_rocksdb_memtables_ratio    0.1
ep_rocksdb_options            bytes_per_sync=1048576,stats_dump_period_sec=600
ep_rocksdb_seqno_cf_optimize_compaction none
ep_rocksdb_stats_level        kExceptTimeForMutex
ep_rocksdb_uc_max_size_amplification_percent 200
ep_rocksdb_write_rate_limit   0
ep_rollback_count             0
ep_startup_time               1562241205
ep_storage_age                0
ep_storage_age_highwat        0
ep_storedval_num              0
ep_storedval_overhead         0
ep_storedval_size             0
ep_time_synchronization       disabled
ep_tmp_oom_errors             0
ep_total_cache_size           0
ep_total_del_items            0
ep_total_enqueued             0
ep_total_new_items            0
ep_total_persisted            0
ep_uncommitted_items          0
ep_uuid                       5b6ce58456b7220bfb025f341cb20648
ep_value_size                 0
ep_vb0                        false
ep_vb_backfill_queue_size     0
ep_vb_total                   0
ep_vbucket_del                0
ep_vbucket_del_fail           0
ep_waitforwarmup              false
ep_warmup                     true
ep_warmup_batch_size          10000
ep_warmup_dups                0
ep_warmup_min_items_threshold 100
ep_warmup_min_memory_threshold 100
ep_warmup_oom                 0
ep_warmup_thread              complete
ep_warmup_time                88008
ep_workload_pattern           read_heavy
ep_xattr_enabled              true
get_hits                      0
get_misses                    0
incr_hits                     0
incr_misses                   0
iovused_high_watermark        1
libevent                      2.1.8-beta
listen_disabled_num           0
lock_errors                   0
max_conns_on_port_11209       5000
max_conns_on_port_11210       30000
mem_used                      1346392
mem_used_estimate             1346392
memcached_version             d0c17cc8a803812c2d2a304479cc3a0b200c9aba
msgused_high_watermark        1
pid                           213
pointer_size                  64
rbufs_allocated               0
rbufs_existing                0
rbufs_loaned                  3
rejected_conns                0
rollback_item_count           0
stat_reset                    Thu Jul  4 11:52:35 2019
threads                       4
time                          1562241205
total_connections             14
total_resp_errors             0
uptime                        50
vb_active_backfill_queue_size 0
vb_active_checkpoint_memory   0
vb_active_checkpoint_memory_overhead 0
vb_active_checkpoint_memory_unreferenced 0
vb_active_curr_items          0
vb_active_eject               0
vb_active_expired             0
vb_active_hp_vb_req_size      0
vb_active_ht_memory           0
vb_active_itm_memory          0
vb_active_itm_memory_uncompressed 0
vb_active_meta_data_disk      0
vb_active_meta_data_memory    0
vb_active_num                 0
vb_active_num_non_resident    0
vb_active_ops_create          0
vb_active_ops_delete          0
vb_active_ops_reject          0
vb_active_ops_update          0
vb_active_perc_mem_resident   100
vb_active_queue_age           0
vb_active_queue_drain         0
vb_active_queue_fill          0
vb_active_queue_memory        0
vb_active_queue_pending       0
vb_active_queue_size          0
vb_active_rollback_item_count 0
vb_dead_num                   0
vb_pending_backfill_queue_size 0
vb_pending_checkpoint_memory  0
vb_pending_checkpoint_memory_overhead 0
vb_pending_checkpoint_memory_unreferenced 0
vb_pending_curr_items         0
vb_pending_eject              0
vb_pending_expired            0
vb_pending_hp_vb_req_size     0
vb_pending_ht_memory          0
vb_pending_itm_memory         0
vb_pending_itm_memory_uncompressed 0
vb_pending_meta_data_disk     0
vb_pending_meta_data_memory   0
vb_pending_num                0
vb_pending_num_non_resident   0
vb_pending_ops_create         0
vb_pending_ops_delete         0
vb_pending_ops_reject         0
vb_pending_ops_update         0
vb_pending_perc_mem_resident  100
vb_pending_queue_age          0
vb_pending_queue_drain        0
vb_pending_queue_fill         0
vb_pending_queue_memory       0
vb_pending_queue_pending      0
vb_pending_queue_size         0
vb_pending_rollback_item_count 0
vb_replica_backfill_queue_size 0
vb_replica_checkpoint_memory  0
vb_replica_checkpoint_memory_overhead 0
vb_replica_checkpoint_memory_unreferenced 0
vb_replica_curr_items         0
vb_replica_eject              0
vb_replica_expired            0
vb_replica_hp_vb_req_size     0
vb_replica_ht_memory          0
vb_replica_itm_memory         0
vb_replica_itm_memory_uncompressed 0
vb_replica_meta_data_disk     0
vb_replica_meta_data_memory   0
vb_replica_num                0
vb_replica_num_non_resident   0
vb_replica_ops_create         0
vb_replica_ops_delete         0
vb_replica_ops_reject         0
vb_replica_ops_update         0
vb_replica_perc_mem_resident  100
vb_replica_queue_age          0
vb_replica_queue_drain        0
vb_replica_queue_fill         0
vb_replica_queue_memory       0
vb_replica_queue_pending      0
vb_replica_queue_size         0
vb_replica_rollback_item_count 0
version                       6.0.0-1693
wbufs_allocated               0
wbufs_existing                0
wbufs_loaned                  3

[ns_doctor:debug,2019-07-04T11:53:33.641Z,ns_1@127.0.0.1:ns_doctor<0.287.0>:ns_doctor:handle_info:186]Current node statuses:
[{'ns_1@127.0.0.1',
     [{last_heard,1562241213639882},
      {now,1562241213587972},
      {active_buckets,["app"]},
      {ready_buckets,["app"]},
      {status_latency,51335},
      {outgoing_replications_safeness_level,[{"app",green}]},
      {incoming_replications_conf_hashes,[{"app",[]}]},
      {{service_status,fts},[{connected,true},{needs_rebalance,false}]},
      {{service_status,index},[{connected,true},{needs_rebalance,false}]},
      {local_tasks,[]},
      {memory,
          [{total,149111608},
           {processes,32153752},
           {processes_used,32113800},
           {system,116957856},
           {atom,736153},
           {atom_used,720005},
           {binary,4025720},
           {code,16508707},
           {ets,4138168}]},
      {cpu_count,2},
      {system_memory_data,
          [{system_total_memory,2096164864},
           {free_swap,996478976},
           {total_swap,1073737728},
           {cached_memory,332144640},
           {buffered_memory,40439808},
           {free_memory,737955840},
           {total_memory,2096164864}]},
      {node_storage_conf,
          [{db_path,"/opt/couchbase/var/lib/couchbase/data"},
           {index_path,"/opt/couchbase/var/lib/couchbase/data"}]},
      {statistics,
          [{wall_clock,{68841,4866}},
           {context_switches,{85536,0}},
           {garbage_collection,{22875,75872890,0}},
           {io,{{input,10620112},{output,4668588}}},
           {reductions,{39142664,1549493}},
           {run_queue,0},
           {runtime,{5850,450}},
           {run_queues,{0,0}}]},
      {system_stats,
          [{cpu_utilization_rate,7.653061224489796},
           {swap_total,1073737728},
           {swap_used,77258752},
           {mem_total,2096164864},
           {mem_free,1110634496}]},
      {interesting_stats,
          [{cmd_get,0.0},
           {couch_docs_actual_disk_size,4254060},
           {couch_docs_data_size,4241408},
           {couch_spatial_data_size,0},
           {couch_spatial_disk_size,0},
           {couch_views_actual_disk_size,0},
           {couch_views_data_size,0},
           {curr_items,0},
           {curr_items_tot,0},
           {ep_bg_fetched,0.0},
           {get_hits,0.0},
           {mem_used,21529432},
           {ops,0.0},
           {vb_active_num_non_resident,0},
           {vb_replica_curr_items,0}]},
      {per_bucket_interesting_stats,
          [{"app",
            [{cmd_get,0.0},
             {couch_docs_actual_disk_size,4254060},
             {couch_docs_data_size,4241408},
             {couch_spatial_data_size,0},
             {couch_spatial_disk_size,0},
             {couch_views_actual_disk_size,0},
             {couch_views_data_size,0},
             {curr_items,0},
             {curr_items_tot,0},
             {ep_bg_fetched,0.0},
             {get_hits,0.0},
             {mem_used,21529432},
             {ops,0.0},
             {vb_active_num_non_resident,0},
             {vb_replica_curr_items,0}]}]},
      {processes_stats,
          [{<<"sigar_port/mem_size">>,8826880},
           {<<"sigar_port/mem_resident">>,872448},
           {<<"sigar_port/major_faults_raw">>,1},
           {<<"sigar_port/cpu_utilization">>,0},
           {<<"saslauthd-port/mem_size">>,74063872},
           {<<"saslauthd-port/mem_resident">>,6348800},
           {<<"saslauthd-port/major_faults_raw">>,13},
           {<<"saslauthd-port/cpu_utilization">>,0},
           {<<"projector/mem_size">>,232976384},
           {<<"projector/mem_resident">>,11984896},
           {<<"projector/major_faults_raw">>,28},
           {<<"projector/cpu_utilization">>,0},
           {<<"ns_server/mem_size">>,1315651584},
           {<<"ns_server/mem_resident">>,135053312},
           {<<"ns_server/major_faults_raw">>,0},
           {<<"ns_server/cpu_utilization">>,9},
           {<<"memcached/mem_size">>,1713197056},
           {<<"memcached/mem_resident">>,301842432},
           {<<"memcached/major_faults_raw">>,75},
           {<<"memcached/cpu_utilization">>,2},
           {<<"indexer/mem_size">>,761573376},
           {<<"indexer/mem_resident">>,29020160},
           {<<"indexer/major_faults_raw">>,40},
           {<<"indexer/cpu_utilization">>,0},
           {<<"goxdcr/mem_size">>,88977408},
           {<<"goxdcr/mem_resident">>,10399744},
           {<<"goxdcr/major_faults_raw">>,37},
           {<<"goxdcr/cpu_utilization">>,0},
           {<<"goport/mem_size">>,24756224},
           {<<"goport/mem_resident">>,9277440},
           {<<"goport/major_faults_raw">>,6},
           {<<"goport/cpu_utilization">>,0},
           {<<"godu/mem_size">>,9723904},
           {<<"godu/mem_resident">>,2723840},
           {<<"godu/major_faults_raw">>,2},
           {<<"godu/cpu_utilization">>,0},
           {<<"couchdb/mem_size">>,1144270848},
           {<<"couchdb/mem_resident">>,100548608},
           {<<"couchdb/major_faults_raw">>,34},
           {<<"couchdb/cpu_utilization">>,0},
           {<<"cbq-engine/mem_size">>,108204032},
           {<<"cbq-engine/mem_resident">>,19517440},
           {<<"cbq-engine/major_faults_raw">>,57},
           {<<"cbq-engine/cpu_utilization">>,0},
           {<<"cbft/mem_size">>,225882112},
           {<<"cbft/mem_resident">>,18636800},
           {<<"cbft/major_faults_raw">>,74},
           {<<"cbft/cpu_utilization">>,1},
           {<<"babysitter/mem_size">>,1260474368},
           {<<"babysitter/mem_resident">>,81129472},
           {<<"babysitter/major_faults_raw">>,5},
           {<<"babysitter/cpu_utilization">>,0}]},
      {cluster_compatibility_version,393216},
      {version,
          [{lhttpc,"1.3.0"},
           {os_mon,"2.2.14"},
           {public_key,"0.21"},
           {asn1,"2.0.4"},
           {kernel,"2.16.4"},
           {ale,"6.0.0-1693-community"},
           {inets,"5.9.8"},
           {ns_server,"6.0.0-1693-community"},
           {crypto,"3.2"},
           {ssl,"5.3.3"},
           {sasl,"2.3.4"},
           {stdlib,"1.19.4"}]},
      {supported_compat_version,[6,0]},
      {advertised_version,[6,0,0]},
      {system_arch,"x86_64-unknown-linux-gnu"},
      {wall_clock,68},
      {memory_data,{2096164864,1303613440,{<0.137.0>,1115336}}},
      {disk_data,
          [{"/",61255492,64},
           {"/dev",65536,0},
           {"/sys/fs/cgroup",1023516,0},
           {"/etc/resolv.conf",61255492,64},
           {"/etc/hostname",61255492,64},
           {"/etc/hosts",61255492,64},
           {"/dev/shm",65536,0},
           {"/opt/couchbase/var",249854256,69},
           {"/proc/acpi",1023516,0},
           {"/proc/kcore",65536,0},
           {"/proc/keys",65536,0},
           {"/proc/timer_list",65536,0},
           {"/proc/sched_debug",65536,0},
           {"/sys/firmware",1023516,0}]},
      {meminfo,
          <<"MemTotal:        2047036 kB\nMemFree:          720660 kB\nMemAvailable:     976088 kB\nBuffers:           39492 kB\nCached:           324360 kB\nSwapCached:         1108 kB\nActive:           918304 kB\nInactive:         276184 kB\nActive(anon):     733628 kB\nInactive(anon):    97428 kB\nActive(file):     184676 kB\nInactive(file):   178756 kB\nUnevictable:           0 kB\nMlocked:               0 kB\nSwapTotal:       1048572 kB\nSwapFree:         973124 kB\nDirty:                16 kB\nWriteback:             0 kB\nAnonPages:        829816 kB\nMapped:           139788 kB\nShmem:               420 kB\nSlab:              89348 kB\nSReclaimable:      47596 kB\nSUnreclaim:        41752 kB\nKernelStack:       11904 kB\nPageTables:         7044 kB\nNFS_Unstable:          0 kB\nBounce:                0 kB\nWritebackTmp:          0 kB\nCommitLimit:     2072088 kB\nCommitted_AS:    2362620 kB\nVmallocTotal:   34359738367 kB\nVmallocUsed:           0 kB\nVmallocChunk:          0 kB\nAnonHugePages:         0 kB\nShmemHugePages:        0 kB\nShmemPmdMapped:        0 kB\nHugePages_Total:       0\nHugePages_Free:        0\nHugePages_Rsvd:        0\nHugePages_Surp:        0\nHugepagesize:       2048 kB\nDirectMap4k:      103852 kB\nDirectMap2M:     1992704 kB\n">>}]}]
[ns_doctor:debug,2019-07-04T11:54:33.641Z,ns_1@127.0.0.1:ns_doctor<0.287.0>:ns_doctor:handle_info:186]Current node statuses:
[{'ns_1@127.0.0.1',
     [{last_heard,1562241273615474},
      {now,1562241273587169},
      {active_buckets,["app"]},
      {ready_buckets,["app"]},
      {status_latency,28133},
      {outgoing_replications_safeness_level,[{"app",green}]},
      {incoming_replications_conf_hashes,[{"app",[]}]},
      {{service_status,fts},[{connected,true},{needs_rebalance,false}]},
      {{service_status,index},[{connected,true},{needs_rebalance,false}]},
      {local_tasks,[]},
      {memory,
          [{total,157376384},
           {processes,37841944},
           {processes_used,37787328},
           {system,119534440},
           {atom,736153},
           {atom_used,720005},
           {binary,5066600},
           {code,16508707},
           {ets,5648776}]},
      {cpu_count,2},
      {system_memory_data,
          [{system_total_memory,2096164864},
           {free_swap,996478976},
           {total_swap,1073737728},
           {cached_memory,339783680},
           {buffered_memory,40480768},
           {free_memory,559570944},
           {total_memory,2096164864}]},
      {node_storage_conf,
          [{db_path,"/opt/couchbase/var/lib/couchbase/data"},
           {index_path,"/opt/couchbase/var/lib/couchbase/data"}]},
      {statistics,
          [{wall_clock,{128817,5001}},
           {context_switches,{172888,0}},
           {garbage_collection,{38956,183786079,0}},
           {io,{{input,16647035},{output,9177718}}},
           {reductions,{83945074,2286657}},
           {run_queue,0},
           {runtime,{10880,190}},
           {run_queues,{0,0}}]},
      {system_stats,
          [{cpu_utilization_rate,14.136125654450261},
           {swap_total,1073737728},
           {swap_used,77258752},
           {mem_total,2096164864},
           {mem_free,939802624}]},
      {interesting_stats,
          [{cmd_get,0.0},
           {couch_docs_actual_disk_size,7747868},
           {couch_docs_data_size,4241408},
           {couch_spatial_data_size,0},
           {couch_spatial_disk_size,0},
           {couch_views_actual_disk_size,0},
           {couch_views_data_size,0},
           {curr_items,0},
           {curr_items_tot,0},
           {ep_bg_fetched,0.0},
           {get_hits,0.0},
           {mem_used,23672712},
           {ops,0.0},
           {vb_active_num_non_resident,0},
           {vb_replica_curr_items,0}]},
      {per_bucket_interesting_stats,
          [{"app",
            [{cmd_get,0.0},
             {couch_docs_actual_disk_size,7747868},
             {couch_docs_data_size,4241408},
             {couch_spatial_data_size,0},
             {couch_spatial_disk_size,0},
             {couch_views_actual_disk_size,0},
             {couch_views_data_size,0},
             {curr_items,0},
             {curr_items_tot,0},
             {ep_bg_fetched,0.0},
             {get_hits,0.0},
             {mem_used,23672712},
             {ops,0.0},
             {vb_active_num_non_resident,0},
             {vb_replica_curr_items,0}]}]},
      {processes_stats,
          [{<<"sigar_port/mem_size">>,8826880},
           {<<"sigar_port/mem_resident">>,872448},
           {<<"sigar_port/major_faults_raw">>,1},
           {<<"sigar_port/cpu_utilization">>,0},
           {<<"saslauthd-port/mem_size">>,74063872},
           {<<"saslauthd-port/mem_resident">>,6348800},
           {<<"saslauthd-port/major_faults_raw">>,13},
           {<<"saslauthd-port/cpu_utilization">>,0},
           {<<"projector/mem_size">>,460873728},
           {<<"projector/mem_resident">>,85516288},
           {<<"projector/major_faults_raw">>,32},
           {<<"projector/cpu_utilization">>,6},
           {<<"ns_server/mem_size">>,1328361472},
           {<<"ns_server/mem_resident">>,144732160},
           {<<"ns_server/major_faults_raw">>,0},
           {<<"ns_server/cpu_utilization">>,2},
           {<<"memcached/mem_size">>,1734168576},
           {<<"memcached/mem_resident">>,318722048},
           {<<"memcached/major_faults_raw">>,76},
           {<<"memcached/cpu_utilization">>,2},
           {<<"indexer/mem_size">>,869249024},
           {<<"indexer/mem_resident">>,65507328},
           {<<"indexer/major_faults_raw">>,46},
           {<<"indexer/cpu_utilization">>,6},
           {<<"goxdcr/mem_size">>,90058752},
           {<<"goxdcr/mem_resident">>,11419648},
           {<<"goxdcr/major_faults_raw">>,37},
           {<<"goxdcr/cpu_utilization">>,0},
           {<<"goport/mem_size">>,29442048},
           {<<"goport/mem_resident">>,11919360},
           {<<"goport/major_faults_raw">>,6},
           {<<"goport/cpu_utilization">>,0},
           {<<"godu/mem_size">>,13037568},
           {<<"godu/mem_resident">>,6262784},
           {<<"godu/major_faults_raw">>,2},
           {<<"godu/cpu_utilization">>,0},
           {<<"couchdb/mem_size">>,1145245696},
           {<<"couchdb/mem_resident">>,101507072},
           {<<"couchdb/major_faults_raw">>,34},
           {<<"couchdb/cpu_utilization">>,1},
           {<<"cbq-engine/mem_size">>,208666624},
           {<<"cbq-engine/mem_resident">>,46522368},
           {<<"cbq-engine/major_faults_raw">>,80},
           {<<"cbq-engine/cpu_utilization">>,0},
           {<<"cbft/mem_size">>,225882112},
           {<<"cbft/mem_resident">>,19144704},
           {<<"cbft/major_faults_raw">>,74},
           {<<"cbft/cpu_utilization">>,0},
           {<<"babysitter/mem_size">>,1260998656},
           {<<"babysitter/mem_resident">>,81690624},
           {<<"babysitter/major_faults_raw">>,5},
           {<<"babysitter/cpu_utilization">>,0}]},
      {cluster_compatibility_version,393216},
      {version,
          [{lhttpc,"1.3.0"},
           {os_mon,"2.2.14"},
           {public_key,"0.21"},
           {asn1,"2.0.4"},
           {kernel,"2.16.4"},
           {ale,"6.0.0-1693-community"},
           {inets,"5.9.8"},
           {ns_server,"6.0.0-1693-community"},
           {crypto,"3.2"},
           {ssl,"5.3.3"},
           {sasl,"2.3.4"},
           {stdlib,"1.19.4"}]},
      {supported_compat_version,[6,0]},
      {advertised_version,[6,0,0]},
      {system_arch,"x86_64-unknown-linux-gnu"},
      {wall_clock,128},
      {memory_data,{2096164864,1516302336,{<0.157.0>,1574032}}},
      {disk_data,
          [{"/",61255492,64},
           {"/dev",65536,0},
           {"/sys/fs/cgroup",1023516,0},
           {"/etc/resolv.conf",61255492,64},
           {"/etc/hostname",61255492,64},
           {"/etc/hosts",61255492,64},
           {"/dev/shm",65536,0},
           {"/opt/couchbase/var",249854256,69},
           {"/proc/acpi",1023516,0},
           {"/proc/kcore",65536,0},
           {"/proc/keys",65536,0},
           {"/proc/timer_list",65536,0},
           {"/proc/sched_debug",65536,0},
           {"/sys/firmware",1023516,0}]},
      {meminfo,
          <<"MemTotal:        2047036 kB\nMemFree:          546456 kB\nMemAvailable:     809420 kB\nBuffers:           39532 kB\nCached:           331820 kB\nSwapCached:         1108 kB\nActive:          1084196 kB\nInactive:         283644 kB\nActive(anon):     899480 kB\nInactive(anon):    97428 kB\nActive(file):     184716 kB\nInactive(file):   186216 kB\nUnevictable:           0 kB\nMlocked:               0 kB\nSwapTotal:       1048572 kB\nSwapFree:         973124 kB\nDirty:                 4 kB\nWriteback:             0 kB\nAnonPages:        995664 kB\nMapped:           142788 kB\nShmem:               420 kB\nSlab:              89572 kB\nSReclaimable:      47668 kB\nSUnreclaim:        41904 kB\nKernelStack:       11968 kB\nPageTables:         7472 kB\nNFS_Unstable:          0 kB\nBounce:                0 kB\nWritebackTmp:          0 kB\nCommitLimit:     2072088 kB\nCommitted_AS:    2607684 kB\nVmallocTotal:   34359738367 kB\nVmallocUsed:           0 kB\nVmallocChunk:          0 kB\nAnonHugePages:         0 kB\nShmemHugePages:        0 kB\nShmemPmdMapped:        0 kB\nHugePages_Total:       0\nHugePages_Free:        0\nHugePages_Rsvd:        0\nHugePages_Surp:        0\nHugepagesize:       2048 kB\nDirectMap4k:      103852 kB\nDirectMap2M:     1992704 kB\n">>}]}]
[stats:debug,2019-07-04T11:55:07.433Z,ns_1@127.0.0.1:<0.2431.0>:stats_collector:log_stats:111](at {{2019,7,4},{11,55,7}} (1562241307410)) Stats for bucket "app":
ep_dcp_2i_backoff             0.0
ep_dcp_2i_count               5
ep_dcp_2i_items_remaining     0
ep_dcp_2i_items_sent          0.0
ep_dcp_2i_producer_count      5
ep_dcp_2i_total_backlog_size  0
ep_dcp_2i_total_bytes         0.0
ep_dcp_cbas_backoff           0.0
ep_dcp_cbas_count             0
ep_dcp_cbas_items_remaining   0
ep_dcp_cbas_items_sent        0.0
ep_dcp_cbas_producer_count    0
ep_dcp_cbas_total_backlog_size 0
ep_dcp_cbas_total_bytes       0.0
ep_dcp_fts_backoff            0.0
ep_dcp_fts_count              0
ep_dcp_fts_items_remaining    0
ep_dcp_fts_items_sent         0.0
ep_dcp_fts_producer_count     0
ep_dcp_fts_total_backlog_size 0
ep_dcp_fts_total_bytes        0.0
ep_dcp_other_backoff          0.0
ep_dcp_other_count            0
ep_dcp_other_items_remaining  0
ep_dcp_other_items_sent       0.0
ep_dcp_other_producer_count   0
ep_dcp_other_total_backlog_size 0
ep_dcp_other_total_bytes      0.0
ep_dcp_replica_backoff        0.0
ep_dcp_replica_count          0
ep_dcp_replica_items_remaining 0
ep_dcp_replica_items_sent     0.0
ep_dcp_replica_producer_count 0
ep_dcp_replica_total_backlog_size 0
ep_dcp_replica_total_bytes    0.0
ep_dcp_views_backoff          0.0
ep_dcp_views_count            0
ep_dcp_views_items_remaining  0
ep_dcp_views_items_sent       0.0
ep_dcp_views_producer_count   0
ep_dcp_views_total_backlog_size 0
ep_dcp_views_total_bytes      0.0
ep_dcp_xdcr_backoff           0.0
ep_dcp_xdcr_count             0
ep_dcp_xdcr_items_remaining   0
ep_dcp_xdcr_items_sent        0.0
ep_dcp_xdcr_producer_count    0
ep_dcp_xdcr_total_backlog_size 0
ep_dcp_xdcr_total_bytes       0.0
accepting_conns               1
auth_cmds                     0
auth_errors                   0
bytes                         23672712
bytes_read                    155531
bytes_subdoc_lookup_extracted 0
bytes_subdoc_lookup_total     0
bytes_subdoc_mutation_inserted 0
bytes_subdoc_mutation_total   0
bytes_written                 9059579
cas_badval                    0
cas_hits                      0
cas_misses                    0
cmd_flush                     0
cmd_get                       0
cmd_lock                      0
cmd_lookup_10s_count          0
cmd_lookup_10s_duration_us    0
cmd_mutation_10s_count        0
cmd_mutation_10s_duration_us  0
cmd_set                       0
cmd_subdoc_lookup             0
cmd_subdoc_mutation           0
cmd_total_gets                0
cmd_total_ops                 0
cmd_total_sets                0
conn_yields                   1
connection_structures         13
curr_connections              17
curr_conns_on_port_11209      8
curr_conns_on_port_11210      9
curr_items                    0
curr_items_tot                0
curr_temp_items               0
daemon_connections            4
decr_hits                     0
decr_misses                   0
delete_hits                   0
delete_misses                 0
ep_access_scanner_enabled     true
ep_access_scanner_last_runtime 0
ep_access_scanner_num_items   0
ep_access_scanner_task_time   2019-07-05 02:00:01
ep_active_ahead_exceptions    0
ep_active_behind_exceptions   0
ep_active_datatype_json       0
ep_active_datatype_json,xattr 0
ep_active_datatype_raw        0
ep_active_datatype_snappy     0
ep_active_datatype_snappy,json 0
ep_active_datatype_snappy,json,xattr 0
ep_active_datatype_snappy,xattr 0
ep_active_datatype_xattr      0
ep_active_hlc_drift           0
ep_active_hlc_drift_count     0
ep_alog_block_size            4096
ep_alog_max_stored_items      1024
ep_alog_path                  /opt/couchbase/var/lib/couchbase/data/app/access.log
ep_alog_resident_ratio_threshold 95
ep_alog_sleep_time            1440
ep_alog_task_time             2
ep_backend                    couchdb
ep_backfill_mem_threshold     96
ep_bfilter_enabled            true
ep_bfilter_fp_prob            0.01
ep_bfilter_key_count          10000
ep_bfilter_residency_threshold 0.1
ep_bg_fetch_avg_read_amplification 0
ep_bg_fetch_delay             0
ep_bg_fetched                 0
ep_bg_meta_fetched            0
ep_bg_remaining_items         0
ep_bg_remaining_jobs          0
ep_blob_num                   0
ep_blob_overhead              0
ep_bucket_priority            LOW
ep_bucket_type                persistent
ep_cache_size                 1042284544
ep_checkpoint_memory          362496
ep_checkpoint_memory_overhead 116736
ep_checkpoint_memory_unreferenced 0
ep_chk_max_items              10000
ep_chk_period                 5
ep_chk_persistence_remains    0
ep_chk_persistence_timeout    10
ep_chk_remover_stime          5
ep_clock_cas_drift_threshold_exceeded 0
ep_collections_max_size       1000
ep_collections_prototype_enabled false
ep_commit_num                 0
ep_commit_time                0
ep_commit_time_total          0
ep_compaction_exp_mem_threshold 85
ep_compaction_write_queue_cap 10000
ep_compression_mode           off
ep_config_file                
ep_conflict_resolution_type   seqno
ep_connection_manager_interval 1
ep_couch_bucket               app
ep_cursor_dropping_checkpoint_mem_lower_mark 30
ep_cursor_dropping_checkpoint_mem_upper_mark 50
ep_cursor_dropping_lower_mark 80
ep_cursor_dropping_lower_threshold 833827635
ep_cursor_dropping_upper_mark 95
ep_cursor_dropping_upper_threshold 990170316
ep_cursor_memory_freed        0
ep_cursors_dropped            0
ep_data_read_failed           0
ep_data_traffic_enabled       false
ep_data_write_failed          0
ep_db_data_size               223347
ep_db_file_size               4241408
ep_dbname                     /opt/couchbase/var/lib/couchbase/data/app
ep_dcp_backfill_byte_limit    20972856
ep_dcp_conn_buffer_size       10485760
ep_dcp_conn_buffer_size_aggr_mem_threshold 10
ep_dcp_conn_buffer_size_aggressive_perc 5
ep_dcp_conn_buffer_size_max   52428800
ep_dcp_conn_buffer_size_perc  1
ep_dcp_consumer_process_buffered_messages_batch_size 10
ep_dcp_consumer_process_buffered_messages_yield_limit 10
ep_dcp_enable_noop            true
ep_dcp_ephemeral_backfill_type buffered
ep_dcp_flow_control_policy    aggressive
ep_dcp_idle_timeout           360
ep_dcp_max_unacked_bytes      524288
ep_dcp_min_compression_ratio  0.85
ep_dcp_noop_mandatory_for_v5_features true
ep_dcp_noop_tx_interval       1
ep_dcp_producer_snapshot_marker_yield_limit 10
ep_dcp_scan_byte_limit        4194304
ep_dcp_scan_item_limit        4096
ep_dcp_takeover_max_time      60
ep_defragmenter_age_threshold 10
ep_defragmenter_chunk_duration 20
ep_defragmenter_enabled       true
ep_defragmenter_interval      10
ep_defragmenter_num_moved     0
ep_defragmenter_num_visited   0
ep_degraded_mode              false
ep_diskqueue_drain            1024
ep_diskqueue_fill             1024
ep_diskqueue_items            0
ep_diskqueue_memory           0
ep_diskqueue_pending          0
ep_enable_chk_merge           false
ep_exp_pager_enabled          true
ep_exp_pager_initial_run_time -1
ep_exp_pager_stime            3600
ep_expired_access             0
ep_expired_compactor          0
ep_expired_pager              0
ep_expiry_pager_task_time     2019-07-04 12:53:26
ep_failpartialwarmup          false
ep_flush_all                  false
ep_flush_duration_total       13700
ep_flusher_batch_split_trigger 1000000
ep_flusher_state              running
ep_flusher_todo               0
ep_fsync_after_every_n_bytes_written 16777216
ep_getl_default_timeout       15
ep_getl_max_timeout           30
ep_hlc_drift_ahead_threshold_us 5000000
ep_hlc_drift_behind_threshold_us 5000000
ep_ht_eviction_policy         hifi_mfu
ep_ht_locks                   47
ep_ht_resize_interval         1
ep_ht_size                    47
ep_initfile                   
ep_io_bg_fetch_read_count     0
ep_io_compaction_read_bytes   0
ep_io_compaction_write_bytes  0
ep_io_total_read_bytes        0
ep_io_total_write_bytes       314483
ep_item_begin_failed          0
ep_item_commit_failed         0
ep_item_compressor_chunk_duration 20
ep_item_compressor_interval   250
ep_item_compressor_num_compressed 0
ep_item_compressor_num_visited 0
ep_item_eviction_age_percentage 30
ep_item_eviction_freq_counter_age_threshold 1
ep_item_eviction_policy       value_only
ep_item_flush_expired         0
ep_item_flush_failed          0
ep_item_freq_decayer_chunk_duration 20
ep_item_freq_decayer_percent  50
ep_item_num                   3072
ep_item_num_based_new_chk     true
ep_items_rm_from_checkpoints  0
ep_keep_closed_chks           false
ep_kv_size                    0
ep_max_bg_remaining_jobs      0
ep_max_checkpoints            2
ep_max_failover_entries       25
ep_max_item_privileged_bytes  1048576
ep_max_item_size              20971520
ep_max_num_shards             4
ep_max_num_workers            3
ep_max_size                   1042284544
ep_max_threads                0
ep_max_ttl                    0
ep_max_vbuckets               1024
ep_mem_high_wat               885941862
ep_mem_high_wat_percent       0.85
ep_mem_low_wat                781713408
ep_mem_low_wat_percent        0.75
ep_mem_tracker_enabled        true
ep_mem_used_merge_threshold_percent 0.5
ep_meta_data_disk             0
ep_meta_data_memory           0
ep_min_compression_ratio      1.2
ep_mutation_mem_threshold     93
ep_num_access_scanner_runs    0
ep_num_access_scanner_skips   0
ep_num_auxio_threads          0
ep_num_eject_failures         0
ep_num_expiry_pager_runs      0
ep_num_freq_decayer_runs      1
ep_num_non_resident           0
ep_num_nonio_threads          0
ep_num_not_my_vbuckets        0
ep_num_ops_del_meta           0
ep_num_ops_del_meta_res_fail  0
ep_num_ops_del_ret_meta       0
ep_num_ops_get_meta           0
ep_num_ops_get_meta_on_set_meta 0
ep_num_ops_set_meta           0
ep_num_ops_set_meta_res_fail  0
ep_num_ops_set_ret_meta       0
ep_num_pager_runs             0
ep_num_reader_threads         0
ep_num_value_ejects           0
ep_num_workers                12
ep_num_writer_threads         0
ep_oom_errors                 0
ep_overhead                   5001880
ep_pager_active_vb_pcnt       40
ep_pager_sleep_time_ms        5000
ep_pending_compactions        0
ep_pending_ops                0
ep_pending_ops_max            0
ep_pending_ops_max_duration   0
ep_pending_ops_total          0
ep_persist_vbstate_total      1024
ep_postInitfile               
ep_queue_size                 0
ep_replica_ahead_exceptions   0
ep_replica_behind_exceptions  0
ep_replica_datatype_json      0
ep_replica_datatype_json,xattr 0
ep_replica_datatype_raw       0
ep_replica_datatype_snappy    0
ep_replica_datatype_snappy,json 0
ep_replica_datatype_snappy,json,xattr 0
ep_replica_datatype_snappy,xattr 0
ep_replica_datatype_xattr     0
ep_replica_hlc_drift          0
ep_replica_hlc_drift_count    0
ep_replication_throttle_cap_pcnt 10
ep_replication_throttle_queue_cap -1
ep_replication_throttle_threshold 99
ep_rocksdb_bbt_options        block_size=16384,cache_index_and_filter_blocks=true,pin_l0_filter_and_index_blocks_in_cache=true,cache_index_and_filter_blocks_with_high_priority=true,index_type=kTwoLevelIndexSearch,partition_filters=true
ep_rocksdb_block_cache_high_pri_pool_ratio 0.9
ep_rocksdb_block_cache_ratio  0.1
ep_rocksdb_cf_options         
ep_rocksdb_default_cf_optimize_compaction none
ep_rocksdb_high_pri_background_threads 0
ep_rocksdb_low_pri_background_threads 0
ep_rocksdb_memtables_ratio    0.1
ep_rocksdb_options            bytes_per_sync=1048576,stats_dump_period_sec=600
ep_rocksdb_seqno_cf_optimize_compaction none
ep_rocksdb_stats_level        kExceptTimeForMutex
ep_rocksdb_uc_max_size_amplification_percent 200
ep_rocksdb_write_rate_limit   0
ep_rollback_count             0
ep_startup_time               1562241205
ep_storage_age                0
ep_storage_age_highwat        0
ep_storedval_num              0
ep_storedval_overhead         0
ep_storedval_size             0
ep_time_synchronization       disabled
ep_tmp_oom_errors             0
ep_total_cache_size           0
ep_total_del_items            0
ep_total_enqueued             1024
ep_total_new_items            0
ep_total_persisted            0
ep_uncommitted_items          0
ep_uuid                       5b6ce58456b7220bfb025f341cb20648
ep_value_size                 0
ep_vb0                        false
ep_vb_backfill_queue_size     0
ep_vb_total                   1024
ep_vbucket_del                0
ep_vbucket_del_fail           0
ep_waitforwarmup              false
ep_warmup                     true
ep_warmup_batch_size          10000
ep_warmup_dups                0
ep_warmup_min_items_threshold 100
ep_warmup_min_memory_threshold 100
ep_warmup_oom                 0
ep_warmup_thread              complete
ep_warmup_time                88008
ep_workload_pattern           read_heavy
ep_xattr_enabled              true
get_hits                      0
get_misses                    0
incr_hits                     0
incr_misses                   0
iovused_high_watermark        1
libevent                      2.1.8-beta
listen_disabled_num           0
lock_errors                   0
max_conns_on_port_11209       5000
max_conns_on_port_11210       30000
mem_used                      23672712
mem_used_estimate             23672712
memcached_version             d0c17cc8a803812c2d2a304479cc3a0b200c9aba
msgused_high_watermark        1
pid                           213
pointer_size                  64
rbufs_allocated               3
rbufs_existing                2263
rbufs_loaned                  2784
rejected_conns                0
rollback_item_count           0
stat_reset                    Thu Jul  4 11:52:35 2019
threads                       4
time                          1562241307
total_connections             23
total_resp_errors             0
uptime                        152
vb_active_backfill_queue_size 0
vb_active_checkpoint_memory   362496
vb_active_checkpoint_memory_overhead 116736
vb_active_checkpoint_memory_unreferenced 0
vb_active_curr_items          0
vb_active_eject               0
vb_active_expired             0
vb_active_hp_vb_req_size      0
vb_active_ht_memory           2629632
vb_active_itm_memory          0
vb_active_itm_memory_uncompressed 0
vb_active_meta_data_disk      0
vb_active_meta_data_memory    0
vb_active_num                 1024
vb_active_num_non_resident    0
vb_active_ops_create          0
vb_active_ops_delete          0
vb_active_ops_reject          0
vb_active_ops_update          0
vb_active_perc_mem_resident   100
vb_active_queue_age           0
vb_active_queue_drain         1024
vb_active_queue_fill          1024
vb_active_queue_memory        0
vb_active_queue_pending       0
vb_active_queue_size          0
vb_active_rollback_item_count 0
vb_dead_num                   0
vb_pending_backfill_queue_size 0
vb_pending_checkpoint_memory  0
vb_pending_checkpoint_memory_overhead 0
vb_pending_checkpoint_memory_unreferenced 0
vb_pending_curr_items         0
vb_pending_eject              0
vb_pending_expired            0
vb_pending_hp_vb_req_size     0
vb_pending_ht_memory          0
vb_pending_itm_memory         0
vb_pending_itm_memory_uncompressed 0
vb_pending_meta_data_disk     0
vb_pending_meta_data_memory   0
vb_pending_num                0
vb_pending_num_non_resident   0
vb_pending_ops_create         0
vb_pending_ops_delete         0
vb_pending_ops_reject         0
vb_pending_ops_update         0
vb_pending_perc_mem_resident  100
vb_pending_queue_age          0
vb_pending_queue_drain        0
vb_pending_queue_fill         0
vb_pending_queue_memory       0
vb_pending_queue_pending      0
vb_pending_queue_size         0
vb_pending_rollback_item_count 0
vb_replica_backfill_queue_size 0
vb_replica_checkpoint_memory  0
vb_replica_checkpoint_memory_overhead 0
vb_replica_checkpoint_memory_unreferenced 0
vb_replica_curr_items         0
vb_replica_eject              0
vb_replica_expired            0
vb_replica_hp_vb_req_size     0
vb_replica_ht_memory          0
vb_replica_itm_memory         0
vb_replica_itm_memory_uncompressed 0
vb_replica_meta_data_disk     0
vb_replica_meta_data_memory   0
vb_replica_num                0
vb_replica_num_non_resident   0
vb_replica_ops_create         0
vb_replica_ops_delete         0
vb_replica_ops_reject         0
vb_replica_ops_update         0
vb_replica_perc_mem_resident  100
vb_replica_queue_age          0
vb_replica_queue_drain        0
vb_replica_queue_fill         0
vb_replica_queue_memory       0
vb_replica_queue_pending      0
vb_replica_queue_size         0
vb_replica_rollback_item_count 0
version                       6.0.0-1693
wbufs_allocated               3
wbufs_existing                2263
wbufs_loaned                  2784

[ns_doctor:debug,2019-07-04T11:55:59.467Z,ns_1@127.0.0.1:ns_doctor<0.282.0>:ns_doctor:handle_info:182]Got initial status:
[{'ns_1@127.0.0.1',
     [{last_heard,1562241359477505},
      {now,1562241359380311},
      {active_buckets,[]},
      {ready_buckets,[]},
      {status_latency,76962},
      {outgoing_replications_safeness_level,[{"app",unknown}]},
      {incoming_replications_conf_hashes,[{"app",[]}]},
      {{service_status,fts},[{connected,false}]},
      {{service_status,index},[{connected,false}]},
      {local_tasks,
          [[{type,warming_up},
            {bucket,<<"app">>},
            {node,'ns_1@127.0.0.1'},
            {recommendedRefreshPeriod,2.0},
            {stats,
                {struct,
                    [{<<"ep_warmup_state">>,<<"starting ep-engine">>}]}}]]},
      {memory,
          [{total,131147800},
           {processes,22977992},
           {processes_used,22975040},
           {system,108169808},
           {atom,545377},
           {atom_used,519518},
           {binary,1026952},
           {code,12876769},
           {ets,2658952}]},
      {cpu_count,2},
      {system_memory_data,
          [{system_total_memory,2096164864},
           {free_swap,996478976},
           {total_swap,1073737728},
           {cached_memory,338251776},
           {buffered_memory,40660992},
           {free_memory,1067900928},
           {total_memory,2096164864}]},
      {node_storage_conf,
          [{db_path,"/opt/couchbase/var/lib/couchbase/data"},
           {index_path,"/opt/couchbase/var/lib/couchbase/data"}]},
      {statistics,
          [{wall_clock,{9367,233}},
           {context_switches,{32558,0}},
           {garbage_collection,{6528,38891423,0}},
           {io,{{input,7236663},{output,1381281}}},
           {reductions,{22584913,179530}},
           {run_queue,0},
           {runtime,{2110,110}},
           {run_queues,{0,0}}]},
      {system_stats,
          [{cpu_utilization_rate,0},
           {swap_total,0},
           {swap_used,0},
           {mem_total,0},
           {mem_free,0}]},
      {interesting_stats,[]},
      {per_bucket_interesting_stats,[{"app",[]}]},
      {processes_stats,[]},
      {cluster_compatibility_version,393216},
      {version,
          [{lhttpc,"1.3.0"},
           {os_mon,"2.2.14"},
           {public_key,"0.21"},
           {asn1,"2.0.4"},
           {kernel,"2.16.4"},
           {ale,"6.0.0-1693-community"},
           {inets,"5.9.8"},
           {ns_server,"6.0.0-1693-community"},
           {crypto,"3.2"},
           {ssl,"5.3.3"},
           {sasl,"2.3.4"},
           {stdlib,"1.19.4"}]},
      {supported_compat_version,[6,0]},
      {advertised_version,[6,0,0]},
      {system_arch,"x86_64-unknown-linux-gnu"},
      {wall_clock,9},
      {memory_data,{2096164864,917614592,{<0.125.0>,3147272}}},
      {disk_data,
          [{"/",61255492,64},
           {"/dev",65536,0},
           {"/sys/fs/cgroup",1023516,0},
           {"/etc/resolv.conf",61255492,64},
           {"/etc/hostname",61255492,64},
           {"/etc/hosts",61255492,64},
           {"/dev/shm",65536,0},
           {"/opt/couchbase/var",249854256,69},
           {"/proc/acpi",1023516,0},
           {"/proc/kcore",65536,0},
           {"/proc/keys",65536,0},
           {"/proc/timer_list",65536,0},
           {"/proc/sched_debug",65536,0},
           {"/sys/firmware",1023516,0}]},
      {meminfo,
          <<"MemTotal:        2047036 kB\nMemFree:         1043492 kB\nMemAvailable:    1305840 kB\nBuffers:           39708 kB\nCached:           330316 kB\nSwapCached:         1108 kB\nActive:           625012 kB\nInactive:         251768 kB\nActive(anon):     409752 kB\nInactive(anon):    97424 kB\nActive(file):     215260 kB\nInactive(file):   154344 kB\nUnevictable:           0 kB\nMlocked:               0 kB\nSwapTotal:       1048572 kB\nSwapFree:         973124 kB\nDirty:                92 kB\nWriteback:             0 kB\nAnonPages:        505936 kB\nMapped:            66960 kB\nShmem:               420 kB\nSlab:              89720 kB\nSReclaimable:      49096 kB\nSUnreclaim:        40624 kB\nKernelStack:       10016 kB\nPageTables:         4856 kB\nNFS_Unstable:          0 kB\nBounce:                0 kB\nWritebackTmp:          0 kB\nCommitLimit:     2072088 kB\nCommitted_AS:    1621192 kB\nVmallocTotal:   34359738367 kB\nVmallocUsed:           0 kB\nVmallocChunk:          0 kB\nAnonHugePages:         0 kB\nShmemHugePages:        0 kB\nShmemPmdMapped:        0 kB\nHugePages_Total:       0\nHugePages_Free:        0\nHugePages_Rsvd:        0\nHugePages_Surp:        0\nHugepagesize:       2048 kB\nDirectMap4k:      103852 kB\nDirectMap2M:     1992704 kB\n">>}]}]
[stats:error,2019-07-04T11:56:03.988Z,ns_1@127.0.0.1:<0.475.0>:base_stats_collector:handle_info:109](Collector: stats_collector) Exception in stats collector: {exit,
                                                            {{bad_return_value,
                                                              {stop,
                                                               {error,
                                                                couldnt_connect_to_memcached}}},
                                                             {gen_server,
                                                              call,
                                                              ['ns_memcached-app',
                                                               {stats,<<>>},
                                                               180000]}},
                                                            [{gen_server,
                                                              call,3,
                                                              [{file,
                                                                "gen_server.erl"},
                                                               {line,188}]},
                                                             {ns_memcached,
                                                              do_call,3,
                                                              [{file,
                                                                "src/ns_memcached.erl"},
                                                               {line,1325}]},
                                                             {stats_collector,
                                                              grab_stats,1,
                                                              [{file,
                                                                "src/stats_collector.erl"},
                                                               {line,68}]},
                                                             {base_stats_collector,
                                                              handle_info,2,
                                                              [{file,
                                                                "src/base_stats_collector.erl"},
                                                               {line,89}]},
                                                             {gen_server,
                                                              handle_msg,5,
                                                              [{file,
                                                                "gen_server.erl"},
                                                               {line,604}]},
                                                             {proc_lib,
                                                              init_p_do_apply,
                                                              3,
                                                              [{file,
                                                                "proc_lib.erl"},
                                                               {line,239}]}]}

[stats:error,2019-07-04T11:56:03.990Z,ns_1@127.0.0.1:<0.475.0>:base_stats_collector:handle_info:109](Collector: stats_collector) Exception in stats collector: {exit,
                                                            {noproc,
                                                             {gen_server,
                                                              call,
                                                              ['ns_memcached-app',
                                                               {stats,<<>>},
                                                               180000]}},
                                                            [{gen_server,
                                                              call,3,
                                                              [{file,
                                                                "gen_server.erl"},
                                                               {line,188}]},
                                                             {ns_memcached,
                                                              do_call,3,
                                                              [{file,
                                                                "src/ns_memcached.erl"},
                                                               {line,1325}]},
                                                             {stats_collector,
                                                              grab_stats,1,
                                                              [{file,
                                                                "src/stats_collector.erl"},
                                                               {line,68}]},
                                                             {base_stats_collector,
                                                              handle_info,2,
                                                              [{file,
                                                                "src/base_stats_collector.erl"},
                                                               {line,89}]},
                                                             {gen_server,
                                                              handle_msg,5,
                                                              [{file,
                                                                "gen_server.erl"},
                                                               {line,604}]},
                                                             {proc_lib,
                                                              init_p_do_apply,
                                                              3,
                                                              [{file,
                                                                "proc_lib.erl"},
                                                               {line,239}]}]}

[stats:warn,2019-07-04T11:56:06.476Z,ns_1@127.0.0.1:<0.407.0>:base_stats_collector:latest_tick:69](Collector: global_stats_collector) Dropped 4 ticks
[stats:warn,2019-07-04T11:56:17.065Z,ns_1@127.0.0.1:system_stats_collector<0.380.0>:base_stats_collector:latest_tick:69](Collector: system_stats_collector) Dropped 1 ticks
[stats:warn,2019-07-04T11:56:17.069Z,ns_1@127.0.0.1:<0.407.0>:base_stats_collector:latest_tick:69](Collector: global_stats_collector) Dropped 1 ticks
[stats:warn,2019-07-04T11:56:17.073Z,ns_1@127.0.0.1:query_stats_collector<0.402.0>:base_stats_collector:latest_tick:69](Collector: query_stats_collector) Dropped 1 ticks
[stats:warn,2019-07-04T11:56:17.081Z,ns_1@127.0.0.1:service_stats_collector-index<0.434.0>:base_stats_collector:latest_tick:69](Collector: service_stats_collector) Dropped 1 ticks
[stats:warn,2019-07-04T11:56:17.235Z,ns_1@127.0.0.1:service_stats_collector-fts<0.431.0>:base_stats_collector:latest_tick:69](Collector: service_stats_collector) Dropped 1 ticks
[ns_doctor:debug,2019-07-04T11:56:58.839Z,ns_1@127.0.0.1:ns_doctor<0.282.0>:ns_doctor:handle_info:186]Current node statuses:
[{'ns_1@127.0.0.1',
     [{last_heard,1562241417359401},
      {stale_slow_status,1562241364325231},
      {now,1562241407356134},
      {active_buckets,["app"]},
      {ready_buckets,[]},
      {status_latency,277859},
      {outgoing_replications_safeness_level,[{"app",unknown}]},
      {incoming_replications_conf_hashes,[{"app",[]}]},
      {{service_status,fts},[{connected,false}]},
      {{service_status,index},[{connected,false}]},
      {local_tasks,[]},
      {memory,
          [{total,151479520},
           {processes,37735080},
           {processes_used,37720704},
           {system,113744440},
           {atom,695185},
           {atom_used,681062},
           {binary,1323344},
           {code,15714570},
           {ets,4617952}]},
      {cpu_count,2},
      {system_memory_data,
          [{system_total_memory,2096164864},
           {free_swap,996478976},
           {total_swap,1073737728},
           {cached_memory,338239488},
           {buffered_memory,40669184},
           {free_memory,1021669376},
           {total_memory,2096164864}]},
      {node_storage_conf,
          [{db_path,"/opt/couchbase/var/lib/couchbase/data"},
           {index_path,"/opt/couchbase/var/lib/couchbase/data"}]},
      {statistics,
          [{wall_clock,{14531,549}},
           {context_switches,{41635,0}},
           {garbage_collection,{9607,44950910,0}},
           {io,{{input,9979335},{output,2114702}}},
           {reductions,{25177019,346270}},
           {run_queue,0},
           {runtime,{3090,200}},
           {run_queues,{0,0}}]},
      {system_stats,
          [{cpu_utilization_rate,100.0},
           {swap_total,1073737728},
           {swap_used,77258752},
           {mem_total,2096164864},
           {mem_free,1400696832}]},
      {interesting_stats,
          [{cmd_get,0.0},
           {couch_docs_actual_disk_size,4254060},
           {couch_docs_data_size,4241408},
           {couch_spatial_data_size,0},
           {couch_spatial_disk_size,0},
           {couch_views_actual_disk_size,0},
           {couch_views_data_size,0},
           {curr_items,0},
           {curr_items_tot,0},
           {ep_bg_fetched,0.0},
           {get_hits,0.0},
           {mem_used,23672712},
           {ops,0.0},
           {vb_active_num_non_resident,0},
           {vb_replica_curr_items,0}]},
      {per_bucket_interesting_stats,
          [{"app",
            [{cmd_get,0.0},
             {couch_docs_actual_disk_size,4254060},
             {couch_docs_data_size,4241408},
             {couch_spatial_data_size,0},
             {couch_spatial_disk_size,0},
             {couch_views_actual_disk_size,0},
             {couch_views_data_size,0},
             {curr_items,0},
             {curr_items_tot,0},
             {ep_bg_fetched,0.0},
             {get_hits,0.0},
             {mem_used,23672712},
             {ops,0.0},
             {vb_active_num_non_resident,0},
             {vb_replica_curr_items,0}]}]},
      {processes_stats,
          [{<<"sigar_port/mem_size">>,8826880},
           {<<"sigar_port/mem_resident">>,823296},
           {<<"sigar_port/major_faults_raw">>,0},
           {<<"sigar_port/cpu_utilization">>,0},
           {<<"projector/mem_size">>,97054720},
           {<<"projector/mem_resident">>,12505088},
           {<<"projector/major_faults_raw">>,0},
           {<<"projector/cpu_utilization">>,0},
           {<<"ns_server/mem_size">>,1336393728},
           {<<"ns_server/mem_resident">>,134647808},
           {<<"ns_server/major_faults_raw">>,0},
           {<<"ns_server/cpu_utilization">>,38},
           {<<"goport/mem_size">>,6537216},
           {<<"goport/mem_resident">>,1908736},
           {<<"goport/major_faults_raw">>,0},
           {<<"goport/cpu_utilization">>,0},
           {<<"godu/mem_size">>,6938624},
           {<<"godu/mem_resident">>,2789376},
           {<<"godu/major_faults_raw">>,0},
           {<<"godu/cpu_utilization">>,0},
           {<<"couchdb/mem_size">>,1150050304},
           {<<"couchdb/mem_resident">>,103247872},
           {<<"couchdb/major_faults_raw">>,0},
           {<<"couchdb/cpu_utilization">>,0},
           {<<"child_setup/mem_size">>,82976768},
           {<<"child_setup/mem_resident">>,11354112},
           {<<"child_setup/major_faults_raw">>,0},
           {<<"child_setup/cpu_utilization">>,59},
           {<<"babysitter/mem_size">>,1273970688},
           {<<"babysitter/mem_resident">>,91979776},
           {<<"babysitter/major_faults_raw">>,0},
           {<<"babysitter/cpu_utilization">>,2}]},
      {cluster_compatibility_version,393216},
      {version,
          [{lhttpc,"1.3.0"},
           {os_mon,"2.2.14"},
           {public_key,"0.21"},
           {asn1,"2.0.4"},
           {kernel,"2.16.4"},
           {ale,"6.0.0-1693-community"},
           {inets,"5.9.8"},
           {ns_server,"6.0.0-1693-community"},
           {crypto,"3.2"},
           {ssl,"5.3.3"},
           {sasl,"2.3.4"},
           {stdlib,"1.19.4"}]},
      {supported_compat_version,[6,0]},
      {advertised_version,[6,0,0]},
      {system_arch,"x86_64-unknown-linux-gnu"},
      {wall_clock,14},
      {memory_data,{2096164864,917614592,{<0.125.0>,3147272}}},
      {disk_data,
          [{"/",61255492,64},
           {"/dev",65536,0},
           {"/sys/fs/cgroup",1023516,0},
           {"/etc/resolv.conf",61255492,64},
           {"/etc/hostname",61255492,64},
           {"/etc/hosts",61255492,64},
           {"/dev/shm",65536,0},
           {"/opt/couchbase/var",249854256,69},
           {"/proc/acpi",1023516,0},
           {"/proc/kcore",65536,0},
           {"/proc/keys",65536,0},
           {"/proc/timer_list",65536,0},
           {"/proc/sched_debug",65536,0},
           {"/sys/firmware",1023516,0}]},
      {meminfo,
          <<"MemTotal:        2047036 kB\nMemFree:          997840 kB\nMemAvailable:    1260248 kB\nBuffers:           39716 kB\nCached:           330188 kB\nSwapCached:         1108 kB\nActive:           668896 kB\nInactive:         249840 kB\nActive(anon):     451832 kB\nInactive(anon):    97424 kB\nActive(file):     217064 kB\nInactive(file):   152416 kB\nUnevictable:           0 kB\nMlocked:               0 kB\nSwapTotal:       1048572 kB\nSwapFree:         973124 kB\nDirty:                92 kB\nWriteback:             0 kB\nAnonPages:        548100 kB\nMapped:           106792 kB\nShmem:               420 kB\nSlab:              90480 kB\nSReclaimable:      49460 kB\nSUnreclaim:        41020 kB\nKernelStack:       10864 kB\nPageTables:         5864 kB\nNFS_Unstable:          0 kB\nBounce:                0 kB\nWritebackTmp:          0 kB\nCommitLimit:     2072088 kB\nCommitted_AS:    1948792 kB\nVmallocTotal:   34359738367 kB\nVmallocUsed:           0 kB\nVmallocChunk:          0 kB\nAnonHugePages:         0 kB\nShmemHugePages:        0 kB\nShmemPmdMapped:        0 kB\nHugePages_Total:       0\nHugePages_Free:        0\nHugePages_Rsvd:        0\nHugePages_Surp:        0\nHugepagesize:       2048 kB\nDirectMap4k:      103852 kB\nDirectMap2M:     1992704 kB\n">>}]}]
[stats:warn,2019-07-04T11:57:03.661Z,ns_1@127.0.0.1:<0.475.0>:base_stats_collector:latest_tick:69](Collector: stats_collector) Dropped 59 ticks
[stats:debug,2019-07-04T11:57:03.664Z,ns_1@127.0.0.1:<0.475.0>:stats_collector:log_stats:111](at {{2019,7,4},{11,57,3}} (1562241423039)) Stats for bucket "app":
ep_dcp_2i_backoff             0
ep_dcp_2i_count               0
ep_dcp_2i_items_remaining     0
ep_dcp_2i_items_sent          0
ep_dcp_2i_producer_count      0
ep_dcp_2i_total_backlog_size  0
ep_dcp_2i_total_bytes         0
ep_dcp_cbas_backoff           0
ep_dcp_cbas_count             0
ep_dcp_cbas_items_remaining   0
ep_dcp_cbas_items_sent        0
ep_dcp_cbas_producer_count    0
ep_dcp_cbas_total_backlog_size 0
ep_dcp_cbas_total_bytes       0
ep_dcp_fts_backoff            0
ep_dcp_fts_count              0
ep_dcp_fts_items_remaining    0
ep_dcp_fts_items_sent         0
ep_dcp_fts_producer_count     0
ep_dcp_fts_total_backlog_size 0
ep_dcp_fts_total_bytes        0
ep_dcp_other_backoff          0
ep_dcp_other_count            0
ep_dcp_other_items_remaining  0
ep_dcp_other_items_sent       0
ep_dcp_other_producer_count   0
ep_dcp_other_total_backlog_size 0
ep_dcp_other_total_bytes      0
ep_dcp_replica_backoff        0
ep_dcp_replica_count          0
ep_dcp_replica_items_remaining 0
ep_dcp_replica_items_sent     0
ep_dcp_replica_producer_count 0
ep_dcp_replica_total_backlog_size 0
ep_dcp_replica_total_bytes    0
ep_dcp_views_backoff          0
ep_dcp_views_count            0
ep_dcp_views_items_remaining  0
ep_dcp_views_items_sent       0
ep_dcp_views_producer_count   0
ep_dcp_views_total_backlog_size 0
ep_dcp_views_total_bytes      0
ep_dcp_xdcr_backoff           0
ep_dcp_xdcr_count             0
ep_dcp_xdcr_items_remaining   0
ep_dcp_xdcr_items_sent        0
ep_dcp_xdcr_producer_count    0
ep_dcp_xdcr_total_backlog_size 0
ep_dcp_xdcr_total_bytes       0
accepting_conns               1
auth_cmds                     0
auth_errors                   0
bytes                         2618496
bytes_read                    8204
bytes_subdoc_lookup_extracted 0
bytes_subdoc_lookup_total     0
bytes_subdoc_mutation_inserted 0
bytes_subdoc_mutation_total   0
bytes_written                 657
cas_badval                    0
cas_hits                      0
cas_misses                    0
cmd_flush                     0
cmd_get                       0
cmd_lock                      0
cmd_lookup_10s_count          0
cmd_lookup_10s_duration_us    0
cmd_mutation_10s_count        0
cmd_mutation_10s_duration_us  0
cmd_set                       0
cmd_subdoc_lookup             0
cmd_subdoc_mutation           0
cmd_total_gets                0
cmd_total_ops                 0
cmd_total_sets                0
conn_yields                   0
connection_structures         6
curr_connections              10
curr_conns_on_port_11209      8
curr_conns_on_port_11210      2
curr_items                    0
curr_items_tot                0
curr_temp_items               0
daemon_connections            4
decr_hits                     0
decr_misses                   0
delete_hits                   0
delete_misses                 0
ep_access_scanner_enabled     true
ep_access_scanner_last_runtime 0
ep_access_scanner_num_items   0
ep_access_scanner_task_time   NOT_SCHEDULED
ep_active_ahead_exceptions    0
ep_active_behind_exceptions   0
ep_active_datatype_json       0
ep_active_datatype_json,xattr 0
ep_active_datatype_raw        0
ep_active_datatype_snappy     0
ep_active_datatype_snappy,json 0
ep_active_datatype_snappy,json,xattr 0
ep_active_datatype_snappy,xattr 0
ep_active_datatype_xattr      0
ep_active_hlc_drift           0
ep_active_hlc_drift_count     0
ep_alog_block_size            4096
ep_alog_max_stored_items      1024
ep_alog_path                  /opt/couchbase/var/lib/couchbase/data/app/access.log
ep_alog_resident_ratio_threshold 95
ep_alog_sleep_time            1440
ep_alog_task_time             2
ep_backend                    couchdb
ep_backfill_mem_threshold     96
ep_bfilter_enabled            true
ep_bfilter_fp_prob            0.01
ep_bfilter_key_count          10000
ep_bfilter_residency_threshold 0.1
ep_bg_fetch_avg_read_amplification 0
ep_bg_fetch_delay             0
ep_bg_fetched                 0
ep_bg_meta_fetched            0
ep_bg_remaining_items         0
ep_bg_remaining_jobs          0
ep_blob_num                   0
ep_blob_overhead              0
ep_bucket_priority            LOW
ep_bucket_type                persistent
ep_cache_size                 1042284544
ep_checkpoint_memory          0
ep_checkpoint_memory_overhead 0
ep_checkpoint_memory_unreferenced 0
ep_chk_max_items              10000
ep_chk_period                 5
ep_chk_persistence_remains    0
ep_chk_persistence_timeout    10
ep_chk_remover_stime          5
ep_clock_cas_drift_threshold_exceeded 0
ep_collections_max_size       1000
ep_collections_prototype_enabled false
ep_commit_num                 0
ep_commit_time                0
ep_commit_time_total          0
ep_compaction_exp_mem_threshold 85
ep_compaction_write_queue_cap 10000
ep_compression_mode           off
ep_config_file                
ep_conflict_resolution_type   seqno
ep_connection_manager_interval 1
ep_couch_bucket               app
ep_cursor_dropping_checkpoint_mem_lower_mark 30
ep_cursor_dropping_checkpoint_mem_upper_mark 50
ep_cursor_dropping_lower_mark 80
ep_cursor_dropping_lower_threshold 833827635
ep_cursor_dropping_upper_mark 95
ep_cursor_dropping_upper_threshold 990170316
ep_cursor_memory_freed        0
ep_cursors_dropped            0
ep_data_read_failed           0
ep_data_traffic_enabled       false
ep_data_write_failed          0
ep_db_data_size               0
ep_db_file_size               0
ep_dbname                     /opt/couchbase/var/lib/couchbase/data/app
ep_dcp_backfill_byte_limit    20972856
ep_dcp_conn_buffer_size       10485760
ep_dcp_conn_buffer_size_aggr_mem_threshold 10
ep_dcp_conn_buffer_size_aggressive_perc 5
ep_dcp_conn_buffer_size_max   52428800
ep_dcp_conn_buffer_size_perc  1
ep_dcp_consumer_process_buffered_messages_batch_size 10
ep_dcp_consumer_process_buffered_messages_yield_limit 10
ep_dcp_enable_noop            true
ep_dcp_ephemeral_backfill_type buffered
ep_dcp_flow_control_policy    aggressive
ep_dcp_idle_timeout           360
ep_dcp_max_unacked_bytes      524288
ep_dcp_min_compression_ratio  0.85
ep_dcp_noop_mandatory_for_v5_features true
ep_dcp_noop_tx_interval       1
ep_dcp_producer_snapshot_marker_yield_limit 10
ep_dcp_scan_byte_limit        4194304
ep_dcp_scan_item_limit        4096
ep_dcp_takeover_max_time      60
ep_defragmenter_age_threshold 10
ep_defragmenter_chunk_duration 20
ep_defragmenter_enabled       true
ep_defragmenter_interval      10
ep_defragmenter_num_moved     0
ep_defragmenter_num_visited   0
ep_degraded_mode              true
ep_diskqueue_drain            0
ep_diskqueue_fill             0
ep_diskqueue_items            0
ep_diskqueue_memory           0
ep_diskqueue_pending          0
ep_enable_chk_merge           false
ep_exp_pager_enabled          true
ep_exp_pager_initial_run_time -1
ep_exp_pager_stime            3600
ep_expired_access             0
ep_expired_compactor          0
ep_expired_pager              0
ep_expiry_pager_task_time     2019-07-04 12:57:03
ep_failpartialwarmup          false
ep_flush_all                  false
ep_flush_duration_total       0
ep_flusher_batch_split_trigger 1000000
ep_flusher_state              running
ep_flusher_todo               0
ep_fsync_after_every_n_bytes_written 16777216
ep_getl_default_timeout       15
ep_getl_max_timeout           30
ep_hlc_drift_ahead_threshold_us 5000000
ep_hlc_drift_behind_threshold_us 5000000
ep_ht_eviction_policy         hifi_mfu
ep_ht_locks                   47
ep_ht_resize_interval         1
ep_ht_size                    47
ep_initfile                   
ep_io_bg_fetch_read_count     0
ep_io_compaction_read_bytes   0
ep_io_compaction_write_bytes  0
ep_io_total_read_bytes        33931264
ep_io_total_write_bytes       0
ep_item_begin_failed          0
ep_item_commit_failed         0
ep_item_compressor_chunk_duration 20
ep_item_compressor_interval   250
ep_item_compressor_num_compressed 0
ep_item_compressor_num_visited 0
ep_item_eviction_age_percentage 30
ep_item_eviction_freq_counter_age_threshold 1
ep_item_eviction_policy       value_only
ep_item_flush_expired         0
ep_item_flush_failed          0
ep_item_freq_decayer_chunk_duration 20
ep_item_freq_decayer_percent  50
ep_item_num                   0
ep_item_num_based_new_chk     true
ep_items_rm_from_checkpoints  0
ep_keep_closed_chks           false
ep_kv_size                    0
ep_max_bg_remaining_jobs      0
ep_max_checkpoints            2
ep_max_failover_entries       25
ep_max_item_privileged_bytes  1048576
ep_max_item_size              20971520
ep_max_num_shards             4
ep_max_num_workers            3
ep_max_size                   1042284544
ep_max_threads                0
ep_max_ttl                    0
ep_max_vbuckets               1024
ep_mem_high_wat               885941862
ep_mem_high_wat_percent       0.85
ep_mem_low_wat                781713408
ep_mem_low_wat_percent        0.75
ep_mem_tracker_enabled        true
ep_mem_used_merge_threshold_percent 0.5
ep_meta_data_disk             0
ep_meta_data_memory           0
ep_min_compression_ratio      1.2
ep_mutation_mem_threshold     93
ep_num_access_scanner_runs    0
ep_num_access_scanner_skips   0
ep_num_auxio_threads          0
ep_num_eject_failures         0
ep_num_expiry_pager_runs      0
ep_num_freq_decayer_runs      0
ep_num_non_resident           0
ep_num_nonio_threads          0
ep_num_not_my_vbuckets        0
ep_num_ops_del_meta           0
ep_num_ops_del_meta_res_fail  0
ep_num_ops_del_ret_meta       0
ep_num_ops_get_meta           0
ep_num_ops_get_meta_on_set_meta 0
ep_num_ops_set_meta           0
ep_num_ops_set_meta_res_fail  0
ep_num_ops_set_ret_meta       0
ep_num_pager_runs             0
ep_num_reader_threads         0
ep_num_value_ejects           0
ep_num_workers                12
ep_num_writer_threads         0
ep_oom_errors                 0
ep_overhead                   664
ep_pager_active_vb_pcnt       40
ep_pager_sleep_time_ms        5000
ep_pending_compactions        0
ep_pending_ops                0
ep_pending_ops_max            0
ep_pending_ops_max_duration   0
ep_pending_ops_total          0
ep_persist_vbstate_total      0
ep_postInitfile               
ep_queue_size                 0
ep_replica_ahead_exceptions   0
ep_replica_behind_exceptions  0
ep_replica_datatype_json      0
ep_replica_datatype_json,xattr 0
ep_replica_datatype_raw       0
ep_replica_datatype_snappy    0
ep_replica_datatype_snappy,json 0
ep_replica_datatype_snappy,json,xattr 0
ep_replica_datatype_snappy,xattr 0
ep_replica_datatype_xattr     0
ep_replica_hlc_drift          0
ep_replica_hlc_drift_count    0
ep_replication_throttle_cap_pcnt 10
ep_replication_throttle_queue_cap -1
ep_replication_throttle_threshold 99
ep_rocksdb_bbt_options        block_size=16384,cache_index_and_filter_blocks=true,pin_l0_filter_and_index_blocks_in_cache=true,cache_index_and_filter_blocks_with_high_priority=true,index_type=kTwoLevelIndexSearch,partition_filters=true
ep_rocksdb_block_cache_high_pri_pool_ratio 0.9
ep_rocksdb_block_cache_ratio  0.1
ep_rocksdb_cf_options         
ep_rocksdb_default_cf_optimize_compaction none
ep_rocksdb_high_pri_background_threads 0
ep_rocksdb_low_pri_background_threads 0
ep_rocksdb_memtables_ratio    0.1
ep_rocksdb_options            bytes_per_sync=1048576,stats_dump_period_sec=600
ep_rocksdb_seqno_cf_optimize_compaction none
ep_rocksdb_stats_level        kExceptTimeForMutex
ep_rocksdb_uc_max_size_amplification_percent 200
ep_rocksdb_write_rate_limit   0
ep_rollback_count             0
ep_startup_time               1562241423
ep_storage_age                0
ep_storage_age_highwat        0
ep_storedval_num              0
ep_storedval_overhead         0
ep_storedval_size             0
ep_time_synchronization       disabled
ep_tmp_oom_errors             0
ep_total_cache_size           0
ep_total_del_items            0
ep_total_enqueued             0
ep_total_new_items            0
ep_total_persisted            0
ep_uncommitted_items          0
ep_uuid                       5b6ce58456b7220bfb025f341cb20648
ep_value_size                 0
ep_vb0                        false
ep_vb_backfill_queue_size     0
ep_vb_total                   0
ep_vbucket_del                0
ep_vbucket_del_fail           0
ep_waitforwarmup              false
ep_warmup                     true
ep_warmup_batch_size          10000
ep_warmup_dups                0
ep_warmup_min_items_threshold 100
ep_warmup_min_memory_threshold 100
ep_warmup_oom                 0
ep_warmup_thread              running
ep_workload_pattern           read_heavy
ep_xattr_enabled              true
get_hits                      0
get_misses                    0
incr_hits                     0
incr_misses                   0
iovused_high_watermark        1
libevent                      2.1.8-beta
listen_disabled_num           0
lock_errors                   0
max_conns_on_port_11209       5000
max_conns_on_port_11210       30000
mem_used                      2618496
mem_used_estimate             2618496
memcached_version             d0c17cc8a803812c2d2a304479cc3a0b200c9aba
msgused_high_watermark        1
pid                           247
pointer_size                  64
rbufs_allocated               0
rbufs_existing                0
rbufs_loaned                  3
rejected_conns                0
rollback_item_count           0
stat_reset                    Thu Jul  4 11:56:06 2019
threads                       4
time                          1562241423
total_connections             470
total_resp_errors             0
uptime                        57
vb_active_backfill_queue_size 0
vb_active_checkpoint_memory   0
vb_active_checkpoint_memory_overhead 0
vb_active_checkpoint_memory_unreferenced 0
vb_active_curr_items          0
vb_active_eject               0
vb_active_expired             0
vb_active_hp_vb_req_size      0
vb_active_ht_memory           0
vb_active_itm_memory          0
vb_active_itm_memory_uncompressed 0
vb_active_meta_data_disk      0
vb_active_meta_data_memory    0
vb_active_num                 0
vb_active_num_non_resident    0
vb_active_ops_create          0
vb_active_ops_delete          0
vb_active_ops_reject          0
vb_active_ops_update          0
vb_active_perc_mem_resident   100
vb_active_queue_age           0
vb_active_queue_drain         0
vb_active_queue_fill          0
vb_active_queue_memory        0
vb_active_queue_pending       0
vb_active_queue_size          0
vb_active_rollback_item_count 0
vb_dead_num                   0
vb_pending_backfill_queue_size 0
vb_pending_checkpoint_memory  0
vb_pending_checkpoint_memory_overhead 0
vb_pending_checkpoint_memory_unreferenced 0
vb_pending_curr_items         0
vb_pending_eject              0
vb_pending_expired            0
vb_pending_hp_vb_req_size     0
vb_pending_ht_memory          0
vb_pending_itm_memory         0
vb_pending_itm_memory_uncompressed 0
vb_pending_meta_data_disk     0
vb_pending_meta_data_memory   0
vb_pending_num                0
vb_pending_num_non_resident   0
vb_pending_ops_create         0
vb_pending_ops_delete         0
vb_pending_ops_reject         0
vb_pending_ops_update         0
vb_pending_perc_mem_resident  100
vb_pending_queue_age          0
vb_pending_queue_drain        0
vb_pending_queue_fill         0
vb_pending_queue_memory       0
vb_pending_queue_pending      0
vb_pending_queue_size         0
vb_pending_rollback_item_count 0
vb_replica_backfill_queue_size 0
vb_replica_checkpoint_memory  0
vb_replica_checkpoint_memory_overhead 0
vb_replica_checkpoint_memory_unreferenced 0
vb_replica_curr_items         0
vb_replica_eject              0
vb_replica_expired            0
vb_replica_hp_vb_req_size     0
vb_replica_ht_memory          0
vb_replica_itm_memory         0
vb_replica_itm_memory_uncompressed 0
vb_replica_meta_data_disk     0
vb_replica_meta_data_memory   0
vb_replica_num                0
vb_replica_num_non_resident   0
vb_replica_ops_create         0
vb_replica_ops_delete         0
vb_replica_ops_reject         0
vb_replica_ops_update         0
vb_replica_perc_mem_resident  100
vb_replica_queue_age          0
vb_replica_queue_drain        0
vb_replica_queue_fill         0
vb_replica_queue_memory       0
vb_replica_queue_pending      0
vb_replica_queue_size         0
vb_replica_rollback_item_count 0
version                       6.0.0-1693
wbufs_allocated               0
wbufs_existing                0
wbufs_loaned                  3

[ns_doctor:debug,2019-07-04T11:57:58.838Z,ns_1@127.0.0.1:ns_doctor<0.282.0>:ns_doctor:handle_info:186]Current node statuses:
[{'ns_1@127.0.0.1',
     [{last_heard,1562241478772780},
      {now,1562241478748224},
      {active_buckets,["app"]},
      {ready_buckets,["app"]},
      {status_latency,23807},
      {outgoing_replications_safeness_level,[{"app",green}]},
      {incoming_replications_conf_hashes,[{"app",[]}]},
      {{service_status,fts},[{connected,true},{needs_rebalance,false}]},
      {{service_status,index},[{connected,true},{needs_rebalance,true}]},
      {local_tasks,[]},
      {memory,
          [{total,161696560},
           {processes,43652704},
           {processes_used,43588984},
           {system,118043856},
           {atom,736153},
           {atom_used,714877},
           {binary,3294432},
           {code,16364621},
           {ets,6100528}]},
      {cpu_count,2},
      {system_memory_data,
          [{system_total_memory,2096164864},
           {free_swap,996478976},
           {total_swap,1073737728},
           {cached_memory,345337856},
           {buffered_memory,40763392},
           {free_memory,527695872},
           {total_memory,2096164864}]},
      {node_storage_conf,
          [{db_path,"/opt/couchbase/var/lib/couchbase/data"},
           {index_path,"/opt/couchbase/var/lib/couchbase/data"}]},
      {statistics,
          [{wall_clock,{128698,4987}},
           {context_switches,{203545,0}},
           {garbage_collection,{47838,384146204,0}},
           {io,{{input,17043744},{output,21234962}}},
           {reductions,{146624519,2372362}},
           {run_queue,0},
           {runtime,{15980,330}},
           {run_queues,{0,0}}]},
      {system_stats,
          [{cpu_utilization_rate,9.574468085106384},
           {swap_total,1073737728},
           {swap_used,77258752},
           {mem_total,2096164864},
           {mem_free,914042880}]},
      {interesting_stats,
          [{cmd_get,0.0},
           {couch_docs_actual_disk_size,11944668},
           {couch_docs_data_size,8435712},
           {couch_spatial_data_size,0},
           {couch_spatial_disk_size,0},
           {couch_views_actual_disk_size,0},
           {couch_views_data_size,0},
           {curr_items,0},
           {curr_items_tot,0},
           {ep_bg_fetched,0.0},
           {get_hits,0.0},
           {mem_used,12411032},
           {ops,0.0},
           {vb_active_num_non_resident,0},
           {vb_replica_curr_items,0}]},
      {per_bucket_interesting_stats,
          [{"app",
            [{cmd_get,0.0},
             {couch_docs_actual_disk_size,11944668},
             {couch_docs_data_size,8435712},
             {couch_spatial_data_size,0},
             {couch_spatial_disk_size,0},
             {couch_views_actual_disk_size,0},
             {couch_views_data_size,0},
             {curr_items,0},
             {curr_items_tot,0},
             {ep_bg_fetched,0.0},
             {get_hits,0.0},
             {mem_used,12411032},
             {ops,0.0},
             {vb_active_num_non_resident,0},
             {vb_replica_curr_items,0}]}]},
      {processes_stats,
          [{<<"sigar_port/mem_size">>,8826880},
           {<<"sigar_port/mem_resident">>,823296},
           {<<"sigar_port/major_faults_raw">>,0},
           {<<"sigar_port/cpu_utilization">>,0},
           {<<"saslauthd-port/mem_size">>,57278464},
           {<<"saslauthd-port/mem_resident">>,5914624},
           {<<"saslauthd-port/major_faults_raw">>,0},
           {<<"saslauthd-port/cpu_utilization">>,0},
           {<<"projector/mem_size">>,376381440},
           {<<"projector/mem_resident">>,126918656},
           {<<"projector/major_faults_raw">>,0},
           {<<"projector/cpu_utilization">>,6},
           {<<"ns_server/mem_size">>,1332625408},
           {<<"ns_server/mem_resident">>,147333120},
           {<<"ns_server/major_faults_raw">>,0},
           {<<"ns_server/cpu_utilization">>,6},
           {<<"memcached/mem_size">>,1709002752},
           {<<"memcached/mem_resident">>,293744640},
           {<<"memcached/major_faults_raw">>,5},
           {<<"memcached/cpu_utilization">>,4},
           {<<"indexer/mem_size">>,852627456},
           {<<"indexer/mem_resident">>,117374976},
           {<<"indexer/major_faults_raw">>,2},
           {<<"indexer/cpu_utilization">>,1},
           {<<"goxdcr/mem_size">>,274599936},
           {<<"goxdcr/mem_resident">>,11624448},
           {<<"goxdcr/major_faults_raw">>,0},
           {<<"goxdcr/cpu_utilization">>,0},
           {<<"goport/mem_size">>,31604736},
           {<<"goport/mem_resident">>,13246464},
           {<<"goport/major_faults_raw">>,0},
           {<<"goport/cpu_utilization">>,0},
           {<<"godu/mem_size">>,13103104},
           {<<"godu/mem_resident">>,7094272},
           {<<"godu/major_faults_raw">>,0},
           {<<"godu/cpu_utilization">>,0},
           {<<"couchdb/mem_size">>,1146904576},
           {<<"couchdb/mem_resident">>,103071744},
           {<<"couchdb/major_faults_raw">>,0},
           {<<"couchdb/cpu_utilization">>,0},
           {<<"cbq-engine/mem_size">>,207581184},
           {<<"cbq-engine/mem_resident">>,44228608},
           {<<"cbq-engine/major_faults_raw">>,4},
           {<<"cbq-engine/cpu_utilization">>,0},
           {<<"cbft/mem_size">>,158773248},
           {<<"cbft/mem_resident">>,18579456},
           {<<"cbft/major_faults_raw">>,0},
           {<<"cbft/cpu_utilization">>,0},
           {<<"babysitter/mem_size">>,1260552192},
           {<<"babysitter/mem_resident">>,81494016},
           {<<"babysitter/major_faults_raw">>,0},
           {<<"babysitter/cpu_utilization">>,0}]},
      {cluster_compatibility_version,393216},
      {version,
          [{lhttpc,"1.3.0"},
           {os_mon,"2.2.14"},
           {public_key,"0.21"},
           {asn1,"2.0.4"},
           {kernel,"2.16.4"},
           {ale,"6.0.0-1693-community"},
           {inets,"5.9.8"},
           {ns_server,"6.0.0-1693-community"},
           {crypto,"3.2"},
           {ssl,"5.3.3"},
           {sasl,"2.3.4"},
           {stdlib,"1.19.4"}]},
      {supported_compat_version,[6,0]},
      {advertised_version,[6,0,0]},
      {system_arch,"x86_64-unknown-linux-gnu"},
      {wall_clock,128},
      {memory_data,{2096164864,1563623424,{<0.157.0>,5091832}}},
      {disk_data,
          [{"/",61255492,64},
           {"/dev",65536,0},
           {"/sys/fs/cgroup",1023516,0},
           {"/etc/resolv.conf",61255492,64},
           {"/etc/hostname",61255492,64},
           {"/etc/hosts",61255492,64},
           {"/dev/shm",65536,0},
           {"/opt/couchbase/var",249854256,69},
           {"/proc/acpi",1023516,0},
           {"/proc/kcore",65536,0},
           {"/proc/keys",65536,0},
           {"/proc/timer_list",65536,0},
           {"/proc/sched_debug",65536,0},
           {"/sys/firmware",1023516,0}]},
      {meminfo,
          <<"MemTotal:        2047036 kB\nMemFree:          515328 kB\nMemAvailable:     785072 kB\nBuffers:           39808 kB\nCached:           337244 kB\nSwapCached:         1108 kB\nActive:          1141600 kB\nInactive:         256504 kB\nActive(anon):     923992 kB\nInactive(anon):    97424 kB\nActive(file):     217608 kB\nInactive(file):   159080 kB\nUnevictable:           0 kB\nMlocked:               0 kB\nSwapTotal:       1048572 kB\nSwapFree:         973124 kB\nDirty:               124 kB\nWriteback:             0 kB\nAnonPages:       1020228 kB\nMapped:           133980 kB\nShmem:               364 kB\nSlab:              91372 kB\nSReclaimable:      49716 kB\nSUnreclaim:        41656 kB\nKernelStack:       11600 kB\nPageTables:         6908 kB\nNFS_Unstable:          0 kB\nBounce:                0 kB\nWritebackTmp:          0 kB\nCommitLimit:     2072088 kB\nCommitted_AS:    2544736 kB\nVmallocTotal:   34359738367 kB\nVmallocUsed:           0 kB\nVmallocChunk:          0 kB\nAnonHugePages:         0 kB\nShmemHugePages:        0 kB\nShmemPmdMapped:        0 kB\nHugePages_Total:       0\nHugePages_Free:        0\nHugePages_Rsvd:        0\nHugePages_Surp:        0\nHugepagesize:       2048 kB\nDirectMap4k:      103852 kB\nDirectMap2M:     1992704 kB\n">>}]}]
